2024-03-24 21:58:37.774 [info] Log level: Info
2024-03-24 21:58:37.774 [info] Validating found git in: "git"
2024-03-24 21:58:37.774 [info] Using git "2.43.2" from "git"
2024-03-24 21:58:37.774 [info] > git rev-parse --show-toplevel [136ms]
2024-03-24 21:58:37.774 [info] > git rev-parse --git-dir --git-common-dir [69ms]
2024-03-24 21:58:37.774 [info] Open repository: /root
2024-03-24 21:58:37.774 [info] > git show --textconv HEAD:codechallenge/speed.js [46ms]
2024-03-24 21:58:37.774 [info] > git ls-tree -l HEAD -- /root/codechallenge/speed.js [29ms]
2024-03-24 21:58:37.778 [info] > git config --get commit.template [16ms]
2024-03-24 21:58:37.809 [info] > git for-each-ref --format=%(refname)%00%(upstream:short)%00%(objectname)%00%(upstream:track)%00%(upstream:remotename)%00%(upstream:remoteref) refs/heads/master refs/remotes/master [13ms]
2024-03-24 21:58:37.874 [info] > git ls-tree -l HEAD -- /root/codechallenge/speed.js [9ms]
2024-03-24 21:58:38.277 [info] > git status -z -uall [426ms]
2024-03-24 21:58:38.348 [info] > git check-ignore -v -z --stdin [21ms]
2024-03-24 21:58:38.367 [info] > git config --get commit.template [20ms]
2024-03-24 21:58:38.369 [info] > git for-each-ref --format=%(refname)%00%(upstream:short)%00%(objectname)%00%(upstream:track)%00%(upstream:remotename)%00%(upstream:remoteref) refs/heads/master refs/remotes/master [4ms]
2024-03-24 21:58:38.624 [info] > git status -z -uall [246ms]
2024-03-24 21:58:45.455 [info] > git config --get commit.template [25ms]
2024-03-24 21:58:45.457 [info] > git for-each-ref --format=%(refname)%00%(upstream:short)%00%(objectname)%00%(upstream:track)%00%(upstream:remotename)%00%(upstream:remoteref) refs/heads/master refs/remotes/master [6ms]
2024-03-24 21:58:45.919 [info] > git status -z -uall [445ms]
2024-03-24 21:58:49.320 [info] > git for-each-ref --format=%(refname)%00%(upstream:short)%00%(objectname)%00%(upstream:track)%00%(upstream:remotename)%00%(upstream:remoteref) refs/heads/master [8ms]
2024-03-24 21:58:49.346 [info] > git for-each-ref --format=%(refname)%00%(upstream:short)%00%(objectname)%00%(upstream:track)%00%(upstream:remotename)%00%(upstream:remoteref) refs/heads/master [5ms]
2024-03-24 21:58:49.374 [info] > git config --local branch.master.vscode-merge-base [5ms]
2024-03-24 21:58:49.376 [warning] git config failed: Failed to execute git
2024-03-24 21:58:49.408 [info] > git reflog refs/heads/master --grep-reflog=branch: Created from *. [13ms]
2024-03-24 21:58:49.432 [info] > git symbolic-ref --short refs/remotes/origin/HEAD [4ms]
2024-03-24 21:58:49.432 [info] fatal: ref refs/remotes/origin/HEAD is not a symbolic ref
2024-03-24 21:58:49.432 [info] GitHistoryProvider:resolveHistoryItemGroupBase - Failed to resolve history item group base for 'refs/heads/master'
2024-03-24 21:58:49.432 [info] GitHistoryProvider:resolveHistoryItemGroupCommonAncestor - Failed to resolve history item group base for 'refs/heads/master'
2024-03-24 21:58:50.162 [info] > git for-each-ref --format=%(refname)%00%(upstream:short)%00%(objectname)%00%(upstream:track)%00%(upstream:remotename)%00%(upstream:remoteref) refs/heads/master [84ms]
2024-03-24 21:58:50.195 [info] > git for-each-ref --format=%(refname)%00%(upstream:short)%00%(objectname)%00%(upstream:track)%00%(upstream:remotename)%00%(upstream:remoteref) refs/heads/master [6ms]
2024-03-24 21:58:50.228 [info] > git config --local branch.master.vscode-merge-base [5ms]
2024-03-24 21:58:50.228 [warning] git config failed: Failed to execute git
2024-03-24 21:58:50.259 [info] > git reflog refs/heads/master --grep-reflog=branch: Created from *. [9ms]
2024-03-24 21:58:50.286 [info] > git symbolic-ref --short refs/remotes/origin/HEAD [7ms]
2024-03-24 21:58:50.286 [info] fatal: ref refs/remotes/origin/HEAD is not a symbolic ref
2024-03-24 21:58:50.287 [info] GitHistoryProvider:resolveHistoryItemGroupBase - Failed to resolve history item group base for 'refs/heads/master'
2024-03-24 21:58:50.287 [info] GitHistoryProvider:resolveHistoryItemGroupCommonAncestor - Failed to resolve history item group base for 'refs/heads/master'
2024-03-24 21:58:50.682 [info] > git check-ignore -v -z --stdin [57ms]
2024-03-24 21:58:50.980 [info] > git config --get commit.template [24ms]
2024-03-24 21:58:50.981 [info] > git for-each-ref --format=%(refname)%00%(upstream:short)%00%(objectname)%00%(upstream:track)%00%(upstream:remotename)%00%(upstream:remoteref) refs/heads/master refs/remotes/master [4ms]
2024-03-24 21:58:51.501 [info] > git status -z -uall [501ms]
2024-03-24 21:58:51.890 [info] > git for-each-ref --format=%(refname)%00%(upstream:short)%00%(objectname)%00%(upstream:track)%00%(upstream:remotename)%00%(upstream:remoteref) refs/heads/master [6ms]
2024-03-24 21:58:51.916 [info] > git for-each-ref --format=%(refname)%00%(upstream:short)%00%(objectname)%00%(upstream:track)%00%(upstream:remotename)%00%(upstream:remoteref) refs/heads/master [4ms]
2024-03-24 21:58:51.943 [info] > git config --local branch.master.vscode-merge-base [5ms]
2024-03-24 21:58:51.944 [warning] git config failed: Failed to execute git
2024-03-24 21:58:51.972 [info] > git reflog refs/heads/master --grep-reflog=branch: Created from *. [8ms]
2024-03-24 21:58:51.994 [info] > git symbolic-ref --short refs/remotes/origin/HEAD [5ms]
2024-03-24 21:58:51.994 [info] fatal: ref refs/remotes/origin/HEAD is not a symbolic ref
2024-03-24 21:58:51.994 [info] GitHistoryProvider:resolveHistoryItemGroupBase - Failed to resolve history item group base for 'refs/heads/master'
2024-03-24 21:58:51.994 [info] GitHistoryProvider:resolveHistoryItemGroupCommonAncestor - Failed to resolve history item group base for 'refs/heads/master'
2024-03-24 21:58:52.146 [info] > git for-each-ref --format=%(refname)%00%(upstream:short)%00%(objectname)%00%(upstream:track)%00%(upstream:remotename)%00%(upstream:remoteref) refs/heads/master [3ms]
2024-03-24 21:58:52.160 [info] > git for-each-ref --format=%(refname)%00%(upstream:short)%00%(objectname)%00%(upstream:track)%00%(upstream:remotename)%00%(upstream:remoteref) refs/heads/master [2ms]
2024-03-24 21:58:52.177 [info] > git config --local branch.master.vscode-merge-base [3ms]
2024-03-24 21:58:52.177 [warning] git config failed: Failed to execute git
2024-03-24 21:58:52.194 [info] > git reflog refs/heads/master --grep-reflog=branch: Created from *. [4ms]
2024-03-24 21:58:52.208 [info] > git symbolic-ref --short refs/remotes/origin/HEAD [4ms]
2024-03-24 21:58:52.209 [info] fatal: ref refs/remotes/origin/HEAD is not a symbolic ref
2024-03-24 21:58:52.209 [info] GitHistoryProvider:resolveHistoryItemGroupBase - Failed to resolve history item group base for 'refs/heads/master'
2024-03-24 21:58:52.209 [info] GitHistoryProvider:resolveHistoryItemGroupCommonAncestor - Failed to resolve history item group base for 'refs/heads/master'
2024-03-24 21:58:53.526 [info] > git check-ignore -v -z --stdin [31ms]
2024-03-24 21:58:56.562 [info] > git config --get commit.template [24ms]
2024-03-24 21:58:56.563 [info] > git for-each-ref --format=%(refname)%00%(upstream:short)%00%(objectname)%00%(upstream:track)%00%(upstream:remotename)%00%(upstream:remoteref) refs/heads/master refs/remotes/master [4ms]
2024-03-24 21:58:57.050 [info] > git status -z -uall [469ms]
2024-03-24 21:58:57.328 [info] > git for-each-ref --format=%(refname)%00%(upstream:short)%00%(objectname)%00%(upstream:track)%00%(upstream:remotename)%00%(upstream:remoteref) refs/heads/master [8ms]
2024-03-24 21:58:57.363 [info] > git for-each-ref --format=%(refname)%00%(upstream:short)%00%(objectname)%00%(upstream:track)%00%(upstream:remotename)%00%(upstream:remoteref) refs/heads/master [5ms]
2024-03-24 21:58:57.387 [info] > git config --local branch.master.vscode-merge-base [4ms]
2024-03-24 21:58:57.387 [warning] git config failed: Failed to execute git
2024-03-24 21:58:57.416 [info] > git reflog refs/heads/master --grep-reflog=branch: Created from *. [8ms]
2024-03-24 21:58:57.441 [info] > git symbolic-ref --short refs/remotes/origin/HEAD [6ms]
2024-03-24 21:58:57.442 [info] fatal: ref refs/remotes/origin/HEAD is not a symbolic ref
2024-03-24 21:58:57.442 [info] GitHistoryProvider:resolveHistoryItemGroupBase - Failed to resolve history item group base for 'refs/heads/master'
2024-03-24 21:58:57.442 [info] GitHistoryProvider:resolveHistoryItemGroupCommonAncestor - Failed to resolve history item group base for 'refs/heads/master'
2024-03-24 21:58:57.636 [info] > git for-each-ref --format=%(refname)%00%(upstream:short)%00%(objectname)%00%(upstream:track)%00%(upstream:remotename)%00%(upstream:remoteref) refs/heads/master [5ms]
2024-03-24 21:58:57.668 [info] > git for-each-ref --format=%(refname)%00%(upstream:short)%00%(objectname)%00%(upstream:track)%00%(upstream:remotename)%00%(upstream:remoteref) refs/heads/master [8ms]
2024-03-24 21:58:57.699 [info] > git config --local branch.master.vscode-merge-base [4ms]
2024-03-24 21:58:57.699 [warning] git config failed: Failed to execute git
2024-03-24 21:58:57.731 [info] > git reflog refs/heads/master --grep-reflog=branch: Created from *. [7ms]
2024-03-24 21:58:57.756 [info] > git symbolic-ref --short refs/remotes/origin/HEAD [4ms]
2024-03-24 21:58:57.756 [info] fatal: ref refs/remotes/origin/HEAD is not a symbolic ref
2024-03-24 21:58:57.757 [info] GitHistoryProvider:resolveHistoryItemGroupBase - Failed to resolve history item group base for 'refs/heads/master'
2024-03-24 21:58:57.757 [info] GitHistoryProvider:resolveHistoryItemGroupCommonAncestor - Failed to resolve history item group base for 'refs/heads/master'
2024-03-24 21:59:02.116 [info] > git config --get commit.template [27ms]
2024-03-24 21:59:02.121 [info] > git for-each-ref --format=%(refname)%00%(upstream:short)%00%(objectname)%00%(upstream:track)%00%(upstream:remotename)%00%(upstream:remoteref) refs/heads/master refs/remotes/master [6ms]
2024-03-24 21:59:02.667 [info] > git status -z -uall [527ms]
2024-03-24 21:59:02.969 [info] > git for-each-ref --format=%(refname)%00%(upstream:short)%00%(objectname)%00%(upstream:track)%00%(upstream:remotename)%00%(upstream:remoteref) refs/heads/master [5ms]
2024-03-24 21:59:02.995 [info] > git for-each-ref --format=%(refname)%00%(upstream:short)%00%(objectname)%00%(upstream:track)%00%(upstream:remotename)%00%(upstream:remoteref) refs/heads/master [4ms]
2024-03-24 21:59:03.031 [info] > git config --local branch.master.vscode-merge-base [16ms]
2024-03-24 21:59:03.032 [warning] git config failed: Failed to execute git
2024-03-24 21:59:03.060 [info] > git reflog refs/heads/master --grep-reflog=branch: Created from *. [7ms]
2024-03-24 21:59:03.082 [info] > git symbolic-ref --short refs/remotes/origin/HEAD [3ms]
2024-03-24 21:59:03.082 [info] fatal: ref refs/remotes/origin/HEAD is not a symbolic ref
2024-03-24 21:59:03.083 [info] GitHistoryProvider:resolveHistoryItemGroupBase - Failed to resolve history item group base for 'refs/heads/master'
2024-03-24 21:59:03.083 [info] GitHistoryProvider:resolveHistoryItemGroupCommonAncestor - Failed to resolve history item group base for 'refs/heads/master'
2024-03-24 21:59:03.253 [info] > git for-each-ref --format=%(refname)%00%(upstream:short)%00%(objectname)%00%(upstream:track)%00%(upstream:remotename)%00%(upstream:remoteref) refs/heads/master [8ms]
2024-03-24 21:59:03.299 [info] > git for-each-ref --format=%(refname)%00%(upstream:short)%00%(objectname)%00%(upstream:track)%00%(upstream:remotename)%00%(upstream:remoteref) refs/heads/master [7ms]
2024-03-24 21:59:03.330 [info] > git config --local branch.master.vscode-merge-base [5ms]
2024-03-24 21:59:03.330 [warning] git config failed: Failed to execute git
2024-03-24 21:59:03.357 [info] > git reflog refs/heads/master --grep-reflog=branch: Created from *. [6ms]
2024-03-24 21:59:03.375 [info] > git symbolic-ref --short refs/remotes/origin/HEAD [3ms]
2024-03-24 21:59:03.375 [info] fatal: ref refs/remotes/origin/HEAD is not a symbolic ref
2024-03-24 21:59:03.375 [info] GitHistoryProvider:resolveHistoryItemGroupBase - Failed to resolve history item group base for 'refs/heads/master'
2024-03-24 21:59:03.375 [info] GitHistoryProvider:resolveHistoryItemGroupCommonAncestor - Failed to resolve history item group base for 'refs/heads/master'
2024-03-24 21:59:07.734 [info] > git config --get commit.template [23ms]
2024-03-24 21:59:07.736 [info] > git for-each-ref --format=%(refname)%00%(upstream:short)%00%(objectname)%00%(upstream:track)%00%(upstream:remotename)%00%(upstream:remoteref) refs/heads/master refs/remotes/master [6ms]
2024-03-24 21:59:08.219 [info] > git status -z -uall [455ms]
2024-03-24 21:59:08.484 [info] > git for-each-ref --format=%(refname)%00%(upstream:short)%00%(objectname)%00%(upstream:track)%00%(upstream:remotename)%00%(upstream:remoteref) refs/heads/master [6ms]
2024-03-24 21:59:08.511 [info] > git for-each-ref --format=%(refname)%00%(upstream:short)%00%(objectname)%00%(upstream:track)%00%(upstream:remotename)%00%(upstream:remoteref) refs/heads/master [7ms]
2024-03-24 21:59:08.538 [info] > git config --local branch.master.vscode-merge-base [5ms]
2024-03-24 21:59:08.539 [warning] git config failed: Failed to execute git
2024-03-24 21:59:08.567 [info] > git reflog refs/heads/master --grep-reflog=branch: Created from *. [8ms]
2024-03-24 21:59:08.590 [info] > git symbolic-ref --short refs/remotes/origin/HEAD [3ms]
2024-03-24 21:59:08.590 [info] fatal: ref refs/remotes/origin/HEAD is not a symbolic ref
2024-03-24 21:59:08.590 [info] GitHistoryProvider:resolveHistoryItemGroupBase - Failed to resolve history item group base for 'refs/heads/master'
2024-03-24 21:59:08.590 [info] GitHistoryProvider:resolveHistoryItemGroupCommonAncestor - Failed to resolve history item group base for 'refs/heads/master'
2024-03-24 21:59:08.770 [info] > git for-each-ref --format=%(refname)%00%(upstream:short)%00%(objectname)%00%(upstream:track)%00%(upstream:remotename)%00%(upstream:remoteref) refs/heads/master [5ms]
2024-03-24 21:59:08.790 [info] > git for-each-ref --format=%(refname)%00%(upstream:short)%00%(objectname)%00%(upstream:track)%00%(upstream:remotename)%00%(upstream:remoteref) refs/heads/master [8ms]
2024-03-24 21:59:08.806 [info] > git config --local branch.master.vscode-merge-base [3ms]
2024-03-24 21:59:08.807 [warning] git config failed: Failed to execute git
2024-03-24 21:59:08.830 [info] > git reflog refs/heads/master --grep-reflog=branch: Created from *. [3ms]
2024-03-24 21:59:08.842 [info] > git symbolic-ref --short refs/remotes/origin/HEAD [2ms]
2024-03-24 21:59:08.842 [info] fatal: ref refs/remotes/origin/HEAD is not a symbolic ref
2024-03-24 21:59:08.843 [info] GitHistoryProvider:resolveHistoryItemGroupBase - Failed to resolve history item group base for 'refs/heads/master'
2024-03-24 21:59:08.843 [info] GitHistoryProvider:resolveHistoryItemGroupCommonAncestor - Failed to resolve history item group base for 'refs/heads/master'
2024-03-24 21:59:13.257 [info] > git config --get commit.template [3ms]
2024-03-24 21:59:13.290 [info] > git for-each-ref --format=%(refname)%00%(upstream:short)%00%(objectname)%00%(upstream:track)%00%(upstream:remotename)%00%(upstream:remoteref) refs/heads/master refs/remotes/master [7ms]
2024-03-24 21:59:13.795 [info] > git status -z -uall [484ms]
2024-03-24 21:59:14.076 [info] > git for-each-ref --format=%(refname)%00%(upstream:short)%00%(objectname)%00%(upstream:track)%00%(upstream:remotename)%00%(upstream:remoteref) refs/heads/master [7ms]
2024-03-24 21:59:14.110 [info] > git for-each-ref --format=%(refname)%00%(upstream:short)%00%(objectname)%00%(upstream:track)%00%(upstream:remotename)%00%(upstream:remoteref) refs/heads/master [10ms]
2024-03-24 21:59:14.156 [info] > git config --local branch.master.vscode-merge-base [6ms]
2024-03-24 21:59:14.157 [warning] git config failed: Failed to execute git
2024-03-24 21:59:14.215 [info] > git reflog refs/heads/master --grep-reflog=branch: Created from *. [13ms]
2024-03-24 21:59:14.235 [info] > git symbolic-ref --short refs/remotes/origin/HEAD [5ms]
2024-03-24 21:59:14.235 [info] fatal: ref refs/remotes/origin/HEAD is not a symbolic ref
2024-03-24 21:59:14.235 [info] GitHistoryProvider:resolveHistoryItemGroupBase - Failed to resolve history item group base for 'refs/heads/master'
2024-03-24 21:59:14.235 [info] GitHistoryProvider:resolveHistoryItemGroupCommonAncestor - Failed to resolve history item group base for 'refs/heads/master'
2024-03-24 21:59:14.314 [info] > git for-each-ref --format=%(refname)%00%(upstream:short)%00%(objectname)%00%(upstream:track)%00%(upstream:remotename)%00%(upstream:remoteref) refs/heads/master [3ms]
2024-03-24 21:59:14.330 [info] > git for-each-ref --format=%(refname)%00%(upstream:short)%00%(objectname)%00%(upstream:track)%00%(upstream:remotename)%00%(upstream:remoteref) refs/heads/master [3ms]
2024-03-24 21:59:14.346 [info] > git config --local branch.master.vscode-merge-base [2ms]
2024-03-24 21:59:14.346 [warning] git config failed: Failed to execute git
2024-03-24 21:59:14.360 [info] > git reflog refs/heads/master --grep-reflog=branch: Created from *. [3ms]
2024-03-24 21:59:14.373 [info] > git symbolic-ref --short refs/remotes/origin/HEAD [2ms]
2024-03-24 21:59:14.373 [info] fatal: ref refs/remotes/origin/HEAD is not a symbolic ref
2024-03-24 21:59:14.374 [info] GitHistoryProvider:resolveHistoryItemGroupBase - Failed to resolve history item group base for 'refs/heads/master'
2024-03-24 21:59:14.374 [info] GitHistoryProvider:resolveHistoryItemGroupCommonAncestor - Failed to resolve history item group base for 'refs/heads/master'
2024-03-24 21:59:58.558 [info] > git ls-files --stage -- /root/codechallenge/speed.js [40ms]
2024-03-24 21:59:58.572 [info] > git config --get commit.template [16ms]
2024-03-24 21:59:58.586 [info] > git cat-file -s ab435e7117e8dc8a63f2bca13dbb783e9f2e5e63 [17ms]
2024-03-24 21:59:58.588 [info] > git for-each-ref --format=%(refname)%00%(upstream:short)%00%(objectname)%00%(upstream:track)%00%(upstream:remotename)%00%(upstream:remoteref) refs/heads/master refs/remotes/master [4ms]
2024-03-24 21:59:58.629 [info] > git show --textconv :codechallenge/speed.js [9ms]
2024-03-24 21:59:58.879 [info] > git status -z -uall [280ms]
2024-03-24 21:59:59.152 [info] > git for-each-ref --format=%(refname)%00%(upstream:short)%00%(objectname)%00%(upstream:track)%00%(upstream:remotename)%00%(upstream:remoteref) refs/heads/master [6ms]
2024-03-24 21:59:59.182 [info] > git for-each-ref --format=%(refname)%00%(upstream:short)%00%(objectname)%00%(upstream:track)%00%(upstream:remotename)%00%(upstream:remoteref) refs/heads/master [8ms]
2024-03-24 21:59:59.204 [info] > git config --local branch.master.vscode-merge-base [4ms]
2024-03-24 21:59:59.205 [warning] git config failed: Failed to execute git
2024-03-24 21:59:59.232 [info] > git reflog refs/heads/master --grep-reflog=branch: Created from *. [9ms]
2024-03-24 21:59:59.265 [info] > git symbolic-ref --short refs/remotes/origin/HEAD [6ms]
2024-03-24 21:59:59.266 [info] fatal: ref refs/remotes/origin/HEAD is not a symbolic ref
2024-03-24 21:59:59.266 [info] GitHistoryProvider:resolveHistoryItemGroupBase - Failed to resolve history item group base for 'refs/heads/master'
2024-03-24 21:59:59.266 [info] GitHistoryProvider:resolveHistoryItemGroupCommonAncestor - Failed to resolve history item group base for 'refs/heads/master'
2024-03-24 21:59:59.521 [info] > git for-each-ref --format=%(refname)%00%(upstream:short)%00%(objectname)%00%(upstream:track)%00%(upstream:remotename)%00%(upstream:remoteref) refs/heads/master [7ms]
2024-03-24 21:59:59.557 [info] > git for-each-ref --format=%(refname)%00%(upstream:short)%00%(objectname)%00%(upstream:track)%00%(upstream:remotename)%00%(upstream:remoteref) refs/heads/master [7ms]
2024-03-24 21:59:59.587 [info] > git config --local branch.master.vscode-merge-base [5ms]
2024-03-24 21:59:59.588 [warning] git config failed: Failed to execute git
2024-03-24 21:59:59.623 [info] > git reflog refs/heads/master --grep-reflog=branch: Created from *. [10ms]
2024-03-24 21:59:59.647 [info] > git symbolic-ref --short refs/remotes/origin/HEAD [5ms]
2024-03-24 21:59:59.648 [info] fatal: ref refs/remotes/origin/HEAD is not a symbolic ref
2024-03-24 21:59:59.648 [info] GitHistoryProvider:resolveHistoryItemGroupBase - Failed to resolve history item group base for 'refs/heads/master'
2024-03-24 21:59:59.648 [info] GitHistoryProvider:resolveHistoryItemGroupCommonAncestor - Failed to resolve history item group base for 'refs/heads/master'
2024-03-24 22:00:01.030 [info] > git for-each-ref --format=%(refname)%00%(upstream:short)%00%(objectname)%00%(upstream:track)%00%(upstream:remotename)%00%(upstream:remoteref) refs/heads/master [6ms]
2024-03-24 22:00:01.054 [info] > git for-each-ref --format=%(refname)%00%(upstream:short)%00%(objectname)%00%(upstream:track)%00%(upstream:remotename)%00%(upstream:remoteref) refs/heads/master [4ms]
2024-03-24 22:00:01.077 [info] > git config --local branch.master.vscode-merge-base [3ms]
2024-03-24 22:00:01.078 [warning] git config failed: Failed to execute git
2024-03-24 22:00:01.105 [info] > git reflog refs/heads/master --grep-reflog=branch: Created from *. [6ms]
2024-03-24 22:00:01.126 [info] > git symbolic-ref --short refs/remotes/origin/HEAD [4ms]
2024-03-24 22:00:01.126 [info] fatal: ref refs/remotes/origin/HEAD is not a symbolic ref
2024-03-24 22:00:01.127 [info] GitHistoryProvider:resolveHistoryItemGroupBase - Failed to resolve history item group base for 'refs/heads/master'
2024-03-24 22:00:01.127 [info] GitHistoryProvider:resolveHistoryItemGroupCommonAncestor - Failed to resolve history item group base for 'refs/heads/master'
2024-03-24 22:00:03.946 [info] > git config --get commit.template [23ms]
2024-03-24 22:00:03.948 [info] > git for-each-ref --format=%(refname)%00%(upstream:short)%00%(objectname)%00%(upstream:track)%00%(upstream:remotename)%00%(upstream:remoteref) refs/heads/master refs/remotes/master [4ms]
2024-03-24 22:00:04.480 [info] > git status -z -uall [514ms]
2024-03-24 22:00:09.555 [info] > git config --get commit.template [22ms]
2024-03-24 22:00:09.557 [info] > git for-each-ref --format=%(refname)%00%(upstream:short)%00%(objectname)%00%(upstream:track)%00%(upstream:remotename)%00%(upstream:remoteref) refs/heads/master refs/remotes/master [5ms]
2024-03-24 22:00:10.000 [info] > git status -z -uall [423ms]
2024-03-24 22:00:15.043 [info] > git config --get commit.template [9ms]
2024-03-24 22:00:15.069 [info] > git for-each-ref --format=%(refname)%00%(upstream:short)%00%(objectname)%00%(upstream:track)%00%(upstream:remotename)%00%(upstream:remoteref) refs/heads/master refs/remotes/master [5ms]
2024-03-24 22:00:15.590 [info] > git status -z -uall [501ms]
2024-03-24 22:00:20.662 [info] > git config --get commit.template [33ms]
2024-03-24 22:00:20.665 [info] > git for-each-ref --format=%(refname)%00%(upstream:short)%00%(objectname)%00%(upstream:track)%00%(upstream:remotename)%00%(upstream:remoteref) refs/heads/master refs/remotes/master [9ms]
2024-03-24 22:00:20.917 [info] > git status -z -uall [229ms]
2024-03-24 22:00:25.968 [info] > git config --get commit.template [22ms]
2024-03-24 22:00:25.970 [info] > git for-each-ref --format=%(refname)%00%(upstream:short)%00%(objectname)%00%(upstream:track)%00%(upstream:remotename)%00%(upstream:remoteref) refs/heads/master refs/remotes/master [4ms]
2024-03-24 22:00:26.382 [info] > git status -z -uall [395ms]
2024-03-24 22:00:31.432 [info] > git config --get commit.template [21ms]
2024-03-24 22:00:31.434 [info] > git for-each-ref --format=%(refname)%00%(upstream:short)%00%(objectname)%00%(upstream:track)%00%(upstream:remotename)%00%(upstream:remoteref) refs/heads/master refs/remotes/master [4ms]
2024-03-24 22:00:31.884 [info] > git status -z -uall [432ms]
2024-03-24 22:00:38.662 [info] > git ls-files --stage -- /root/codechallenge/speed.js [54ms]
2024-03-24 22:00:38.680 [info] > git config --get commit.template [27ms]
2024-03-24 22:00:38.695 [info] > git cat-file -s ab435e7117e8dc8a63f2bca13dbb783e9f2e5e63 [18ms]
2024-03-24 22:00:38.698 [info] > git for-each-ref --format=%(refname)%00%(upstream:short)%00%(objectname)%00%(upstream:track)%00%(upstream:remotename)%00%(upstream:remoteref) refs/heads/master refs/remotes/master [6ms]
2024-03-24 22:00:38.913 [info] > git status -z -uall [204ms]
