2024-03-19 11:44:06.210 [info] Extension host with pid 9001 started
2024-03-19 11:44:06.242 [info] ExtensionService#_doActivateExtension vscode.git-base, startup: true, activationEvent: '*', root cause: vscode.git
2024-03-19 11:44:06.248 [info] Lock '/root/.vscode-server/data/User/workspaceStorage/47e4865fd156744e3540a30ef78f1af4/vscode.lock': Lock acquired.
2024-03-19 11:44:06.305 [info] ExtensionService#_doActivateExtension vscode.git, startup: true, activationEvent: '*'
2024-03-19 11:44:06.305 [info] ExtensionService#_doActivateExtension vscode.github, startup: true, activationEvent: '*'
2024-03-19 11:44:06.578 [info] Eager extensions activated
2024-03-19 11:44:06.578 [info] ExtensionService#_doActivateExtension vscode.debug-auto-launch, startup: false, activationEvent: 'onStartupFinished'
2024-03-19 11:44:06.578 [info] ExtensionService#_doActivateExtension vscode.merge-conflict, startup: false, activationEvent: 'onStartupFinished'
2024-03-19 11:44:06.579 [info] ExtensionService#_doActivateExtension ritwickdey.LiveServer, startup: false, activationEvent: 'onStartupFinished'
2024-03-19 11:44:12.907 [warning] [Decorations] CAPPING events from decorations provider vscode.git 6454
2024-03-19 11:44:13.865 [warning] [Decorations] CAPPING events from decorations provider vscode.git 6454
2024-03-19 11:44:18.956 [warning] [Decorations] CAPPING events from decorations provider vscode.git 6454
2024-03-19 11:44:24.248 [warning] [Decorations] CAPPING events from decorations provider vscode.git 6447
2024-03-19 11:44:29.473 [warning] [Decorations] CAPPING events from decorations provider vscode.git 6447
2024-03-19 11:44:34.737 [warning] [Decorations] CAPPING events from decorations provider vscode.git 6447
2024-03-19 11:44:40.004 [warning] [Decorations] CAPPING events from decorations provider vscode.git 6447
2024-03-19 11:44:45.314 [warning] [Decorations] CAPPING events from decorations provider vscode.git 6447
2024-03-19 11:44:49.573 [info] ExtensionService#_doActivateExtension vscode.html-language-features, startup: false, activationEvent: 'onLanguage:html'
2024-03-19 11:44:49.574 [info] ExtensionService#_doActivateExtension vscode.emmet, startup: false, activationEvent: 'onLanguage'
2024-03-19 11:44:52.155 [warning] [Decorations] CAPPING events from decorations provider vscode.git 6448
2024-03-19 11:45:03.318 [warning] [Decorations] CAPPING events from decorations provider vscode.git 6449
2024-03-19 11:45:08.555 [warning] [Decorations] CAPPING events from decorations provider vscode.git 6449
2024-03-19 11:45:15.409 [warning] [Decorations] CAPPING events from decorations provider vscode.git 6449
2024-03-19 11:45:20.703 [warning] [Decorations] CAPPING events from decorations provider vscode.git 6449
2024-03-19 11:45:25.992 [warning] [Decorations] CAPPING events from decorations provider vscode.git 6449
2024-03-19 11:45:31.239 [warning] [Decorations] CAPPING events from decorations provider vscode.git 6449
2024-03-19 11:45:36.494 [warning] [Decorations] CAPPING events from decorations provider vscode.git 6449
2024-03-19 11:45:41.726 [warning] [Decorations] CAPPING events from decorations provider vscode.git 6449
2024-03-19 11:45:46.944 [warning] [Decorations] CAPPING events from decorations provider vscode.git 6449
2024-03-19 11:45:52.237 [warning] [Decorations] CAPPING events from decorations provider vscode.git 6449
2024-03-19 11:45:56.292 [info] ExtensionService#_doActivateExtension vscode.typescript-language-features, startup: false, activationEvent: 'onLanguage:javascript'
2024-03-19 11:45:57.536 [warning] [Decorations] CAPPING events from decorations provider vscode.git 6450
2024-03-19 11:46:02.806 [warning] [Decorations] CAPPING events from decorations provider vscode.git 6451
2024-03-19 11:46:10.608 [warning] [Decorations] CAPPING events from decorations provider vscode.git 6451
2024-03-19 11:46:15.875 [warning] [Decorations] CAPPING events from decorations provider vscode.git 6451
2024-03-19 11:46:21.141 [warning] [Decorations] CAPPING events from decorations provider vscode.git 6451
2024-03-19 11:46:27.031 [warning] [Decorations] CAPPING events from decorations provider vscode.git 6451
2024-03-19 11:46:32.280 [warning] [Decorations] CAPPING events from decorations provider vscode.git 6452
2024-03-19 11:46:38.157 [warning] [Decorations] CAPPING events from decorations provider vscode.git 6452
2024-03-19 11:46:48.130 [warning] [Decorations] CAPPING events from decorations provider vscode.git 6453
2024-03-19 11:46:53.443 [warning] [Decorations] CAPPING events from decorations provider vscode.git 6453
2024-03-19 11:46:58.693 [warning] [Decorations] CAPPING events from decorations provider vscode.git 6453
2024-03-19 11:47:03.963 [warning] [Decorations] CAPPING events from decorations provider vscode.git 6453
2024-03-19 11:47:08.371 [info] ExtensionService#_doActivateExtension vscode.tunnel-forwarding, startup: false, activationEvent: 'onTunnel'
2024-03-19 11:47:09.274 [warning] [Decorations] CAPPING events from decorations provider vscode.git 6453
2024-03-19 11:47:36.921 [warning] [Decorations] CAPPING events from decorations provider vscode.git 6453
2024-03-19 11:47:42.225 [warning] [Decorations] CAPPING events from decorations provider vscode.git 6453
2024-03-19 11:47:47.521 [warning] [Decorations] CAPPING events from decorations provider vscode.git 6454
2024-03-19 11:47:52.792 [warning] [Decorations] CAPPING events from decorations provider vscode.git 6454
2024-03-19 11:48:04.678 [warning] [Decorations] CAPPING events from decorations provider vscode.git 6454
2024-03-19 11:48:09.972 [warning] [Decorations] CAPPING events from decorations provider vscode.git 6454
2024-03-19 11:48:15.253 [warning] [Decorations] CAPPING events from decorations provider vscode.git 6454
2024-03-19 11:48:20.538 [warning] [Decorations] CAPPING events from decorations provider vscode.git 6454
2024-03-19 11:48:26.457 [warning] [Decorations] CAPPING events from decorations provider vscode.git 6454
2024-03-19 11:48:31.753 [warning] [Decorations] CAPPING events from decorations provider vscode.git 6454
2024-03-19 11:48:37.027 [warning] [Decorations] CAPPING events from decorations provider vscode.git 6454
2024-03-19 11:48:42.293 [warning] [Decorations] CAPPING events from decorations provider vscode.git 6454
2024-03-19 11:48:54.818 [warning] [Decorations] CAPPING events from decorations provider vscode.git 6454
2024-03-19 11:49:00.080 [warning] [Decorations] CAPPING events from decorations provider vscode.git 6454
2024-03-19 11:49:05.346 [warning] [Decorations] CAPPING events from decorations provider vscode.git 6454
2024-03-19 11:49:10.638 [warning] [Decorations] CAPPING events from decorations provider vscode.git 6455
2024-03-19 11:49:15.889 [warning] [Decorations] CAPPING events from decorations provider vscode.git 6455
2024-03-19 11:49:21.243 [warning] [Decorations] CAPPING events from decorations provider vscode.git 6455
2024-03-19 11:49:37.490 [warning] [Decorations] CAPPING events from decorations provider vscode.git 6456
2024-03-19 11:49:42.812 [warning] [Decorations] CAPPING events from decorations provider vscode.git 6456
2024-03-19 11:49:48.129 [warning] [Decorations] CAPPING events from decorations provider vscode.git 6456
2024-03-19 11:49:55.964 [warning] [Decorations] CAPPING events from decorations provider vscode.git 6457
2024-03-19 11:50:01.276 [warning] [Decorations] CAPPING events from decorations provider vscode.git 6457
2024-03-19 11:50:14.603 [warning] [Decorations] CAPPING events from decorations provider vscode.git 6457
2024-03-19 11:50:19.884 [warning] [Decorations] CAPPING events from decorations provider vscode.git 6457
2024-03-19 11:50:25.747 [warning] [Decorations] CAPPING events from decorations provider vscode.git 6458
2024-03-19 11:50:31.046 [warning] [Decorations] CAPPING events from decorations provider vscode.git 6458
2024-03-19 11:50:37.921 [warning] [Decorations] CAPPING events from decorations provider vscode.git 6458
2024-03-19 11:50:43.209 [warning] [Decorations] CAPPING events from decorations provider vscode.git 6459
2024-03-19 11:50:48.467 [warning] [Decorations] CAPPING events from decorations provider vscode.git 6459
2024-03-19 11:50:53.801 [warning] [Decorations] CAPPING events from decorations provider vscode.git 6459
2024-03-19 11:50:59.066 [warning] [Decorations] CAPPING events from decorations provider vscode.git 6459
2024-03-19 11:51:04.335 [warning] [Decorations] CAPPING events from decorations provider vscode.git 6460
2024-03-19 11:51:11.229 [warning] [Decorations] CAPPING events from decorations provider vscode.git 6460
2024-03-19 11:51:16.589 [warning] [Decorations] CAPPING events from decorations provider vscode.git 6460
2024-03-19 11:51:21.999 [warning] [Decorations] CAPPING events from decorations provider vscode.git 6460
2024-03-19 11:51:29.036 [warning] [Decorations] CAPPING events from decorations provider vscode.git 6460
2024-03-19 11:51:34.288 [warning] [Decorations] CAPPING events from decorations provider vscode.git 6460
2024-03-19 11:51:39.584 [warning] [Decorations] CAPPING events from decorations provider vscode.git 6460
2024-03-19 11:51:44.829 [warning] [Decorations] CAPPING events from decorations provider vscode.git 6460
2024-03-19 11:51:50.115 [warning] [Decorations] CAPPING events from decorations provider vscode.git 6460
2024-03-19 11:51:56.016 [warning] [Decorations] CAPPING events from decorations provider vscode.git 6460
2024-03-19 11:52:14.048 [warning] [Decorations] CAPPING events from decorations provider vscode.git 6460
2024-03-19 11:52:19.330 [warning] [Decorations] CAPPING events from decorations provider vscode.git 6460
2024-03-19 11:52:24.629 [warning] [Decorations] CAPPING events from decorations provider vscode.git 6461
2024-03-19 11:57:09.418 [warning] [Decorations] CAPPING events from decorations provider vscode.git 6461
2024-03-19 11:57:14.696 [warning] [Decorations] CAPPING events from decorations provider vscode.git 6461
2024-03-19 11:57:19.992 [warning] [Decorations] CAPPING events from decorations provider vscode.git 6462
2024-03-19 11:57:30.874 [warning] [Decorations] CAPPING events from decorations provider vscode.git 6462
2024-03-19 11:57:36.185 [warning] [Decorations] CAPPING events from decorations provider vscode.git 6462
2024-03-19 11:57:43.078 [warning] [Decorations] CAPPING events from decorations provider vscode.git 6462
2024-03-19 11:57:48.402 [warning] [Decorations] CAPPING events from decorations provider vscode.git 6462
2024-03-19 11:57:53.704 [warning] [Decorations] CAPPING events from decorations provider vscode.git 6462
2024-03-19 11:58:50.381 [warning] [Decorations] CAPPING events from decorations provider vscode.git 6462
2024-03-19 11:58:55.701 [warning] [Decorations] CAPPING events from decorations provider vscode.git 6462
2024-03-19 11:59:00.956 [warning] [Decorations] CAPPING events from decorations provider vscode.git 6463
2024-03-19 11:59:06.779 [warning] [Decorations] CAPPING events from decorations provider vscode.git 6463
2024-03-19 11:59:23.899 [warning] [Decorations] CAPPING events from decorations provider vscode.git 6463
2024-03-19 11:59:29.170 [warning] [Decorations] CAPPING events from decorations provider vscode.git 6463
2024-03-19 11:59:34.399 [warning] [Decorations] CAPPING events from decorations provider vscode.git 6463
2024-03-19 11:59:39.647 [warning] [Decorations] CAPPING events from decorations provider vscode.git 6463
2024-03-19 11:59:44.901 [warning] [Decorations] CAPPING events from decorations provider vscode.git 6463
2024-03-19 12:00:08.609 [warning] [Decorations] CAPPING events from decorations provider vscode.git 6464
2024-03-19 12:02:53.521 [warning] [Decorations] CAPPING events from decorations provider vscode.git 6464
2024-03-19 12:02:58.951 [warning] [Decorations] CAPPING events from decorations provider vscode.git 6464
2024-03-19 12:03:04.200 [warning] [Decorations] CAPPING events from decorations provider vscode.git 6465
2024-03-19 12:03:09.453 [warning] [Decorations] CAPPING events from decorations provider vscode.git 6465
2024-03-19 12:03:14.776 [warning] [Decorations] CAPPING events from decorations provider vscode.git 6465
2024-03-19 12:03:20.030 [warning] [Decorations] CAPPING events from decorations provider vscode.git 6465
2024-03-19 12:03:25.269 [warning] [Decorations] CAPPING events from decorations provider vscode.git 6465
2024-03-19 12:03:30.542 [warning] [Decorations] CAPPING events from decorations provider vscode.git 6465
2024-03-19 12:03:35.831 [warning] [Decorations] CAPPING events from decorations provider vscode.git 6465
2024-03-19 12:03:41.099 [warning] [Decorations] CAPPING events from decorations provider vscode.git 6465
2024-03-19 12:03:48.076 [warning] [Decorations] CAPPING events from decorations provider vscode.git 6465
2024-03-19 12:03:54.056 [warning] [Decorations] CAPPING events from decorations provider vscode.git 6465
2024-03-19 12:03:59.322 [warning] [Decorations] CAPPING events from decorations provider vscode.git 6465
2024-03-19 12:04:05.205 [warning] [Decorations] CAPPING events from decorations provider vscode.git 6465
2024-03-19 12:04:10.509 [warning] [Decorations] CAPPING events from decorations provider vscode.git 6465
2024-03-19 12:04:16.463 [warning] [Decorations] CAPPING events from decorations provider vscode.git 6466
2024-03-19 12:04:21.723 [warning] [Decorations] CAPPING events from decorations provider vscode.git 6466
2024-03-19 12:04:26.939 [warning] [Decorations] CAPPING events from decorations provider vscode.git 6466
2024-03-19 12:04:36.840 [warning] [Decorations] CAPPING events from decorations provider vscode.git 6466
2024-03-19 12:04:42.119 [warning] [Decorations] CAPPING events from decorations provider vscode.git 6466
2024-03-19 12:04:55.158 [warning] [Decorations] CAPPING events from decorations provider vscode.git 6466
2024-03-19 12:05:10.162 [warning] [Decorations] CAPPING events from decorations provider vscode.git 6466
2024-03-19 12:05:15.443 [warning] [Decorations] CAPPING events from decorations provider vscode.git 6467
2024-03-19 12:05:20.672 [warning] [Decorations] CAPPING events from decorations provider vscode.git 6467
2024-03-19 12:05:25.927 [warning] [Decorations] CAPPING events from decorations provider vscode.git 6467
2024-03-19 12:05:31.217 [warning] [Decorations] CAPPING events from decorations provider vscode.git 6467
2024-03-19 12:05:36.532 [warning] [Decorations] CAPPING events from decorations provider vscode.git 6467
2024-03-19 12:05:42.398 [warning] [Decorations] CAPPING events from decorations provider vscode.git 6468
2024-03-19 12:05:47.655 [warning] [Decorations] CAPPING events from decorations provider vscode.git 6468
2024-03-19 12:05:52.940 [warning] [Decorations] CAPPING events from decorations provider vscode.git 6468
2024-03-19 12:05:58.188 [warning] [Decorations] CAPPING events from decorations provider vscode.git 6468
2024-03-19 12:06:03.467 [warning] [Decorations] CAPPING events from decorations provider vscode.git 6468
2024-03-19 12:06:08.715 [warning] [Decorations] CAPPING events from decorations provider vscode.git 6468
2024-03-19 12:06:13.992 [warning] [Decorations] CAPPING events from decorations provider vscode.git 6468
2024-03-19 12:06:19.236 [warning] [Decorations] CAPPING events from decorations provider vscode.git 6468
2024-03-19 12:06:24.547 [warning] [Decorations] CAPPING events from decorations provider vscode.git 6468
2024-03-19 12:06:31.422 [warning] [Decorations] CAPPING events from decorations provider vscode.git 6468
2024-03-19 12:06:36.719 [warning] [Decorations] CAPPING events from decorations provider vscode.git 6468
2024-03-19 12:06:41.948 [warning] [Decorations] CAPPING events from decorations provider vscode.git 6468
2024-03-19 12:06:47.232 [warning] [Decorations] CAPPING events from decorations provider vscode.git 6468
2024-03-19 12:06:52.536 [warning] [Decorations] CAPPING events from decorations provider vscode.git 6468
2024-03-19 12:06:57.849 [warning] [Decorations] CAPPING events from decorations provider vscode.git 6468
2024-03-19 12:07:03.145 [warning] [Decorations] CAPPING events from decorations provider vscode.git 6468
2024-03-19 12:07:08.428 [warning] [Decorations] CAPPING events from decorations provider vscode.git 6468
2024-03-19 12:07:13.668 [warning] [Decorations] CAPPING events from decorations provider vscode.git 6468
2024-03-19 12:07:18.918 [warning] [Decorations] CAPPING events from decorations provider vscode.git 6469
2024-03-19 12:07:24.248 [warning] [Decorations] CAPPING events from decorations provider vscode.git 6469
2024-03-19 12:07:29.557 [warning] [Decorations] CAPPING events from decorations provider vscode.git 6469
2024-03-19 12:07:34.831 [warning] [Decorations] CAPPING events from decorations provider vscode.git 6469
2024-03-19 12:07:40.148 [warning] [Decorations] CAPPING events from decorations provider vscode.git 6470
2024-03-19 12:07:45.385 [warning] [Decorations] CAPPING events from decorations provider vscode.git 6470
2024-03-19 12:07:51.262 [warning] [Decorations] CAPPING events from decorations provider vscode.git 6471
2024-03-19 12:07:56.526 [warning] [Decorations] CAPPING events from decorations provider vscode.git 6471
2024-03-19 12:08:01.806 [warning] [Decorations] CAPPING events from decorations provider vscode.git 6471
2024-03-19 12:08:07.064 [warning] [Decorations] CAPPING events from decorations provider vscode.git 6471
2024-03-19 12:08:12.298 [warning] [Decorations] CAPPING events from decorations provider vscode.git 6471
2024-03-19 12:08:18.186 [warning] [Decorations] CAPPING events from decorations provider vscode.git 6471
2024-03-19 12:08:23.443 [warning] [Decorations] CAPPING events from decorations provider vscode.git 6471
2024-03-19 12:08:28.740 [warning] [Decorations] CAPPING events from decorations provider vscode.git 6471
2024-03-19 12:08:36.642 [warning] [Decorations] CAPPING events from decorations provider vscode.git 6471
2024-03-19 12:08:41.971 [warning] [Decorations] CAPPING events from decorations provider vscode.git 6471
2024-03-19 12:08:47.325 [warning] [Decorations] CAPPING events from decorations provider vscode.git 6471
2024-03-19 12:08:52.593 [warning] [Decorations] CAPPING events from decorations provider vscode.git 6471
2024-03-19 12:08:57.841 [warning] [Decorations] CAPPING events from decorations provider vscode.git 6471
2024-03-19 12:09:03.653 [warning] [Decorations] CAPPING events from decorations provider vscode.git 6471
2024-03-19 12:09:08.963 [warning] [Decorations] CAPPING events from decorations provider vscode.git 6471
2024-03-19 12:09:14.278 [warning] [Decorations] CAPPING events from decorations provider vscode.git 6471
2024-03-19 12:09:19.587 [warning] [Decorations] CAPPING events from decorations provider vscode.git 6471
2024-03-19 12:09:24.849 [warning] [Decorations] CAPPING events from decorations provider vscode.git 6471
2024-03-19 12:09:30.161 [warning] [Decorations] CAPPING events from decorations provider vscode.git 6471
2024-03-19 12:09:35.483 [warning] [Decorations] CAPPING events from decorations provider vscode.git 6471
2024-03-19 12:09:42.379 [warning] [Decorations] CAPPING events from decorations provider vscode.git 6472
2024-03-19 12:09:47.610 [warning] [Decorations] CAPPING events from decorations provider vscode.git 6472
2024-03-19 12:09:52.902 [warning] [Decorations] CAPPING events from decorations provider vscode.git 6472
2024-03-19 12:09:58.206 [warning] [Decorations] CAPPING events from decorations provider vscode.git 6472
2024-03-19 12:10:03.498 [warning] [Decorations] CAPPING events from decorations provider vscode.git 6472
2024-03-19 12:10:11.422 [warning] [Decorations] CAPPING events from decorations provider vscode.git 6472
2024-03-19 12:10:20.426 [warning] [Decorations] CAPPING events from decorations provider vscode.git 6472
2024-03-19 12:10:25.722 [warning] [Decorations] CAPPING events from decorations provider vscode.git 6472
2024-03-19 12:10:33.640 [warning] [Decorations] CAPPING events from decorations provider vscode.git 6472
2024-03-19 12:10:38.923 [warning] [Decorations] CAPPING events from decorations provider vscode.git 6472
2024-03-19 12:10:44.210 [warning] [Decorations] CAPPING events from decorations provider vscode.git 6472
2024-03-19 12:10:49.446 [warning] [Decorations] CAPPING events from decorations provider vscode.git 6473
2024-03-19 12:10:59.173 [warning] [Decorations] CAPPING events from decorations provider vscode.git 6473
2024-03-19 14:19:22.084 [warning] [Decorations] CAPPING events from decorations provider vscode.git 6473
2024-03-19 14:19:27.572 [warning] [Decorations] CAPPING events from decorations provider vscode.git 6473
2024-03-19 14:19:33.116 [warning] [Decorations] CAPPING events from decorations provider vscode.git 6473
2024-03-19 14:19:38.592 [warning] [Decorations] CAPPING events from decorations provider vscode.git 6473
2024-03-19 14:19:44.404 [warning] [Decorations] CAPPING events from decorations provider vscode.git 6473
2024-03-19 15:08:04.494 [warning] [Decorations] CAPPING events from decorations provider vscode.git 6541
2024-03-19 15:08:09.699 [warning] [Decorations] CAPPING events from decorations provider vscode.git 6530
