2024-03-19 11:44:06.657 [info] Log level: Info
2024-03-19 11:44:06.657 [info] Validating found git in: "git"
2024-03-19 11:44:06.657 [info] Using git "2.43.2" from "git"
2024-03-19 11:44:06.657 [info] > git rev-parse --show-toplevel [4ms]
2024-03-19 11:44:11.824 [info] > git rev-parse --show-toplevel [3ms]
2024-03-19 11:44:11.834 [info] > git rev-parse --git-dir --git-common-dir [1ms]
2024-03-19 11:44:11.848 [info] Open repository: /root
2024-03-19 11:44:11.858 [info] > git config --get commit.template [2ms]
2024-03-19 11:44:11.865 [info] No remotes found in the git config file.
2024-03-19 11:44:11.877 [info] > git for-each-ref --format=%(refname)%00%(upstream:short)%00%(objectname)%00%(upstream:track)%00%(upstream:remotename)%00%(upstream:remoteref) refs/heads/master refs/remotes/master [12ms]
2024-03-19 11:44:12.783 [info] > git status -z -uall [900ms]
2024-03-19 11:44:13.609 [info] > git config --get commit.template [57ms]
2024-03-19 11:44:13.622 [info] No remotes found in the git config file.
2024-03-19 11:44:13.625 [info] > git for-each-ref --format=%(refname)%00%(upstream:short)%00%(objectname)%00%(upstream:track)%00%(upstream:remotename)%00%(upstream:remoteref) refs/heads/master refs/remotes/master [5ms]
2024-03-19 11:44:13.775 [info] > git status -z -uall [142ms]
2024-03-19 11:44:18.744 [info] > git config --get commit.template [24ms]
2024-03-19 11:44:18.745 [info] No remotes found in the git config file.
2024-03-19 11:44:18.747 [info] > git for-each-ref --format=%(refname)%00%(upstream:short)%00%(objectname)%00%(upstream:track)%00%(upstream:remotename)%00%(upstream:remoteref) refs/heads/master refs/remotes/master [6ms]
2024-03-19 11:44:18.866 [info] > git status -z -uall [101ms]
2024-03-19 11:44:24.027 [info] No remotes found in the git config file.
2024-03-19 11:44:24.030 [info] > git config --get commit.template [26ms]
2024-03-19 11:44:24.032 [info] > git for-each-ref --format=%(refname)%00%(upstream:short)%00%(objectname)%00%(upstream:track)%00%(upstream:remotename)%00%(upstream:remoteref) refs/heads/master refs/remotes/master [6ms]
2024-03-19 11:44:24.169 [info] > git status -z -uall [117ms]
2024-03-19 11:44:29.295 [info] > git config --get commit.template [12ms]
2024-03-19 11:44:29.295 [info] No remotes found in the git config file.
2024-03-19 11:44:29.296 [info] > git for-each-ref --format=%(refname)%00%(upstream:short)%00%(objectname)%00%(upstream:track)%00%(upstream:remotename)%00%(upstream:remoteref) refs/heads/master refs/remotes/master [2ms]
2024-03-19 11:44:29.391 [info] > git status -z -uall [87ms]
2024-03-19 11:44:34.544 [info] > git config --get commit.template [25ms]
2024-03-19 11:44:34.545 [info] No remotes found in the git config file.
2024-03-19 11:44:34.546 [info] > git for-each-ref --format=%(refname)%00%(upstream:short)%00%(objectname)%00%(upstream:track)%00%(upstream:remotename)%00%(upstream:remoteref) refs/heads/master refs/remotes/master [4ms]
2024-03-19 11:44:34.661 [info] > git status -z -uall [99ms]
2024-03-19 11:44:39.773 [info] > git config --get commit.template [2ms]
2024-03-19 11:44:39.785 [info] No remotes found in the git config file.
2024-03-19 11:44:39.786 [info] > git for-each-ref --format=%(refname)%00%(upstream:short)%00%(objectname)%00%(upstream:track)%00%(upstream:remotename)%00%(upstream:remoteref) refs/heads/master refs/remotes/master [2ms]
2024-03-19 11:44:39.913 [info] > git status -z -uall [112ms]
2024-03-19 11:44:45.078 [info] > git config --get commit.template [25ms]
2024-03-19 11:44:45.079 [info] No remotes found in the git config file.
2024-03-19 11:44:45.080 [info] > git for-each-ref --format=%(refname)%00%(upstream:short)%00%(objectname)%00%(upstream:track)%00%(upstream:remotename)%00%(upstream:remoteref) refs/heads/master refs/remotes/master [2ms]
2024-03-19 11:44:45.222 [info] > git status -z -uall [126ms]
2024-03-19 11:44:49.920 [info] > git show --textconv :brocode/index.html [18ms]
2024-03-19 11:44:49.924 [info] > git ls-files --stage -- /root/brocode/index.html [6ms]
2024-03-19 11:44:50.060 [info] > git check-ignore -v -z --stdin [3ms]
2024-03-19 11:44:51.966 [info] > git config --get commit.template [1ms]
2024-03-19 11:44:51.975 [info] No remotes found in the git config file.
2024-03-19 11:44:51.977 [info] > git for-each-ref --format=%(refname)%00%(upstream:short)%00%(objectname)%00%(upstream:track)%00%(upstream:remotename)%00%(upstream:remoteref) refs/heads/master refs/remotes/master [1ms]
2024-03-19 11:44:52.071 [info] > git status -z -uall [79ms]
2024-03-19 11:45:02.980 [info] > git config --get commit.template [4ms]
2024-03-19 11:45:03.009 [info] No remotes found in the git config file.
2024-03-19 11:45:03.013 [info] > git for-each-ref --format=%(refname)%00%(upstream:short)%00%(objectname)%00%(upstream:track)%00%(upstream:remotename)%00%(upstream:remoteref) refs/heads/master refs/remotes/master [5ms]
2024-03-19 11:45:03.200 [info] > git status -z -uall [160ms]
2024-03-19 11:45:08.363 [info] No remotes found in the git config file.
2024-03-19 11:45:08.364 [info] > git config --get commit.template [14ms]
2024-03-19 11:45:08.365 [info] > git for-each-ref --format=%(refname)%00%(upstream:short)%00%(objectname)%00%(upstream:track)%00%(upstream:remotename)%00%(upstream:remoteref) refs/heads/master refs/remotes/master [3ms]
2024-03-19 11:45:08.470 [info] > git status -z -uall [94ms]
2024-03-19 11:45:15.210 [info] No remotes found in the git config file.
2024-03-19 11:45:15.211 [info] > git config --get commit.template [18ms]
2024-03-19 11:45:15.213 [info] > git for-each-ref --format=%(refname)%00%(upstream:short)%00%(objectname)%00%(upstream:track)%00%(upstream:remotename)%00%(upstream:remoteref) refs/heads/master refs/remotes/master [3ms]
2024-03-19 11:45:15.326 [info] > git status -z -uall [103ms]
2024-03-19 11:45:20.482 [info] No remotes found in the git config file.
2024-03-19 11:45:20.484 [info] > git config --get commit.template [28ms]
2024-03-19 11:45:20.485 [info] > git for-each-ref --format=%(refname)%00%(upstream:short)%00%(objectname)%00%(upstream:track)%00%(upstream:remotename)%00%(upstream:remoteref) refs/heads/master refs/remotes/master [4ms]
2024-03-19 11:45:20.622 [info] > git status -z -uall [114ms]
2024-03-19 11:45:25.780 [info] No remotes found in the git config file.
2024-03-19 11:45:25.781 [info] > git config --get commit.template [32ms]
2024-03-19 11:45:25.785 [info] > git for-each-ref --format=%(refname)%00%(upstream:short)%00%(objectname)%00%(upstream:track)%00%(upstream:remotename)%00%(upstream:remoteref) refs/heads/master refs/remotes/master [5ms]
2024-03-19 11:45:25.902 [info] > git status -z -uall [97ms]
2024-03-19 11:45:31.045 [info] > git config --get commit.template [20ms]
2024-03-19 11:45:31.045 [info] No remotes found in the git config file.
2024-03-19 11:45:31.046 [info] > git for-each-ref --format=%(refname)%00%(upstream:short)%00%(objectname)%00%(upstream:track)%00%(upstream:remotename)%00%(upstream:remoteref) refs/heads/master refs/remotes/master [3ms]
2024-03-19 11:45:31.159 [info] > git status -z -uall [87ms]
2024-03-19 11:45:36.287 [info] > git config --get commit.template [18ms]
2024-03-19 11:45:36.287 [info] No remotes found in the git config file.
2024-03-19 11:45:36.287 [info] > git for-each-ref --format=%(refname)%00%(upstream:short)%00%(objectname)%00%(upstream:track)%00%(upstream:remotename)%00%(upstream:remoteref) refs/heads/master refs/remotes/master [1ms]
2024-03-19 11:45:36.402 [info] > git status -z -uall [82ms]
2024-03-19 11:45:41.209 [info] > git show --textconv :brocode/index.html [22ms]
2024-03-19 11:45:41.211 [info] > git ls-files --stage -- /root/brocode/index.html [9ms]
2024-03-19 11:45:41.545 [info] > git config --get commit.template [15ms]
2024-03-19 11:45:41.545 [info] No remotes found in the git config file.
2024-03-19 11:45:41.546 [info] > git for-each-ref --format=%(refname)%00%(upstream:short)%00%(objectname)%00%(upstream:track)%00%(upstream:remotename)%00%(upstream:remoteref) refs/heads/master refs/remotes/master [1ms]
2024-03-19 11:45:41.642 [info] > git status -z -uall [85ms]
2024-03-19 11:45:46.764 [info] No remotes found in the git config file.
2024-03-19 11:45:46.765 [info] > git config --get commit.template [11ms]
2024-03-19 11:45:46.765 [info] > git for-each-ref --format=%(refname)%00%(upstream:short)%00%(objectname)%00%(upstream:track)%00%(upstream:remotename)%00%(upstream:remoteref) refs/heads/master refs/remotes/master [2ms]
2024-03-19 11:45:46.857 [info] > git status -z -uall [82ms]
2024-03-19 11:45:52.006 [info] > git config --get commit.template [4ms]
2024-03-19 11:45:52.030 [info] No remotes found in the git config file.
2024-03-19 11:45:52.032 [info] > git for-each-ref --format=%(refname)%00%(upstream:short)%00%(objectname)%00%(upstream:track)%00%(upstream:remotename)%00%(upstream:remoteref) refs/heads/master refs/remotes/master [2ms]
2024-03-19 11:45:52.154 [info] > git status -z -uall [101ms]
2024-03-19 11:45:56.700 [info] > git show --textconv :brocode/index.js [16ms]
2024-03-19 11:45:56.700 [info] > git ls-files --stage -- /root/brocode/index.js [3ms]
2024-03-19 11:45:56.780 [info] > git check-ignore -v -z --stdin [3ms]
2024-03-19 11:45:57.276 [info] No remotes found in the git config file.
2024-03-19 11:45:57.277 [info] > git config --get commit.template [17ms]
2024-03-19 11:45:57.278 [info] > git for-each-ref --format=%(refname)%00%(upstream:short)%00%(objectname)%00%(upstream:track)%00%(upstream:remotename)%00%(upstream:remoteref) refs/heads/master refs/remotes/master [2ms]
2024-03-19 11:45:57.422 [info] > git status -z -uall [126ms]
2024-03-19 11:46:00.780 [info] > git show --textconv :brocode/index.html [19ms]
2024-03-19 11:46:00.782 [info] > git ls-files --stage -- /root/brocode/index.html [4ms]
2024-03-19 11:46:02.586 [info] > git config --get commit.template [2ms]
2024-03-19 11:46:02.611 [info] No remotes found in the git config file.
2024-03-19 11:46:02.614 [info] > git for-each-ref --format=%(refname)%00%(upstream:short)%00%(objectname)%00%(upstream:track)%00%(upstream:remotename)%00%(upstream:remoteref) refs/heads/master refs/remotes/master [3ms]
2024-03-19 11:46:02.726 [info] > git status -z -uall [91ms]
2024-03-19 11:46:10.422 [info] No remotes found in the git config file.
2024-03-19 11:46:10.423 [info] > git config --get commit.template [18ms]
2024-03-19 11:46:10.426 [info] > git for-each-ref --format=%(refname)%00%(upstream:short)%00%(objectname)%00%(upstream:track)%00%(upstream:remotename)%00%(upstream:remoteref) refs/heads/master refs/remotes/master [5ms]
2024-03-19 11:46:10.525 [info] > git status -z -uall [87ms]
2024-03-19 11:46:15.664 [info] No remotes found in the git config file.
2024-03-19 11:46:15.666 [info] > git config --get commit.template [21ms]
2024-03-19 11:46:15.667 [info] > git for-each-ref --format=%(refname)%00%(upstream:short)%00%(objectname)%00%(upstream:track)%00%(upstream:remotename)%00%(upstream:remoteref) refs/heads/master refs/remotes/master [3ms]
2024-03-19 11:46:15.784 [info] > git status -z -uall [100ms]
2024-03-19 11:46:20.932 [info] > git config --get commit.template [8ms]
2024-03-19 11:46:20.951 [info] No remotes found in the git config file.
2024-03-19 11:46:20.954 [info] > git for-each-ref --format=%(refname)%00%(upstream:short)%00%(objectname)%00%(upstream:track)%00%(upstream:remotename)%00%(upstream:remoteref) refs/heads/master refs/remotes/master [3ms]
2024-03-19 11:46:21.066 [info] > git status -z -uall [96ms]
2024-03-19 11:46:26.794 [info] > git config --get commit.template [5ms]
2024-03-19 11:46:26.809 [info] No remotes found in the git config file.
2024-03-19 11:46:26.811 [info] > git for-each-ref --format=%(refname)%00%(upstream:short)%00%(objectname)%00%(upstream:track)%00%(upstream:remotename)%00%(upstream:remoteref) refs/heads/master refs/remotes/master [2ms]
2024-03-19 11:46:26.946 [info] > git status -z -uall [121ms]
2024-03-19 11:46:27.897 [info] > git show --textconv :brocode/index.js [30ms]
2024-03-19 11:46:27.903 [info] > git ls-files --stage -- /root/brocode/index.js [12ms]
2024-03-19 11:46:32.102 [info] > git config --get commit.template [22ms]
2024-03-19 11:46:32.102 [info] No remotes found in the git config file.
2024-03-19 11:46:32.103 [info] > git for-each-ref --format=%(refname)%00%(upstream:short)%00%(objectname)%00%(upstream:track)%00%(upstream:remotename)%00%(upstream:remoteref) refs/heads/master refs/remotes/master [3ms]
2024-03-19 11:46:32.204 [info] > git status -z -uall [84ms]
2024-03-19 11:46:33.863 [info] > git show --textconv :brocode/index.html [14ms]
2024-03-19 11:46:33.868 [info] > git ls-files --stage -- /root/brocode/index.html [6ms]
2024-03-19 11:46:37.930 [info] > git config --get commit.template [4ms]
2024-03-19 11:46:37.954 [info] No remotes found in the git config file.
2024-03-19 11:46:37.956 [info] > git for-each-ref --format=%(refname)%00%(upstream:short)%00%(objectname)%00%(upstream:track)%00%(upstream:remotename)%00%(upstream:remoteref) refs/heads/master refs/remotes/master [3ms]
2024-03-19 11:46:38.066 [info] > git status -z -uall [93ms]
2024-03-19 11:46:47.949 [info] No remotes found in the git config file.
2024-03-19 11:46:47.950 [info] > git config --get commit.template [16ms]
2024-03-19 11:46:47.951 [info] > git for-each-ref --format=%(refname)%00%(upstream:short)%00%(objectname)%00%(upstream:track)%00%(upstream:remotename)%00%(upstream:remoteref) refs/heads/master refs/remotes/master [2ms]
2024-03-19 11:46:48.048 [info] > git status -z -uall [81ms]
2024-03-19 11:46:52.227 [info] > git show --textconv :brocode/index.js [14ms]
2024-03-19 11:46:52.229 [info] > git ls-files --stage -- /root/brocode/index.js [4ms]
2024-03-19 11:46:53.229 [info] No remotes found in the git config file.
2024-03-19 11:46:53.231 [info] > git config --get commit.template [44ms]
2024-03-19 11:46:53.233 [info] > git for-each-ref --format=%(refname)%00%(upstream:short)%00%(objectname)%00%(upstream:track)%00%(upstream:remotename)%00%(upstream:remoteref) refs/heads/master refs/remotes/master [5ms]
2024-03-19 11:46:53.364 [info] > git status -z -uall [97ms]
2024-03-19 11:46:55.717 [info] > git show --textconv :brocode/index.html [23ms]
2024-03-19 11:46:55.721 [info] > git ls-files --stage -- /root/brocode/index.html [6ms]
2024-03-19 11:46:58.503 [info] No remotes found in the git config file.
2024-03-19 11:46:58.503 [info] > git config --get commit.template [16ms]
2024-03-19 11:46:58.504 [info] > git for-each-ref --format=%(refname)%00%(upstream:short)%00%(objectname)%00%(upstream:track)%00%(upstream:remotename)%00%(upstream:remoteref) refs/heads/master refs/remotes/master [2ms]
2024-03-19 11:46:58.601 [info] > git status -z -uall [84ms]
2024-03-19 11:46:59.665 [info] > git show --textconv :brocode/index.js [28ms]
2024-03-19 11:46:59.668 [info] > git ls-files --stage -- /root/brocode/index.js [7ms]
2024-03-19 11:47:01.417 [info] > git show --textconv :brocode/index.html [58ms]
2024-03-19 11:47:01.424 [info] > git ls-files --stage -- /root/brocode/index.html [16ms]
2024-03-19 11:47:03.737 [info] No remotes found in the git config file.
2024-03-19 11:47:03.739 [info] > git config --get commit.template [4ms]
2024-03-19 11:47:03.770 [info] > git for-each-ref --format=%(refname)%00%(upstream:short)%00%(objectname)%00%(upstream:track)%00%(upstream:remotename)%00%(upstream:remoteref) refs/heads/master refs/remotes/master [4ms]
2024-03-19 11:47:03.877 [info] > git status -z -uall [86ms]
2024-03-19 11:47:09.058 [info] No remotes found in the git config file.
2024-03-19 11:47:09.059 [info] > git config --get commit.template [34ms]
2024-03-19 11:47:09.060 [info] > git for-each-ref --format=%(refname)%00%(upstream:short)%00%(objectname)%00%(upstream:track)%00%(upstream:remotename)%00%(upstream:remoteref) refs/heads/master refs/remotes/master [3ms]
2024-03-19 11:47:09.172 [info] > git status -z -uall [93ms]
2024-03-19 11:47:36.716 [info] > git config --get commit.template [2ms]
2024-03-19 11:47:36.724 [info] No remotes found in the git config file.
2024-03-19 11:47:36.725 [info] > git for-each-ref --format=%(refname)%00%(upstream:short)%00%(objectname)%00%(upstream:track)%00%(upstream:remotename)%00%(upstream:remoteref) refs/heads/master refs/remotes/master [1ms]
2024-03-19 11:47:36.821 [info] > git status -z -uall [87ms]
2024-03-19 11:47:38.918 [info] > git show --textconv :brocode/index.js [56ms]
2024-03-19 11:47:38.932 [info] > git ls-files --stage -- /root/brocode/index.js [30ms]
2024-03-19 11:47:41.981 [info] > git config --get commit.template [4ms]
2024-03-19 11:47:42.002 [info] No remotes found in the git config file.
2024-03-19 11:47:42.004 [info] > git for-each-ref --format=%(refname)%00%(upstream:short)%00%(objectname)%00%(upstream:track)%00%(upstream:remotename)%00%(upstream:remoteref) refs/heads/master refs/remotes/master [3ms]
2024-03-19 11:47:42.137 [info] > git status -z -uall [115ms]
2024-03-19 11:47:47.278 [info] > git config --get commit.template [4ms]
2024-03-19 11:47:47.309 [info] No remotes found in the git config file.
2024-03-19 11:47:47.312 [info] > git for-each-ref --format=%(refname)%00%(upstream:short)%00%(objectname)%00%(upstream:track)%00%(upstream:remotename)%00%(upstream:remoteref) refs/heads/master refs/remotes/master [4ms]
2024-03-19 11:47:47.432 [info] > git status -z -uall [103ms]
2024-03-19 11:47:52.587 [info] No remotes found in the git config file.
2024-03-19 11:47:52.588 [info] > git config --get commit.template [17ms]
2024-03-19 11:47:52.589 [info] > git for-each-ref --format=%(refname)%00%(upstream:short)%00%(objectname)%00%(upstream:track)%00%(upstream:remotename)%00%(upstream:remoteref) refs/heads/master refs/remotes/master [2ms]
2024-03-19 11:47:52.705 [info] > git status -z -uall [101ms]
2024-03-19 11:48:04.447 [info] > git config --get commit.template [3ms]
2024-03-19 11:48:04.467 [info] No remotes found in the git config file.
2024-03-19 11:48:04.469 [info] > git for-each-ref --format=%(refname)%00%(upstream:short)%00%(objectname)%00%(upstream:track)%00%(upstream:remotename)%00%(upstream:remoteref) refs/heads/master refs/remotes/master [3ms]
2024-03-19 11:48:04.594 [info] > git status -z -uall [107ms]
2024-03-19 11:48:09.760 [info] > git config --get commit.template [29ms]
2024-03-19 11:48:09.760 [info] No remotes found in the git config file.
2024-03-19 11:48:09.762 [info] > git for-each-ref --format=%(refname)%00%(upstream:short)%00%(objectname)%00%(upstream:track)%00%(upstream:remotename)%00%(upstream:remoteref) refs/heads/master refs/remotes/master [4ms]
2024-03-19 11:48:09.886 [info] > git status -z -uall [105ms]
2024-03-19 11:48:15.048 [info] No remotes found in the git config file.
2024-03-19 11:48:15.049 [info] > git config --get commit.template [24ms]
2024-03-19 11:48:15.050 [info] > git for-each-ref --format=%(refname)%00%(upstream:short)%00%(objectname)%00%(upstream:track)%00%(upstream:remotename)%00%(upstream:remoteref) refs/heads/master refs/remotes/master [3ms]
2024-03-19 11:48:15.164 [info] > git status -z -uall [96ms]
2024-03-19 11:48:20.311 [info] No remotes found in the git config file.
2024-03-19 11:48:20.312 [info] > git config --get commit.template [22ms]
2024-03-19 11:48:20.313 [info] > git for-each-ref --format=%(refname)%00%(upstream:short)%00%(objectname)%00%(upstream:track)%00%(upstream:remotename)%00%(upstream:remoteref) refs/heads/master refs/remotes/master [2ms]
2024-03-19 11:48:20.447 [info] > git status -z -uall [112ms]
2024-03-19 11:48:26.212 [info] > git config --get commit.template [5ms]
2024-03-19 11:48:26.247 [info] No remotes found in the git config file.
2024-03-19 11:48:26.249 [info] > git for-each-ref --format=%(refname)%00%(upstream:short)%00%(objectname)%00%(upstream:track)%00%(upstream:remotename)%00%(upstream:remoteref) refs/heads/master refs/remotes/master [3ms]
2024-03-19 11:48:26.370 [info] > git status -z -uall [100ms]
2024-03-19 11:48:31.544 [info] No remotes found in the git config file.
2024-03-19 11:48:31.545 [info] > git config --get commit.template [30ms]
2024-03-19 11:48:31.550 [info] > git for-each-ref --format=%(refname)%00%(upstream:short)%00%(objectname)%00%(upstream:track)%00%(upstream:remotename)%00%(upstream:remoteref) refs/heads/master refs/remotes/master [7ms]
2024-03-19 11:48:31.667 [info] > git status -z -uall [95ms]
2024-03-19 11:48:36.802 [info] > git config --get commit.template [3ms]
2024-03-19 11:48:36.828 [info] No remotes found in the git config file.
2024-03-19 11:48:36.832 [info] > git for-each-ref --format=%(refname)%00%(upstream:short)%00%(objectname)%00%(upstream:track)%00%(upstream:remotename)%00%(upstream:remoteref) refs/heads/master refs/remotes/master [5ms]
2024-03-19 11:48:36.937 [info] > git status -z -uall [85ms]
2024-03-19 11:48:42.068 [info] > git config --get commit.template [1ms]
2024-03-19 11:48:42.086 [info] No remotes found in the git config file.
2024-03-19 11:48:42.088 [info] > git for-each-ref --format=%(refname)%00%(upstream:short)%00%(objectname)%00%(upstream:track)%00%(upstream:remotename)%00%(upstream:remoteref) refs/heads/master refs/remotes/master [2ms]
2024-03-19 11:48:42.199 [info] > git status -z -uall [96ms]
2024-03-19 11:48:54.577 [info] > git config --get commit.template [2ms]
2024-03-19 11:48:54.602 [info] No remotes found in the git config file.
2024-03-19 11:48:54.604 [info] > git for-each-ref --format=%(refname)%00%(upstream:short)%00%(objectname)%00%(upstream:track)%00%(upstream:remotename)%00%(upstream:remoteref) refs/heads/master refs/remotes/master [2ms]
2024-03-19 11:48:54.722 [info] > git status -z -uall [99ms]
2024-03-19 11:48:59.873 [info] No remotes found in the git config file.
2024-03-19 11:48:59.874 [info] > git config --get commit.template [20ms]
2024-03-19 11:48:59.875 [info] > git for-each-ref --format=%(refname)%00%(upstream:short)%00%(objectname)%00%(upstream:track)%00%(upstream:remotename)%00%(upstream:remoteref) refs/heads/master refs/remotes/master [2ms]
2024-03-19 11:48:59.984 [info] > git status -z -uall [92ms]
2024-03-19 11:49:04.634 [info] > git show --textconv :brocode/index.html [22ms]
2024-03-19 11:49:04.637 [info] > git ls-files --stage -- /root/brocode/index.html [5ms]
2024-03-19 11:49:05.148 [info] No remotes found in the git config file.
2024-03-19 11:49:05.149 [info] > git config --get commit.template [29ms]
2024-03-19 11:49:05.150 [info] > git for-each-ref --format=%(refname)%00%(upstream:short)%00%(objectname)%00%(upstream:track)%00%(upstream:remotename)%00%(upstream:remoteref) refs/heads/master refs/remotes/master [2ms]
2024-03-19 11:49:05.258 [info] > git status -z -uall [89ms]
2024-03-19 11:49:10.379 [info] > git config --get commit.template [2ms]
2024-03-19 11:49:10.398 [info] No remotes found in the git config file.
2024-03-19 11:49:10.400 [info] > git for-each-ref --format=%(refname)%00%(upstream:short)%00%(objectname)%00%(upstream:track)%00%(upstream:remotename)%00%(upstream:remoteref) refs/heads/master refs/remotes/master [2ms]
2024-03-19 11:49:10.519 [info] > git status -z -uall [102ms]
2024-03-19 11:49:13.787 [info] > git show --textconv :brocode/index.js [26ms]
2024-03-19 11:49:13.791 [info] > git ls-files --stage -- /root/brocode/index.js [8ms]
2024-03-19 11:49:15.696 [info] No remotes found in the git config file.
2024-03-19 11:49:15.697 [info] > git config --get commit.template [18ms]
2024-03-19 11:49:15.697 [info] > git for-each-ref --format=%(refname)%00%(upstream:short)%00%(objectname)%00%(upstream:track)%00%(upstream:remotename)%00%(upstream:remoteref) refs/heads/master refs/remotes/master [1ms]
2024-03-19 11:49:15.799 [info] > git status -z -uall [89ms]
2024-03-19 11:49:20.963 [info] > git config --get commit.template [11ms]
2024-03-19 11:49:20.994 [info] No remotes found in the git config file.
2024-03-19 11:49:20.997 [info] > git for-each-ref --format=%(refname)%00%(upstream:short)%00%(objectname)%00%(upstream:track)%00%(upstream:remotename)%00%(upstream:remoteref) refs/heads/master refs/remotes/master [4ms]
2024-03-19 11:49:21.164 [info] > git status -z -uall [141ms]
2024-03-19 11:49:37.288 [info] No remotes found in the git config file.
2024-03-19 11:49:37.289 [info] > git config --get commit.template [36ms]
2024-03-19 11:49:37.289 [info] > git for-each-ref --format=%(refname)%00%(upstream:short)%00%(objectname)%00%(upstream:track)%00%(upstream:remotename)%00%(upstream:remoteref) refs/heads/master refs/remotes/master [2ms]
2024-03-19 11:49:37.392 [info] > git status -z -uall [87ms]
2024-03-19 11:49:42.575 [info] No remotes found in the git config file.
2024-03-19 11:49:42.577 [info] > git config --get commit.template [36ms]
2024-03-19 11:49:42.578 [info] > git for-each-ref --format=%(refname)%00%(upstream:short)%00%(objectname)%00%(upstream:track)%00%(upstream:remotename)%00%(upstream:remoteref) refs/heads/master refs/remotes/master [4ms]
2024-03-19 11:49:42.720 [info] > git status -z -uall [116ms]
2024-03-19 11:49:47.900 [info] No remotes found in the git config file.
2024-03-19 11:49:47.901 [info] > git config --get commit.template [36ms]
2024-03-19 11:49:47.903 [info] > git for-each-ref --format=%(refname)%00%(upstream:short)%00%(objectname)%00%(upstream:track)%00%(upstream:remotename)%00%(upstream:remoteref) refs/heads/master refs/remotes/master [4ms]
2024-03-19 11:49:48.044 [info] > git status -z -uall [117ms]
2024-03-19 11:49:55.758 [info] > git config --get commit.template [2ms]
2024-03-19 11:49:55.772 [info] No remotes found in the git config file.
2024-03-19 11:49:55.774 [info] > git for-each-ref --format=%(refname)%00%(upstream:short)%00%(objectname)%00%(upstream:track)%00%(upstream:remotename)%00%(upstream:remoteref) refs/heads/master refs/remotes/master [2ms]
2024-03-19 11:49:55.877 [info] > git status -z -uall [90ms]
2024-03-19 11:50:01.024 [info] > git config --get commit.template [3ms]
2024-03-19 11:50:01.050 [info] No remotes found in the git config file.
2024-03-19 11:50:01.052 [info] > git for-each-ref --format=%(refname)%00%(upstream:short)%00%(objectname)%00%(upstream:track)%00%(upstream:remotename)%00%(upstream:remoteref) refs/heads/master refs/remotes/master [2ms]
2024-03-19 11:50:01.191 [info] > git status -z -uall [120ms]
2024-03-19 11:50:14.365 [info] No remotes found in the git config file.
2024-03-19 11:50:14.366 [info] > git config --get commit.template [19ms]
2024-03-19 11:50:14.366 [info] > git for-each-ref --format=%(refname)%00%(upstream:short)%00%(objectname)%00%(upstream:track)%00%(upstream:remotename)%00%(upstream:remoteref) refs/heads/master refs/remotes/master [2ms]
2024-03-19 11:50:14.491 [info] > git status -z -uall [109ms]
2024-03-19 11:50:19.688 [info] No remotes found in the git config file.
2024-03-19 11:50:19.689 [info] > git config --get commit.template [25ms]
2024-03-19 11:50:19.689 [info] > git for-each-ref --format=%(refname)%00%(upstream:short)%00%(objectname)%00%(upstream:track)%00%(upstream:remotename)%00%(upstream:remoteref) refs/heads/master refs/remotes/master [2ms]
2024-03-19 11:50:19.799 [info] > git status -z -uall [91ms]
2024-03-19 11:50:25.556 [info] No remotes found in the git config file.
2024-03-19 11:50:25.557 [info] > git config --get commit.template [24ms]
2024-03-19 11:50:25.558 [info] > git for-each-ref --format=%(refname)%00%(upstream:short)%00%(objectname)%00%(upstream:track)%00%(upstream:remotename)%00%(upstream:remoteref) refs/heads/master refs/remotes/master [2ms]
2024-03-19 11:50:25.660 [info] > git status -z -uall [85ms]
2024-03-19 11:50:30.825 [info] > git config --get commit.template [27ms]
2024-03-19 11:50:30.825 [info] No remotes found in the git config file.
2024-03-19 11:50:30.826 [info] > git for-each-ref --format=%(refname)%00%(upstream:short)%00%(objectname)%00%(upstream:track)%00%(upstream:remotename)%00%(upstream:remoteref) refs/heads/master refs/remotes/master [2ms]
2024-03-19 11:50:30.958 [info] > git status -z -uall [111ms]
2024-03-19 11:50:37.705 [info] > git config --get commit.template [9ms]
2024-03-19 11:50:37.723 [info] No remotes found in the git config file.
2024-03-19 11:50:37.741 [info] > git for-each-ref --format=%(refname)%00%(upstream:short)%00%(objectname)%00%(upstream:track)%00%(upstream:remotename)%00%(upstream:remoteref) refs/heads/master refs/remotes/master [18ms]
2024-03-19 11:50:37.837 [info] > git status -z -uall [79ms]
2024-03-19 11:50:43.000 [info] No remotes found in the git config file.
2024-03-19 11:50:43.001 [info] > git config --get commit.template [28ms]
2024-03-19 11:50:43.002 [info] > git for-each-ref --format=%(refname)%00%(upstream:short)%00%(objectname)%00%(upstream:track)%00%(upstream:remotename)%00%(upstream:remoteref) refs/heads/master refs/remotes/master [2ms]
2024-03-19 11:50:43.124 [info] > git status -z -uall [98ms]
2024-03-19 11:50:48.244 [info] > git config --get commit.template [2ms]
2024-03-19 11:50:48.261 [info] No remotes found in the git config file.
2024-03-19 11:50:48.266 [info] > git for-each-ref --format=%(refname)%00%(upstream:short)%00%(objectname)%00%(upstream:track)%00%(upstream:remotename)%00%(upstream:remoteref) refs/heads/master refs/remotes/master [6ms]
2024-03-19 11:50:48.378 [info] > git status -z -uall [95ms]
2024-03-19 11:50:49.011 [info] > git show --textconv :brocode/index.html [507ms]
2024-03-19 11:50:49.011 [info] > git ls-files --stage -- /root/brocode/index.html [492ms]
2024-03-19 11:50:52.685 [info] > git show --textconv :brocode/index.js [22ms]
2024-03-19 11:50:52.688 [info] > git ls-files --stage -- /root/brocode/index.js [7ms]
2024-03-19 11:50:53.555 [info] > git config --get commit.template [33ms]
2024-03-19 11:50:53.556 [info] No remotes found in the git config file.
2024-03-19 11:50:53.556 [info] > git for-each-ref --format=%(refname)%00%(upstream:short)%00%(objectname)%00%(upstream:track)%00%(upstream:remotename)%00%(upstream:remoteref) refs/heads/master refs/remotes/master [2ms]
2024-03-19 11:50:53.698 [info] > git status -z -uall [122ms]
2024-03-19 11:50:58.855 [info] No remotes found in the git config file.
2024-03-19 11:50:58.856 [info] > git config --get commit.template [22ms]
2024-03-19 11:50:58.858 [info] > git for-each-ref --format=%(refname)%00%(upstream:short)%00%(objectname)%00%(upstream:track)%00%(upstream:remotename)%00%(upstream:remoteref) refs/heads/master refs/remotes/master [2ms]
2024-03-19 11:50:58.980 [info] > git status -z -uall [100ms]
2024-03-19 11:51:04.122 [info] > git config --get commit.template [22ms]
2024-03-19 11:51:04.122 [info] No remotes found in the git config file.
2024-03-19 11:51:04.123 [info] > git for-each-ref --format=%(refname)%00%(upstream:short)%00%(objectname)%00%(upstream:track)%00%(upstream:remotename)%00%(upstream:remoteref) refs/heads/master refs/remotes/master [2ms]
2024-03-19 11:51:04.247 [info] > git status -z -uall [104ms]
2024-03-19 11:51:10.996 [info] > git config --get commit.template [5ms]
2024-03-19 11:51:11.019 [info] No remotes found in the git config file.
2024-03-19 11:51:11.021 [info] > git for-each-ref --format=%(refname)%00%(upstream:short)%00%(objectname)%00%(upstream:track)%00%(upstream:remotename)%00%(upstream:remoteref) refs/heads/master refs/remotes/master [3ms]
2024-03-19 11:51:11.141 [info] > git status -z -uall [100ms]
2024-03-19 11:51:16.379 [info] > git config --get commit.template [94ms]
2024-03-19 11:51:16.391 [info] No remotes found in the git config file.
2024-03-19 11:51:16.392 [info] > git for-each-ref --format=%(refname)%00%(upstream:short)%00%(objectname)%00%(upstream:track)%00%(upstream:remotename)%00%(upstream:remoteref) refs/heads/master refs/remotes/master [1ms]
2024-03-19 11:51:16.492 [info] > git status -z -uall [88ms]
2024-03-19 11:51:21.692 [info] No remotes found in the git config file.
2024-03-19 11:51:21.697 [info] > git config --get commit.template [48ms]
2024-03-19 11:51:21.700 [info] > git for-each-ref --format=%(refname)%00%(upstream:short)%00%(objectname)%00%(upstream:track)%00%(upstream:remotename)%00%(upstream:remoteref) refs/heads/master refs/remotes/master [9ms]
2024-03-19 11:51:21.903 [info] > git status -z -uall [161ms]
2024-03-19 11:51:28.703 [info] No remotes found in the git config file.
2024-03-19 11:51:28.705 [info] > git config --get commit.template [35ms]
2024-03-19 11:51:28.706 [info] > git for-each-ref --format=%(refname)%00%(upstream:short)%00%(objectname)%00%(upstream:track)%00%(upstream:remotename)%00%(upstream:remoteref) refs/heads/master refs/remotes/master [4ms]
2024-03-19 11:51:28.914 [info] > git status -z -uall [187ms]
2024-03-19 11:51:34.096 [info] No remotes found in the git config file.
2024-03-19 11:51:34.097 [info] > git config --get commit.template [24ms]
2024-03-19 11:51:34.098 [info] > git for-each-ref --format=%(refname)%00%(upstream:short)%00%(objectname)%00%(upstream:track)%00%(upstream:remotename)%00%(upstream:remoteref) refs/heads/master refs/remotes/master [2ms]
2024-03-19 11:51:34.210 [info] > git status -z -uall [93ms]
2024-03-19 11:51:39.370 [info] No remotes found in the git config file.
2024-03-19 11:51:39.371 [info] > git config --get commit.template [28ms]
2024-03-19 11:51:39.372 [info] > git for-each-ref --format=%(refname)%00%(upstream:short)%00%(objectname)%00%(upstream:track)%00%(upstream:remotename)%00%(upstream:remoteref) refs/heads/master refs/remotes/master [2ms]
2024-03-19 11:51:39.501 [info] > git status -z -uall [107ms]
2024-03-19 11:51:44.631 [info] No remotes found in the git config file.
2024-03-19 11:51:44.631 [info] > git config --get commit.template [15ms]
2024-03-19 11:51:44.632 [info] > git for-each-ref --format=%(refname)%00%(upstream:short)%00%(objectname)%00%(upstream:track)%00%(upstream:remotename)%00%(upstream:remoteref) refs/heads/master refs/remotes/master [2ms]
2024-03-19 11:51:44.736 [info] > git status -z -uall [90ms]
2024-03-19 11:51:49.918 [info] No remotes found in the git config file.
2024-03-19 11:51:49.919 [info] > git config --get commit.template [26ms]
2024-03-19 11:51:49.920 [info] > git for-each-ref --format=%(refname)%00%(upstream:short)%00%(objectname)%00%(upstream:track)%00%(upstream:remotename)%00%(upstream:remoteref) refs/heads/master refs/remotes/master [1ms]
2024-03-19 11:51:50.031 [info] > git status -z -uall [92ms]
2024-03-19 11:51:55.769 [info] > git config --get commit.template [3ms]
2024-03-19 11:51:55.790 [info] No remotes found in the git config file.
2024-03-19 11:51:55.792 [info] > git for-each-ref --format=%(refname)%00%(upstream:short)%00%(objectname)%00%(upstream:track)%00%(upstream:remotename)%00%(upstream:remoteref) refs/heads/master refs/remotes/master [2ms]
2024-03-19 11:51:55.922 [info] > git status -z -uall [111ms]
2024-03-19 11:52:13.777 [info] No remotes found in the git config file.
2024-03-19 11:52:13.778 [info] > git config --get commit.template [44ms]
2024-03-19 11:52:13.779 [info] > git for-each-ref --format=%(refname)%00%(upstream:short)%00%(objectname)%00%(upstream:track)%00%(upstream:remotename)%00%(upstream:remoteref) refs/heads/master refs/remotes/master [3ms]
2024-03-19 11:52:13.908 [info] > git status -z -uall [97ms]
2024-03-19 11:52:19.110 [info] No remotes found in the git config file.
2024-03-19 11:52:19.110 [info] > git config --get commit.template [21ms]
2024-03-19 11:52:19.111 [info] > git for-each-ref --format=%(refname)%00%(upstream:short)%00%(objectname)%00%(upstream:track)%00%(upstream:remotename)%00%(upstream:remoteref) refs/heads/master refs/remotes/master [2ms]
2024-03-19 11:52:19.237 [info] > git status -z -uall [105ms]
2024-03-19 11:52:24.404 [info] > git config --get commit.template [25ms]
2024-03-19 11:52:24.405 [info] No remotes found in the git config file.
2024-03-19 11:52:24.406 [info] > git for-each-ref --format=%(refname)%00%(upstream:short)%00%(objectname)%00%(upstream:track)%00%(upstream:remotename)%00%(upstream:remoteref) refs/heads/master refs/remotes/master [3ms]
2024-03-19 11:52:24.541 [info] > git status -z -uall [114ms]
2024-03-19 11:57:09.168 [info] > git config --get commit.template [3ms]
2024-03-19 11:57:09.184 [info] No remotes found in the git config file.
2024-03-19 11:57:09.185 [info] > git for-each-ref --format=%(refname)%00%(upstream:short)%00%(objectname)%00%(upstream:track)%00%(upstream:remotename)%00%(upstream:remoteref) refs/heads/master refs/remotes/master [2ms]
2024-03-19 11:57:09.296 [info] > git status -z -uall [101ms]
2024-03-19 11:57:14.497 [info] > git config --get commit.template [15ms]
2024-03-19 11:57:14.498 [info] No remotes found in the git config file.
2024-03-19 11:57:14.499 [info] > git for-each-ref --format=%(refname)%00%(upstream:short)%00%(objectname)%00%(upstream:track)%00%(upstream:remotename)%00%(upstream:remoteref) refs/heads/master refs/remotes/master [3ms]
2024-03-19 11:57:14.597 [info] > git status -z -uall [86ms]
2024-03-19 11:57:19.749 [info] > git config --get commit.template [4ms]
2024-03-19 11:57:19.781 [info] No remotes found in the git config file.
2024-03-19 11:57:19.784 [info] > git for-each-ref --format=%(refname)%00%(upstream:short)%00%(objectname)%00%(upstream:track)%00%(upstream:remotename)%00%(upstream:remoteref) refs/heads/master refs/remotes/master [4ms]
2024-03-19 11:57:19.909 [info] > git status -z -uall [107ms]
2024-03-19 11:57:30.684 [info] No remotes found in the git config file.
2024-03-19 11:57:30.685 [info] > git config --get commit.template [16ms]
2024-03-19 11:57:30.685 [info] > git for-each-ref --format=%(refname)%00%(upstream:short)%00%(objectname)%00%(upstream:track)%00%(upstream:remotename)%00%(upstream:remoteref) refs/heads/master refs/remotes/master [1ms]
2024-03-19 11:57:30.783 [info] > git status -z -uall [85ms]
2024-03-19 11:57:35.959 [info] No remotes found in the git config file.
2024-03-19 11:57:35.961 [info] > git config --get commit.template [38ms]
2024-03-19 11:57:35.963 [info] > git for-each-ref --format=%(refname)%00%(upstream:short)%00%(objectname)%00%(upstream:track)%00%(upstream:remotename)%00%(upstream:remoteref) refs/heads/master refs/remotes/master [5ms]
2024-03-19 11:57:36.105 [info] > git status -z -uall [118ms]
2024-03-19 11:57:42.864 [info] No remotes found in the git config file.
2024-03-19 11:57:42.866 [info] > git config --get commit.template [3ms]
2024-03-19 11:57:42.886 [info] > git for-each-ref --format=%(refname)%00%(upstream:short)%00%(objectname)%00%(upstream:track)%00%(upstream:remotename)%00%(upstream:remoteref) refs/heads/master refs/remotes/master [3ms]
2024-03-19 11:57:42.998 [info] > git status -z -uall [94ms]
2024-03-19 11:57:48.172 [info] No remotes found in the git config file.
2024-03-19 11:57:48.174 [info] > git config --get commit.template [43ms]
2024-03-19 11:57:48.175 [info] > git for-each-ref --format=%(refname)%00%(upstream:short)%00%(objectname)%00%(upstream:track)%00%(upstream:remotename)%00%(upstream:remoteref) refs/heads/master refs/remotes/master [4ms]
2024-03-19 11:57:48.328 [info] > git status -z -uall [133ms]
2024-03-19 11:57:53.490 [info] No remotes found in the git config file.
2024-03-19 11:57:53.491 [info] > git config --get commit.template [36ms]
2024-03-19 11:57:53.493 [info] > git for-each-ref --format=%(refname)%00%(upstream:short)%00%(objectname)%00%(upstream:track)%00%(upstream:remotename)%00%(upstream:remoteref) refs/heads/master refs/remotes/master [4ms]
2024-03-19 11:57:53.623 [info] > git status -z -uall [108ms]
2024-03-19 11:58:50.132 [info] > git config --get commit.template [2ms]
2024-03-19 11:58:50.170 [info] No remotes found in the git config file.
2024-03-19 11:58:50.174 [info] > git for-each-ref --format=%(refname)%00%(upstream:short)%00%(objectname)%00%(upstream:track)%00%(upstream:remotename)%00%(upstream:remoteref) refs/heads/master refs/remotes/master [4ms]
2024-03-19 11:58:50.286 [info] > git status -z -uall [100ms]
2024-03-19 11:58:55.481 [info] No remotes found in the git config file.
2024-03-19 11:58:55.484 [info] > git config --get commit.template [36ms]
2024-03-19 11:58:55.485 [info] > git for-each-ref --format=%(refname)%00%(upstream:short)%00%(objectname)%00%(upstream:track)%00%(upstream:remotename)%00%(upstream:remoteref) refs/heads/master refs/remotes/master [5ms]
2024-03-19 11:58:55.617 [info] > git status -z -uall [102ms]
2024-03-19 11:59:00.765 [info] No remotes found in the git config file.
2024-03-19 11:59:00.766 [info] > git config --get commit.template [24ms]
2024-03-19 11:59:00.766 [info] > git for-each-ref --format=%(refname)%00%(upstream:short)%00%(objectname)%00%(upstream:track)%00%(upstream:remotename)%00%(upstream:remoteref) refs/heads/master refs/remotes/master [1ms]
2024-03-19 11:59:00.866 [info] > git status -z -uall [89ms]
2024-03-19 11:59:06.548 [info] > git config --get commit.template [2ms]
2024-03-19 11:59:06.561 [info] No remotes found in the git config file.
2024-03-19 11:59:06.563 [info] > git for-each-ref --format=%(refname)%00%(upstream:short)%00%(objectname)%00%(upstream:track)%00%(upstream:remotename)%00%(upstream:remoteref) refs/heads/master refs/remotes/master [3ms]
2024-03-19 11:59:06.691 [info] > git status -z -uall [113ms]
2024-03-19 11:59:23.681 [info] > git config --get commit.template [17ms]
2024-03-19 11:59:23.682 [info] No remotes found in the git config file.
2024-03-19 11:59:23.685 [info] > git for-each-ref --format=%(refname)%00%(upstream:short)%00%(objectname)%00%(upstream:track)%00%(upstream:remotename)%00%(upstream:remoteref) refs/heads/master refs/remotes/master [6ms]
2024-03-19 11:59:23.812 [info] > git status -z -uall [98ms]
2024-03-19 11:59:28.972 [info] No remotes found in the git config file.
2024-03-19 11:59:28.973 [info] > git config --get commit.template [26ms]
2024-03-19 11:59:28.974 [info] > git for-each-ref --format=%(refname)%00%(upstream:short)%00%(objectname)%00%(upstream:track)%00%(upstream:remotename)%00%(upstream:remoteref) refs/heads/master refs/remotes/master [3ms]
2024-03-19 11:59:29.081 [info] > git status -z -uall [90ms]
2024-03-19 11:59:34.207 [info] No remotes found in the git config file.
2024-03-19 11:59:34.208 [info] > git config --get commit.template [13ms]
2024-03-19 11:59:34.208 [info] > git for-each-ref --format=%(refname)%00%(upstream:short)%00%(objectname)%00%(upstream:track)%00%(upstream:remotename)%00%(upstream:remoteref) refs/heads/master refs/remotes/master [1ms]
2024-03-19 11:59:34.308 [info] > git status -z -uall [87ms]
2024-03-19 11:59:35.446 [info] > git show --textconv :brocode/index.html [15ms]
2024-03-19 11:59:35.448 [info] > git ls-files --stage -- /root/brocode/index.html [3ms]
2024-03-19 11:59:39.459 [info] No remotes found in the git config file.
2024-03-19 11:59:39.461 [info] > git config --get commit.template [23ms]
2024-03-19 11:59:39.462 [info] > git for-each-ref --format=%(refname)%00%(upstream:short)%00%(objectname)%00%(upstream:track)%00%(upstream:remotename)%00%(upstream:remoteref) refs/heads/master refs/remotes/master [3ms]
2024-03-19 11:59:39.560 [info] > git status -z -uall [84ms]
2024-03-19 11:59:44.703 [info] > git config --get commit.template [20ms]
2024-03-19 11:59:44.704 [info] No remotes found in the git config file.
2024-03-19 11:59:44.705 [info] > git for-each-ref --format=%(refname)%00%(upstream:short)%00%(objectname)%00%(upstream:track)%00%(upstream:remotename)%00%(upstream:remoteref) refs/heads/master refs/remotes/master [3ms]
2024-03-19 11:59:44.813 [info] > git status -z -uall [91ms]
2024-03-19 12:00:08.364 [info] > git config --get commit.template [2ms]
2024-03-19 12:00:08.381 [info] No remotes found in the git config file.
2024-03-19 12:00:08.383 [info] > git for-each-ref --format=%(refname)%00%(upstream:short)%00%(objectname)%00%(upstream:track)%00%(upstream:remotename)%00%(upstream:remoteref) refs/heads/master refs/remotes/master [1ms]
2024-03-19 12:00:08.491 [info] > git status -z -uall [95ms]
2024-03-19 12:02:53.213 [info] > git config --get commit.template [3ms]
2024-03-19 12:02:53.227 [info] No remotes found in the git config file.
2024-03-19 12:02:53.228 [info] > git for-each-ref --format=%(refname)%00%(upstream:short)%00%(objectname)%00%(upstream:track)%00%(upstream:remotename)%00%(upstream:remoteref) refs/heads/master refs/remotes/master [2ms]
2024-03-19 12:02:53.385 [info] > git status -z -uall [143ms]
2024-03-19 12:02:58.609 [info] No remotes found in the git config file.
2024-03-19 12:02:58.612 [info] > git config --get commit.template [35ms]
2024-03-19 12:02:58.614 [info] > git for-each-ref --format=%(refname)%00%(upstream:short)%00%(objectname)%00%(upstream:track)%00%(upstream:remotename)%00%(upstream:remoteref) refs/heads/master refs/remotes/master [5ms]
2024-03-19 12:02:58.861 [info] > git status -z -uall [216ms]
2024-03-19 12:02:59.614 [info] > git show --textconv :brocode/index.js [19ms]
2024-03-19 12:02:59.615 [info] > git ls-files --stage -- /root/brocode/index.js [8ms]
2024-03-19 12:03:03.999 [info] No remotes found in the git config file.
2024-03-19 12:03:04.001 [info] > git config --get commit.template [18ms]
2024-03-19 12:03:04.001 [info] > git for-each-ref --format=%(refname)%00%(upstream:short)%00%(objectname)%00%(upstream:track)%00%(upstream:remotename)%00%(upstream:remoteref) refs/heads/master refs/remotes/master [3ms]
2024-03-19 12:03:04.106 [info] > git status -z -uall [90ms]
2024-03-19 12:03:09.280 [info] No remotes found in the git config file.
2024-03-19 12:03:09.281 [info] > git config --get commit.template [15ms]
2024-03-19 12:03:09.282 [info] > git for-each-ref --format=%(refname)%00%(upstream:short)%00%(objectname)%00%(upstream:track)%00%(upstream:remotename)%00%(upstream:remoteref) refs/heads/master refs/remotes/master [3ms]
2024-03-19 12:03:09.376 [info] > git status -z -uall [82ms]
2024-03-19 12:03:14.520 [info] No remotes found in the git config file.
2024-03-19 12:03:14.522 [info] > git config --get commit.template [29ms]
2024-03-19 12:03:14.531 [info] > git for-each-ref --format=%(refname)%00%(upstream:short)%00%(objectname)%00%(upstream:track)%00%(upstream:remotename)%00%(upstream:remoteref) refs/heads/master refs/remotes/master [12ms]
2024-03-19 12:03:14.693 [info] > git status -z -uall [142ms]
2024-03-19 12:03:19.798 [info] > git config --get commit.template [1ms]
2024-03-19 12:03:19.807 [info] No remotes found in the git config file.
2024-03-19 12:03:19.808 [info] > git for-each-ref --format=%(refname)%00%(upstream:short)%00%(objectname)%00%(upstream:track)%00%(upstream:remotename)%00%(upstream:remoteref) refs/heads/master refs/remotes/master [2ms]
2024-03-19 12:03:19.924 [info] > git status -z -uall [108ms]
2024-03-19 12:03:25.086 [info] No remotes found in the git config file.
2024-03-19 12:03:25.087 [info] > git config --get commit.template [16ms]
2024-03-19 12:03:25.088 [info] > git for-each-ref --format=%(refname)%00%(upstream:short)%00%(objectname)%00%(upstream:track)%00%(upstream:remotename)%00%(upstream:remoteref) refs/heads/master refs/remotes/master [2ms]
2024-03-19 12:03:25.191 [info] > git status -z -uall [90ms]
2024-03-19 12:03:30.324 [info] No remotes found in the git config file.
2024-03-19 12:03:30.325 [info] > git config --get commit.template [23ms]
2024-03-19 12:03:30.326 [info] > git for-each-ref --format=%(refname)%00%(upstream:short)%00%(objectname)%00%(upstream:track)%00%(upstream:remotename)%00%(upstream:remoteref) refs/heads/master refs/remotes/master [3ms]
2024-03-19 12:03:30.459 [info] > git status -z -uall [114ms]
2024-03-19 12:03:35.606 [info] > git config --get commit.template [7ms]
2024-03-19 12:03:35.639 [info] No remotes found in the git config file.
2024-03-19 12:03:35.641 [info] > git for-each-ref --format=%(refname)%00%(upstream:short)%00%(objectname)%00%(upstream:track)%00%(upstream:remotename)%00%(upstream:remoteref) refs/heads/master refs/remotes/master [2ms]
2024-03-19 12:03:35.751 [info] > git status -z -uall [94ms]
2024-03-19 12:03:40.894 [info] > git config --get commit.template [4ms]
2024-03-19 12:03:40.911 [info] No remotes found in the git config file.
2024-03-19 12:03:40.913 [info] > git for-each-ref --format=%(refname)%00%(upstream:short)%00%(objectname)%00%(upstream:track)%00%(upstream:remotename)%00%(upstream:remoteref) refs/heads/master refs/remotes/master [3ms]
2024-03-19 12:03:41.018 [info] > git status -z -uall [87ms]
2024-03-19 12:03:47.846 [info] > git config --get commit.template [4ms]
2024-03-19 12:03:47.860 [info] No remotes found in the git config file.
2024-03-19 12:03:47.861 [info] > git for-each-ref --format=%(refname)%00%(upstream:short)%00%(objectname)%00%(upstream:track)%00%(upstream:remotename)%00%(upstream:remoteref) refs/heads/master refs/remotes/master [2ms]
2024-03-19 12:03:47.978 [info] > git status -z -uall [104ms]
2024-03-19 12:03:53.855 [info] No remotes found in the git config file.
2024-03-19 12:03:53.856 [info] > git config --get commit.template [25ms]
2024-03-19 12:03:53.857 [info] > git for-each-ref --format=%(refname)%00%(upstream:short)%00%(objectname)%00%(upstream:track)%00%(upstream:remotename)%00%(upstream:remoteref) refs/heads/master refs/remotes/master [2ms]
2024-03-19 12:03:53.972 [info] > git status -z -uall [95ms]
2024-03-19 12:03:59.125 [info] > git config --get commit.template [2ms]
2024-03-19 12:03:59.140 [info] No remotes found in the git config file.
2024-03-19 12:03:59.143 [info] > git for-each-ref --format=%(refname)%00%(upstream:short)%00%(objectname)%00%(upstream:track)%00%(upstream:remotename)%00%(upstream:remoteref) refs/heads/master refs/remotes/master [3ms]
2024-03-19 12:03:59.242 [info] > git status -z -uall [83ms]
2024-03-19 12:04:04.993 [info] No remotes found in the git config file.
2024-03-19 12:04:04.994 [info] > git config --get commit.template [26ms]
2024-03-19 12:04:04.995 [info] > git for-each-ref --format=%(refname)%00%(upstream:short)%00%(objectname)%00%(upstream:track)%00%(upstream:remotename)%00%(upstream:remoteref) refs/heads/master refs/remotes/master [3ms]
2024-03-19 12:04:05.122 [info] > git status -z -uall [104ms]
2024-03-19 12:04:10.299 [info] > git config --get commit.template [34ms]
2024-03-19 12:04:10.299 [info] No remotes found in the git config file.
2024-03-19 12:04:10.300 [info] > git for-each-ref --format=%(refname)%00%(upstream:short)%00%(objectname)%00%(upstream:track)%00%(upstream:remotename)%00%(upstream:remoteref) refs/heads/master refs/remotes/master [3ms]
2024-03-19 12:04:10.417 [info] > git status -z -uall [92ms]
2024-03-19 12:04:16.142 [info] > git config --get commit.template [2ms]
2024-03-19 12:04:16.163 [info] No remotes found in the git config file.
2024-03-19 12:04:16.169 [info] > git for-each-ref --format=%(refname)%00%(upstream:short)%00%(objectname)%00%(upstream:track)%00%(upstream:remotename)%00%(upstream:remoteref) refs/heads/master refs/remotes/master [6ms]
2024-03-19 12:04:16.313 [info] > git status -z -uall [124ms]
2024-03-19 12:04:21.509 [info] No remotes found in the git config file.
2024-03-19 12:04:21.510 [info] > git config --get commit.template [18ms]
2024-03-19 12:04:21.511 [info] > git for-each-ref --format=%(refname)%00%(upstream:short)%00%(objectname)%00%(upstream:track)%00%(upstream:remotename)%00%(upstream:remoteref) refs/heads/master refs/remotes/master [2ms]
2024-03-19 12:04:21.637 [info] > git status -z -uall [109ms]
2024-03-19 12:04:26.744 [info] > git config --get commit.template [1ms]
2024-03-19 12:04:26.745 [info] No remotes found in the git config file.
2024-03-19 12:04:26.756 [info] > git for-each-ref --format=%(refname)%00%(upstream:short)%00%(objectname)%00%(upstream:track)%00%(upstream:remotename)%00%(upstream:remoteref) refs/heads/master refs/remotes/master [2ms]
2024-03-19 12:04:26.855 [info] > git status -z -uall [89ms]
2024-03-19 12:04:36.622 [info] > git config --get commit.template [6ms]
2024-03-19 12:04:36.647 [info] No remotes found in the git config file.
2024-03-19 12:04:36.649 [info] > git for-each-ref --format=%(refname)%00%(upstream:short)%00%(objectname)%00%(upstream:track)%00%(upstream:remotename)%00%(upstream:remoteref) refs/heads/master refs/remotes/master [3ms]
2024-03-19 12:04:36.755 [info] > git status -z -uall [90ms]
2024-03-19 12:04:41.918 [info] No remotes found in the git config file.
2024-03-19 12:04:41.919 [info] > git config --get commit.template [29ms]
2024-03-19 12:04:41.920 [info] > git for-each-ref --format=%(refname)%00%(upstream:short)%00%(objectname)%00%(upstream:track)%00%(upstream:remotename)%00%(upstream:remoteref) refs/heads/master refs/remotes/master [2ms]
2024-03-19 12:04:42.033 [info] > git status -z -uall [96ms]
2024-03-19 12:04:54.978 [info] No remotes found in the git config file.
2024-03-19 12:04:54.979 [info] > git config --get commit.template [13ms]
2024-03-19 12:04:54.980 [info] > git for-each-ref --format=%(refname)%00%(upstream:short)%00%(objectname)%00%(upstream:track)%00%(upstream:remotename)%00%(upstream:remoteref) refs/heads/master refs/remotes/master [1ms]
2024-03-19 12:04:55.074 [info] > git status -z -uall [84ms]
2024-03-19 12:05:09.962 [info] > git config --get commit.template [2ms]
2024-03-19 12:05:09.975 [info] No remotes found in the git config file.
2024-03-19 12:05:09.976 [info] > git for-each-ref --format=%(refname)%00%(upstream:short)%00%(objectname)%00%(upstream:track)%00%(upstream:remotename)%00%(upstream:remoteref) refs/heads/master refs/remotes/master [1ms]
2024-03-19 12:05:10.075 [info] > git status -z -uall [87ms]
2024-03-19 12:05:15.236 [info] > git config --get commit.template [27ms]
2024-03-19 12:05:15.237 [info] No remotes found in the git config file.
2024-03-19 12:05:15.238 [info] > git for-each-ref --format=%(refname)%00%(upstream:short)%00%(objectname)%00%(upstream:track)%00%(upstream:remotename)%00%(upstream:remoteref) refs/heads/master refs/remotes/master [3ms]
2024-03-19 12:05:15.350 [info] > git status -z -uall [92ms]
2024-03-19 12:05:20.491 [info] No remotes found in the git config file.
2024-03-19 12:05:20.492 [info] > git config --get commit.template [19ms]
2024-03-19 12:05:20.493 [info] > git for-each-ref --format=%(refname)%00%(upstream:short)%00%(objectname)%00%(upstream:track)%00%(upstream:remotename)%00%(upstream:remoteref) refs/heads/master refs/remotes/master [2ms]
2024-03-19 12:05:20.593 [info] > git status -z -uall [84ms]
2024-03-19 12:05:25.728 [info] No remotes found in the git config file.
2024-03-19 12:05:25.729 [info] > git config --get commit.template [19ms]
2024-03-19 12:05:25.730 [info] > git for-each-ref --format=%(refname)%00%(upstream:short)%00%(objectname)%00%(upstream:track)%00%(upstream:remotename)%00%(upstream:remoteref) refs/heads/master refs/remotes/master [2ms]
2024-03-19 12:05:25.833 [info] > git status -z -uall [88ms]
2024-03-19 12:05:31.012 [info] > git config --get commit.template [28ms]
2024-03-19 12:05:31.012 [info] No remotes found in the git config file.
2024-03-19 12:05:31.013 [info] > git for-each-ref --format=%(refname)%00%(upstream:short)%00%(objectname)%00%(upstream:track)%00%(upstream:remotename)%00%(upstream:remoteref) refs/heads/master refs/remotes/master [3ms]
2024-03-19 12:05:31.136 [info] > git status -z -uall [100ms]
2024-03-19 12:05:36.303 [info] No remotes found in the git config file.
2024-03-19 12:05:36.304 [info] > git config --get commit.template [26ms]
2024-03-19 12:05:36.305 [info] > git for-each-ref --format=%(refname)%00%(upstream:short)%00%(objectname)%00%(upstream:track)%00%(upstream:remotename)%00%(upstream:remoteref) refs/heads/master refs/remotes/master [2ms]
2024-03-19 12:05:36.438 [info] > git status -z -uall [110ms]
2024-03-19 12:05:42.168 [info] > git config --get commit.template [3ms]
2024-03-19 12:05:42.187 [info] No remotes found in the git config file.
2024-03-19 12:05:42.189 [info] > git for-each-ref --format=%(refname)%00%(upstream:short)%00%(objectname)%00%(upstream:track)%00%(upstream:remotename)%00%(upstream:remoteref) refs/heads/master refs/remotes/master [2ms]
2024-03-19 12:05:42.310 [info] > git status -z -uall [103ms]
2024-03-19 12:05:47.465 [info] > git config --get commit.template [29ms]
2024-03-19 12:05:47.465 [info] No remotes found in the git config file.
2024-03-19 12:05:47.467 [info] > git for-each-ref --format=%(refname)%00%(upstream:short)%00%(objectname)%00%(upstream:track)%00%(upstream:remotename)%00%(upstream:remoteref) refs/heads/master refs/remotes/master [3ms]
2024-03-19 12:05:47.576 [info] > git status -z -uall [85ms]
2024-03-19 12:05:52.703 [info] No remotes found in the git config file.
2024-03-19 12:05:52.705 [info] > git config --get commit.template [19ms]
2024-03-19 12:05:52.705 [info] > git for-each-ref --format=%(refname)%00%(upstream:short)%00%(objectname)%00%(upstream:track)%00%(upstream:remotename)%00%(upstream:remoteref) refs/heads/master refs/remotes/master [2ms]
2024-03-19 12:05:52.825 [info] > git status -z -uall [105ms]
2024-03-19 12:05:57.993 [info] > git config --get commit.template [17ms]
2024-03-19 12:05:57.993 [info] No remotes found in the git config file.
2024-03-19 12:05:57.993 [info] > git for-each-ref --format=%(refname)%00%(upstream:short)%00%(objectname)%00%(upstream:track)%00%(upstream:remotename)%00%(upstream:remoteref) refs/heads/master refs/remotes/master [1ms]
2024-03-19 12:05:58.096 [info] > git status -z -uall [86ms]
2024-03-19 12:06:03.244 [info] No remotes found in the git config file.
2024-03-19 12:06:03.245 [info] > git config --get commit.template [23ms]
2024-03-19 12:06:03.246 [info] > git for-each-ref --format=%(refname)%00%(upstream:short)%00%(objectname)%00%(upstream:track)%00%(upstream:remotename)%00%(upstream:remoteref) refs/heads/master refs/remotes/master [3ms]
2024-03-19 12:06:03.384 [info] > git status -z -uall [119ms]
2024-03-19 12:06:08.529 [info] No remotes found in the git config file.
2024-03-19 12:06:08.530 [info] > git config --get commit.template [15ms]
2024-03-19 12:06:08.530 [info] > git for-each-ref --format=%(refname)%00%(upstream:short)%00%(objectname)%00%(upstream:track)%00%(upstream:remotename)%00%(upstream:remoteref) refs/heads/master refs/remotes/master [1ms]
2024-03-19 12:06:08.629 [info] > git status -z -uall [87ms]
2024-03-19 12:06:13.763 [info] > git config --get commit.template [3ms]
2024-03-19 12:06:13.782 [info] No remotes found in the git config file.
2024-03-19 12:06:13.785 [info] > git for-each-ref --format=%(refname)%00%(upstream:short)%00%(objectname)%00%(upstream:track)%00%(upstream:remotename)%00%(upstream:remoteref) refs/heads/master refs/remotes/master [2ms]
2024-03-19 12:06:13.913 [info] > git status -z -uall [108ms]
2024-03-19 12:06:19.050 [info] No remotes found in the git config file.
2024-03-19 12:06:19.052 [info] > git config --get commit.template [25ms]
2024-03-19 12:06:19.053 [info] > git for-each-ref --format=%(refname)%00%(upstream:short)%00%(objectname)%00%(upstream:track)%00%(upstream:remotename)%00%(upstream:remoteref) refs/heads/master refs/remotes/master [3ms]
2024-03-19 12:06:19.155 [info] > git status -z -uall [85ms]
2024-03-19 12:06:24.324 [info] > git config --get commit.template [37ms]
2024-03-19 12:06:24.324 [info] No remotes found in the git config file.
2024-03-19 12:06:24.325 [info] > git for-each-ref --format=%(refname)%00%(upstream:short)%00%(objectname)%00%(upstream:track)%00%(upstream:remotename)%00%(upstream:remoteref) refs/heads/master refs/remotes/master [3ms]
2024-03-19 12:06:24.457 [info] > git status -z -uall [111ms]
2024-03-19 12:06:31.205 [info] No remotes found in the git config file.
2024-03-19 12:06:31.206 [info] > git config --get commit.template [24ms]
2024-03-19 12:06:31.207 [info] > git for-each-ref --format=%(refname)%00%(upstream:short)%00%(objectname)%00%(upstream:track)%00%(upstream:remotename)%00%(upstream:remoteref) refs/heads/master refs/remotes/master [2ms]
2024-03-19 12:06:31.338 [info] > git status -z -uall [111ms]
2024-03-19 12:06:36.479 [info] No remotes found in the git config file.
2024-03-19 12:06:36.481 [info] > git config --get commit.template [25ms]
2024-03-19 12:06:36.482 [info] > git for-each-ref --format=%(refname)%00%(upstream:short)%00%(objectname)%00%(upstream:track)%00%(upstream:remotename)%00%(upstream:remoteref) refs/heads/master refs/remotes/master [3ms]
2024-03-19 12:06:36.618 [info] > git status -z -uall [113ms]
2024-03-19 12:06:41.744 [info] No remotes found in the git config file.
2024-03-19 12:06:41.757 [info] > git config --get commit.template [14ms]
2024-03-19 12:06:41.758 [info] > git for-each-ref --format=%(refname)%00%(upstream:short)%00%(objectname)%00%(upstream:track)%00%(upstream:remotename)%00%(upstream:remoteref) refs/heads/master refs/remotes/master [1ms]
2024-03-19 12:06:41.861 [info] > git status -z -uall [88ms]
2024-03-19 12:06:46.999 [info] No remotes found in the git config file.
2024-03-19 12:06:47.000 [info] > git config --get commit.template [19ms]
2024-03-19 12:06:47.000 [info] > git for-each-ref --format=%(refname)%00%(upstream:short)%00%(objectname)%00%(upstream:track)%00%(upstream:remotename)%00%(upstream:remoteref) refs/heads/master refs/remotes/master [1ms]
2024-03-19 12:06:47.139 [info] > git status -z -uall [118ms]
2024-03-19 12:06:52.289 [info] No remotes found in the git config file.
2024-03-19 12:06:52.320 [info] > git config --get commit.template [32ms]
2024-03-19 12:06:52.321 [info] > git for-each-ref --format=%(refname)%00%(upstream:short)%00%(objectname)%00%(upstream:track)%00%(upstream:remotename)%00%(upstream:remoteref) refs/heads/master refs/remotes/master [3ms]
2024-03-19 12:06:52.450 [info] > git status -z -uall [105ms]
2024-03-19 12:06:57.622 [info] > git config --get commit.template [29ms]
2024-03-19 12:06:57.622 [info] No remotes found in the git config file.
2024-03-19 12:06:57.623 [info] > git for-each-ref --format=%(refname)%00%(upstream:short)%00%(objectname)%00%(upstream:track)%00%(upstream:remotename)%00%(upstream:remoteref) refs/heads/master refs/remotes/master [3ms]
2024-03-19 12:06:57.762 [info] > git status -z -uall [115ms]
2024-03-19 12:07:02.930 [info] No remotes found in the git config file.
2024-03-19 12:07:02.931 [info] > git config --get commit.template [28ms]
2024-03-19 12:07:02.932 [info] > git for-each-ref --format=%(refname)%00%(upstream:short)%00%(objectname)%00%(upstream:track)%00%(upstream:remotename)%00%(upstream:remoteref) refs/heads/master refs/remotes/master [2ms]
2024-03-19 12:07:03.057 [info] > git status -z -uall [99ms]
2024-03-19 12:07:08.206 [info] > git config --get commit.template [10ms]
2024-03-19 12:07:08.228 [info] No remotes found in the git config file.
2024-03-19 12:07:08.230 [info] > git for-each-ref --format=%(refname)%00%(upstream:short)%00%(objectname)%00%(upstream:track)%00%(upstream:remotename)%00%(upstream:remoteref) refs/heads/master refs/remotes/master [2ms]
2024-03-19 12:07:08.336 [info] > git status -z -uall [89ms]
2024-03-19 12:07:13.458 [info] > git config --get commit.template [2ms]
2024-03-19 12:07:13.474 [info] No remotes found in the git config file.
2024-03-19 12:07:13.475 [info] > git for-each-ref --format=%(refname)%00%(upstream:short)%00%(objectname)%00%(upstream:track)%00%(upstream:remotename)%00%(upstream:remoteref) refs/heads/master refs/remotes/master [1ms]
2024-03-19 12:07:13.587 [info] > git status -z -uall [95ms]
2024-03-19 12:07:18.722 [info] No remotes found in the git config file.
2024-03-19 12:07:18.723 [info] > git config --get commit.template [18ms]
2024-03-19 12:07:18.723 [info] > git for-each-ref --format=%(refname)%00%(upstream:short)%00%(objectname)%00%(upstream:track)%00%(upstream:remotename)%00%(upstream:remoteref) refs/heads/master refs/remotes/master [1ms]
2024-03-19 12:07:18.831 [info] > git status -z -uall [92ms]
2024-03-19 12:07:24.022 [info] No remotes found in the git config file.
2024-03-19 12:07:24.023 [info] > git config --get commit.template [34ms]
2024-03-19 12:07:24.023 [info] > git for-each-ref --format=%(refname)%00%(upstream:short)%00%(objectname)%00%(upstream:track)%00%(upstream:remotename)%00%(upstream:remoteref) refs/heads/master refs/remotes/master [2ms]
2024-03-19 12:07:24.163 [info] > git status -z -uall [110ms]
2024-03-19 12:07:29.338 [info] No remotes found in the git config file.
2024-03-19 12:07:29.340 [info] > git config --get commit.template [38ms]
2024-03-19 12:07:29.342 [info] > git for-each-ref --format=%(refname)%00%(upstream:short)%00%(objectname)%00%(upstream:track)%00%(upstream:remotename)%00%(upstream:remoteref) refs/heads/master refs/remotes/master [4ms]
2024-03-19 12:07:29.472 [info] > git status -z -uall [104ms]
2024-03-19 12:07:34.616 [info] No remotes found in the git config file.
2024-03-19 12:07:34.617 [info] > git config --get commit.template [22ms]
2024-03-19 12:07:34.618 [info] > git for-each-ref --format=%(refname)%00%(upstream:short)%00%(objectname)%00%(upstream:track)%00%(upstream:remotename)%00%(upstream:remoteref) refs/heads/master refs/remotes/master [3ms]
2024-03-19 12:07:34.746 [info] > git status -z -uall [107ms]
2024-03-19 12:07:39.919 [info] > git config --get commit.template [33ms]
2024-03-19 12:07:39.920 [info] No remotes found in the git config file.
2024-03-19 12:07:39.921 [info] > git for-each-ref --format=%(refname)%00%(upstream:short)%00%(objectname)%00%(upstream:track)%00%(upstream:remotename)%00%(upstream:remoteref) refs/heads/master refs/remotes/master [2ms]
2024-03-19 12:07:40.041 [info] > git status -z -uall [99ms]
2024-03-19 12:07:45.195 [info] No remotes found in the git config file.
2024-03-19 12:07:45.196 [info] > git config --get commit.template [15ms]
2024-03-19 12:07:45.196 [info] > git for-each-ref --format=%(refname)%00%(upstream:short)%00%(objectname)%00%(upstream:track)%00%(upstream:remotename)%00%(upstream:remoteref) refs/heads/master refs/remotes/master [2ms]
2024-03-19 12:07:45.307 [info] > git status -z -uall [97ms]
2024-03-19 12:07:51.029 [info] > git config --get commit.template [4ms]
2024-03-19 12:07:51.054 [info] No remotes found in the git config file.
2024-03-19 12:07:51.056 [info] > git for-each-ref --format=%(refname)%00%(upstream:short)%00%(objectname)%00%(upstream:track)%00%(upstream:remotename)%00%(upstream:remoteref) refs/heads/master refs/remotes/master [3ms]
2024-03-19 12:07:51.174 [info] > git status -z -uall [97ms]
2024-03-19 12:07:56.339 [info] No remotes found in the git config file.
2024-03-19 12:07:56.340 [info] > git config --get commit.template [20ms]
2024-03-19 12:07:56.341 [info] > git for-each-ref --format=%(refname)%00%(upstream:short)%00%(objectname)%00%(upstream:track)%00%(upstream:remotename)%00%(upstream:remoteref) refs/heads/master refs/remotes/master [2ms]
2024-03-19 12:07:56.448 [info] > git status -z -uall [92ms]
2024-03-19 12:08:01.609 [info] No remotes found in the git config file.
2024-03-19 12:08:01.611 [info] > git config --get commit.template [31ms]
2024-03-19 12:08:01.611 [info] > git for-each-ref --format=%(refname)%00%(upstream:short)%00%(objectname)%00%(upstream:track)%00%(upstream:remotename)%00%(upstream:remoteref) refs/heads/master refs/remotes/master [2ms]
2024-03-19 12:08:01.723 [info] > git status -z -uall [94ms]
2024-03-19 12:08:06.855 [info] > git config --get commit.template [3ms]
2024-03-19 12:08:06.869 [info] No remotes found in the git config file.
2024-03-19 12:08:06.871 [info] > git for-each-ref --format=%(refname)%00%(upstream:short)%00%(objectname)%00%(upstream:track)%00%(upstream:remotename)%00%(upstream:remoteref) refs/heads/master refs/remotes/master [1ms]
2024-03-19 12:08:06.976 [info] > git status -z -uall [92ms]
2024-03-19 12:08:12.096 [info] > git config --get commit.template [2ms]
2024-03-19 12:08:12.113 [info] No remotes found in the git config file.
2024-03-19 12:08:12.115 [info] > git for-each-ref --format=%(refname)%00%(upstream:short)%00%(objectname)%00%(upstream:track)%00%(upstream:remotename)%00%(upstream:remoteref) refs/heads/master refs/remotes/master [2ms]
2024-03-19 12:08:12.217 [info] > git status -z -uall [85ms]
2024-03-19 12:08:17.955 [info] > git config --get commit.template [3ms]
2024-03-19 12:08:17.980 [info] No remotes found in the git config file.
2024-03-19 12:08:17.983 [info] > git for-each-ref --format=%(refname)%00%(upstream:short)%00%(objectname)%00%(upstream:track)%00%(upstream:remotename)%00%(upstream:remoteref) refs/heads/master refs/remotes/master [3ms]
2024-03-19 12:08:18.103 [info] > git status -z -uall [95ms]
2024-03-19 12:08:23.227 [info] No remotes found in the git config file.
2024-03-19 12:08:23.248 [info] > git config --get commit.template [21ms]
2024-03-19 12:08:23.249 [info] > git for-each-ref --format=%(refname)%00%(upstream:short)%00%(objectname)%00%(upstream:track)%00%(upstream:remotename)%00%(upstream:remoteref) refs/heads/master refs/remotes/master [2ms]
2024-03-19 12:08:23.356 [info] > git status -z -uall [87ms]
2024-03-19 12:08:28.523 [info] No remotes found in the git config file.
2024-03-19 12:08:28.524 [info] > git config --get commit.template [29ms]
2024-03-19 12:08:28.525 [info] > git for-each-ref --format=%(refname)%00%(upstream:short)%00%(objectname)%00%(upstream:track)%00%(upstream:remotename)%00%(upstream:remoteref) refs/heads/master refs/remotes/master [3ms]
2024-03-19 12:08:28.656 [info] > git status -z -uall [107ms]
2024-03-19 12:08:36.423 [info] No remotes found in the git config file.
2024-03-19 12:08:36.441 [info] > git config --get commit.template [19ms]
2024-03-19 12:08:36.443 [info] > git for-each-ref --format=%(refname)%00%(upstream:short)%00%(objectname)%00%(upstream:track)%00%(upstream:remotename)%00%(upstream:remoteref) refs/heads/master refs/remotes/master [2ms]
2024-03-19 12:08:36.560 [info] > git status -z -uall [97ms]
2024-03-19 12:08:41.716 [info] No remotes found in the git config file.
2024-03-19 12:08:41.717 [info] > git config --get commit.template [38ms]
2024-03-19 12:08:41.718 [info] > git for-each-ref --format=%(refname)%00%(upstream:short)%00%(objectname)%00%(upstream:track)%00%(upstream:remotename)%00%(upstream:remoteref) refs/heads/master refs/remotes/master [2ms]
2024-03-19 12:08:41.847 [info] > git status -z -uall [102ms]
2024-03-19 12:08:47.068 [info] > git config --get commit.template [30ms]
2024-03-19 12:08:47.069 [info] No remotes found in the git config file.
2024-03-19 12:08:47.070 [info] > git for-each-ref --format=%(refname)%00%(upstream:short)%00%(objectname)%00%(upstream:track)%00%(upstream:remotename)%00%(upstream:remoteref) refs/heads/master refs/remotes/master [3ms]
2024-03-19 12:08:47.189 [info] > git status -z -uall [95ms]
2024-03-19 12:08:52.393 [info] > git config --get commit.template [24ms]
2024-03-19 12:08:52.394 [info] No remotes found in the git config file.
2024-03-19 12:08:52.395 [info] > git for-each-ref --format=%(refname)%00%(upstream:short)%00%(objectname)%00%(upstream:track)%00%(upstream:remotename)%00%(upstream:remoteref) refs/heads/master refs/remotes/master [4ms]
2024-03-19 12:08:52.514 [info] > git status -z -uall [98ms]
2024-03-19 12:08:57.627 [info] No remotes found in the git config file.
2024-03-19 12:08:57.637 [info] > git config --get commit.template [20ms]
2024-03-19 12:08:57.638 [info] > git for-each-ref --format=%(refname)%00%(upstream:short)%00%(objectname)%00%(upstream:track)%00%(upstream:remotename)%00%(upstream:remoteref) refs/heads/master refs/remotes/master [12ms]
2024-03-19 12:08:57.751 [info] > git status -z -uall [101ms]
2024-03-19 12:09:03.425 [info] > git config --get commit.template [2ms]
2024-03-19 12:09:03.426 [info] No remotes found in the git config file.
2024-03-19 12:09:03.445 [info] > git for-each-ref --format=%(refname)%00%(upstream:short)%00%(objectname)%00%(upstream:track)%00%(upstream:remotename)%00%(upstream:remoteref) refs/heads/master refs/remotes/master [3ms]
2024-03-19 12:09:03.558 [info] > git status -z -uall [97ms]
2024-03-19 12:09:08.743 [info] No remotes found in the git config file.
2024-03-19 12:09:08.744 [info] > git config --get commit.template [34ms]
2024-03-19 12:09:08.755 [info] > git for-each-ref --format=%(refname)%00%(upstream:short)%00%(objectname)%00%(upstream:track)%00%(upstream:remotename)%00%(upstream:remoteref) refs/heads/master refs/remotes/master [13ms]
2024-03-19 12:09:08.877 [info] > git status -z -uall [102ms]
2024-03-19 12:09:14.042 [info] No remotes found in the git config file.
2024-03-19 12:09:14.044 [info] > git config --get commit.template [28ms]
2024-03-19 12:09:14.054 [info] > git for-each-ref --format=%(refname)%00%(upstream:short)%00%(objectname)%00%(upstream:track)%00%(upstream:remotename)%00%(upstream:remoteref) refs/heads/master refs/remotes/master [13ms]
2024-03-19 12:09:14.196 [info] > git status -z -uall [118ms]
2024-03-19 12:09:19.363 [info] No remotes found in the git config file.
2024-03-19 12:09:19.364 [info] > git config --get commit.template [30ms]
2024-03-19 12:09:19.374 [info] > git for-each-ref --format=%(refname)%00%(upstream:short)%00%(objectname)%00%(upstream:track)%00%(upstream:remotename)%00%(upstream:remoteref) refs/heads/master refs/remotes/master [12ms]
2024-03-19 12:09:19.496 [info] > git status -z -uall [101ms]
2024-03-19 12:09:24.641 [info] No remotes found in the git config file.
2024-03-19 12:09:24.642 [info] > git config --get commit.template [20ms]
2024-03-19 12:09:24.652 [info] > git for-each-ref --format=%(refname)%00%(upstream:short)%00%(objectname)%00%(upstream:track)%00%(upstream:remotename)%00%(upstream:remoteref) refs/heads/master refs/remotes/master [11ms]
2024-03-19 12:09:24.769 [info] > git status -z -uall [96ms]
2024-03-19 12:09:29.928 [info] No remotes found in the git config file.
2024-03-19 12:09:29.930 [info] > git config --get commit.template [24ms]
2024-03-19 12:09:29.939 [info] > git for-each-ref --format=%(refname)%00%(upstream:short)%00%(objectname)%00%(upstream:track)%00%(upstream:remotename)%00%(upstream:remoteref) refs/heads/master refs/remotes/master [11ms]
2024-03-19 12:09:30.079 [info] > git status -z -uall [117ms]
2024-03-19 12:09:35.259 [info] No remotes found in the git config file.
2024-03-19 12:09:35.261 [info] > git config --get commit.template [43ms]
2024-03-19 12:09:35.271 [info] > git for-each-ref --format=%(refname)%00%(upstream:short)%00%(objectname)%00%(upstream:track)%00%(upstream:remotename)%00%(upstream:remoteref) refs/heads/master refs/remotes/master [14ms]
2024-03-19 12:09:35.394 [info] > git status -z -uall [89ms]
2024-03-19 12:09:42.157 [info] > git config --get commit.template [3ms]
2024-03-19 12:09:42.180 [info] No remotes found in the git config file.
2024-03-19 12:09:42.182 [info] > git for-each-ref --format=%(refname)%00%(upstream:short)%00%(objectname)%00%(upstream:track)%00%(upstream:remotename)%00%(upstream:remoteref) refs/heads/master refs/remotes/master [2ms]
2024-03-19 12:09:42.292 [info] > git status -z -uall [88ms]
2024-03-19 12:09:47.419 [info] No remotes found in the git config file.
2024-03-19 12:09:47.419 [info] > git config --get commit.template [15ms]
2024-03-19 12:09:47.420 [info] > git for-each-ref --format=%(refname)%00%(upstream:short)%00%(objectname)%00%(upstream:track)%00%(upstream:remotename)%00%(upstream:remoteref) refs/heads/master refs/remotes/master [1ms]
2024-03-19 12:09:47.524 [info] > git status -z -uall [89ms]
2024-03-19 12:09:52.655 [info] > git config --get commit.template [2ms]
2024-03-19 12:09:52.681 [info] No remotes found in the git config file.
2024-03-19 12:09:52.683 [info] > git for-each-ref --format=%(refname)%00%(upstream:short)%00%(objectname)%00%(upstream:track)%00%(upstream:remotename)%00%(upstream:remoteref) refs/heads/master refs/remotes/master [3ms]
2024-03-19 12:09:52.820 [info] > git status -z -uall [111ms]
2024-03-19 12:09:57.964 [info] No remotes found in the git config file.
2024-03-19 12:09:57.964 [info] > git config --get commit.template [23ms]
2024-03-19 12:09:57.965 [info] > git for-each-ref --format=%(refname)%00%(upstream:short)%00%(objectname)%00%(upstream:track)%00%(upstream:remotename)%00%(upstream:remoteref) refs/heads/master refs/remotes/master [2ms]
2024-03-19 12:09:58.080 [info] > git status -z -uall [96ms]
2024-03-19 12:10:03.278 [info] No remotes found in the git config file.
2024-03-19 12:10:03.278 [info] > git config --get commit.template [30ms]
2024-03-19 12:10:03.280 [info] > git for-each-ref --format=%(refname)%00%(upstream:short)%00%(objectname)%00%(upstream:track)%00%(upstream:remotename)%00%(upstream:remoteref) refs/heads/master refs/remotes/master [2ms]
2024-03-19 12:10:03.416 [info] > git status -z -uall [111ms]
2024-03-19 12:10:11.187 [info] > git config --get commit.template [2ms]
2024-03-19 12:10:11.215 [info] No remotes found in the git config file.
2024-03-19 12:10:11.218 [info] > git for-each-ref --format=%(refname)%00%(upstream:short)%00%(objectname)%00%(upstream:track)%00%(upstream:remotename)%00%(upstream:remoteref) refs/heads/master refs/remotes/master [3ms]
2024-03-19 12:10:11.345 [info] > git status -z -uall [99ms]
2024-03-19 12:10:20.221 [info] No remotes found in the git config file.
2024-03-19 12:10:20.223 [info] > git config --get commit.template [26ms]
2024-03-19 12:10:20.224 [info] > git for-each-ref --format=%(refname)%00%(upstream:short)%00%(objectname)%00%(upstream:track)%00%(upstream:remotename)%00%(upstream:remoteref) refs/heads/master refs/remotes/master [4ms]
2024-03-19 12:10:20.342 [info] > git status -z -uall [97ms]
2024-03-19 12:10:25.504 [info] No remotes found in the git config file.
2024-03-19 12:10:25.506 [info] > git config --get commit.template [31ms]
2024-03-19 12:10:25.507 [info] > git for-each-ref --format=%(refname)%00%(upstream:short)%00%(objectname)%00%(upstream:track)%00%(upstream:remotename)%00%(upstream:remoteref) refs/heads/master refs/remotes/master [5ms]
2024-03-19 12:10:25.636 [info] > git status -z -uall [101ms]
2024-03-19 12:10:33.414 [info] No remotes found in the git config file.
2024-03-19 12:10:33.418 [info] > git config --get commit.template [34ms]
2024-03-19 12:10:33.419 [info] > git for-each-ref --format=%(refname)%00%(upstream:short)%00%(objectname)%00%(upstream:track)%00%(upstream:remotename)%00%(upstream:remoteref) refs/heads/master refs/remotes/master [6ms]
2024-03-19 12:10:33.556 [info] > git status -z -uall [114ms]
2024-03-19 12:10:38.704 [info] No remotes found in the git config file.
2024-03-19 12:10:38.705 [info] > git config --get commit.template [19ms]
2024-03-19 12:10:38.706 [info] > git for-each-ref --format=%(refname)%00%(upstream:short)%00%(objectname)%00%(upstream:track)%00%(upstream:remotename)%00%(upstream:remoteref) refs/heads/master refs/remotes/master [2ms]
2024-03-19 12:10:38.838 [info] > git status -z -uall [116ms]
2024-03-19 12:10:44.000 [info] No remotes found in the git config file.
2024-03-19 12:10:44.002 [info] > git config --get commit.template [31ms]
2024-03-19 12:10:44.002 [info] > git for-each-ref --format=%(refname)%00%(upstream:short)%00%(objectname)%00%(upstream:track)%00%(upstream:remotename)%00%(upstream:remoteref) refs/heads/master refs/remotes/master [3ms]
2024-03-19 12:10:44.131 [info] > git status -z -uall [111ms]
2024-03-19 12:10:49.254 [info] No remotes found in the git config file.
2024-03-19 12:10:49.256 [info] > git config --get commit.template [15ms]
2024-03-19 12:10:49.256 [info] > git for-each-ref --format=%(refname)%00%(upstream:short)%00%(objectname)%00%(upstream:track)%00%(upstream:remotename)%00%(upstream:remoteref) refs/heads/master refs/remotes/master [2ms]
2024-03-19 12:10:49.359 [info] > git status -z -uall [91ms]
2024-03-19 12:10:58.942 [info] No remotes found in the git config file.
2024-03-19 12:10:58.943 [info] > git config --get commit.template [16ms]
2024-03-19 12:10:58.944 [info] > git for-each-ref --format=%(refname)%00%(upstream:short)%00%(objectname)%00%(upstream:track)%00%(upstream:remotename)%00%(upstream:remoteref) refs/heads/master refs/remotes/master [3ms]
2024-03-19 12:10:59.055 [info] > git status -z -uall [98ms]
2024-03-19 14:19:21.693 [info] No remotes found in the git config file.
2024-03-19 14:19:21.709 [info] > git config --get commit.template [21ms]
2024-03-19 14:19:21.710 [info] > git for-each-ref --format=%(refname)%00%(upstream:short)%00%(objectname)%00%(upstream:track)%00%(upstream:remotename)%00%(upstream:remoteref) refs/heads/master refs/remotes/master [3ms]
2024-03-19 14:19:21.885 [info] > git status -z -uall [161ms]
2024-03-19 14:19:27.150 [info] > git config --get commit.template [7ms]
2024-03-19 14:19:27.189 [info] No remotes found in the git config file.
2024-03-19 14:19:27.195 [info] > git for-each-ref --format=%(refname)%00%(upstream:short)%00%(objectname)%00%(upstream:track)%00%(upstream:remotename)%00%(upstream:remoteref) refs/heads/master refs/remotes/master [6ms]
2024-03-19 14:19:27.390 [info] > git status -z -uall [175ms]
2024-03-19 14:19:32.664 [info] No remotes found in the git config file.
2024-03-19 14:19:32.667 [info] > git config --get commit.template [33ms]
2024-03-19 14:19:32.668 [info] > git for-each-ref --format=%(refname)%00%(upstream:short)%00%(objectname)%00%(upstream:track)%00%(upstream:remotename)%00%(upstream:remoteref) refs/heads/master refs/remotes/master [5ms]
2024-03-19 14:19:32.942 [info] > git status -z -uall [246ms]
2024-03-19 14:19:38.241 [info] No remotes found in the git config file.
2024-03-19 14:19:38.244 [info] > git config --get commit.template [53ms]
2024-03-19 14:19:38.246 [info] > git for-each-ref --format=%(refname)%00%(upstream:short)%00%(objectname)%00%(upstream:track)%00%(upstream:remotename)%00%(upstream:remoteref) refs/heads/master refs/remotes/master [6ms]
2024-03-19 14:19:38.417 [info] > git status -z -uall [144ms]
2024-03-19 14:19:43.297 [info] > git show --textconv :brocode/index.html [51ms]
2024-03-19 14:19:43.312 [info] > git ls-files --stage -- /root/brocode/index.html [24ms]
2024-03-19 14:19:43.682 [info] No remotes found in the git config file.
2024-03-19 14:19:43.684 [info] > git config --get commit.template [33ms]
2024-03-19 14:19:43.686 [info] > git for-each-ref --format=%(refname)%00%(upstream:short)%00%(objectname)%00%(upstream:track)%00%(upstream:remotename)%00%(upstream:remoteref) refs/heads/master refs/remotes/master [4ms]
2024-03-19 14:19:44.098 [info] > git status -z -uall [382ms]
2024-03-19 15:08:04.048 [info] No remotes found in the git config file.
2024-03-19 15:08:04.055 [info] > git config --get commit.template [11ms]
2024-03-19 15:08:04.087 [info] > git for-each-ref --format=%(refname)%00%(upstream:short)%00%(objectname)%00%(upstream:track)%00%(upstream:remotename)%00%(upstream:remoteref) refs/heads/master refs/remotes/master [5ms]
2024-03-19 15:08:04.403 [info] > git status -z -uall [301ms]
2024-03-19 15:08:06.614 [info] > git show --textconv :brocode/index.js [10ms]
2024-03-19 15:08:06.617 [info] > git ls-files --stage -- /root/brocode/index.js [4ms]
2024-03-19 15:08:09.527 [info] > git config --get commit.template [1ms]
2024-03-19 15:08:09.535 [info] No remotes found in the git config file.
2024-03-19 15:08:09.536 [info] > git for-each-ref --format=%(refname)%00%(upstream:short)%00%(objectname)%00%(upstream:track)%00%(upstream:remotename)%00%(upstream:remoteref) refs/heads/master refs/remotes/master [1ms]
2024-03-19 15:08:09.621 [info] > git status -z -uall [76ms]
