2024-03-24 20:24:30.655 [info] Log level: Info
2024-03-24 20:24:30.655 [info] Validating found git in: "git"
2024-03-24 20:24:30.655 [info] Using git "2.43.2" from "git"
2024-03-24 20:24:30.655 [info] > git rev-parse --show-toplevel [8ms]
2024-03-24 20:24:30.660 [info] > git rev-parse --git-dir --git-common-dir [12ms]
2024-03-24 20:24:30.682 [info] Open repository: /root/codechallenge
2024-03-24 20:24:30.707 [info] > git config --get commit.template [8ms]
2024-03-24 20:24:30.736 [info] > git for-each-ref --format=%(refname)%00%(upstream:short)%00%(objectname)%00%(upstream:track)%00%(upstream:remotename)%00%(upstream:remoteref) refs/heads/master refs/remotes/master [11ms]
2024-03-24 20:24:30.767 [info] > git status -z -uall [4ms]
2024-03-24 20:24:30.793 [info] > git config --get commit.template [3ms]
2024-03-24 20:24:30.810 [info] > git for-each-ref --format=%(refname)%00%(upstream:short)%00%(objectname)%00%(upstream:track)%00%(upstream:remotename)%00%(upstream:remoteref) refs/heads/master refs/remotes/master [1ms]
2024-03-24 20:24:30.831 [info] > git status -z -uall [1ms]
2024-03-24 20:24:31.089 [info] > git show --textconv :net.js [11ms]
2024-03-24 20:24:31.090 [info] > git ls-files --stage -- /root/codechallenge/net.js [4ms]
2024-03-24 20:24:31.104 [info] > git cat-file -s 746770ccbf454b53fea8801267e88d3aa28fcfac [4ms]
2024-03-24 20:24:31.277 [info] > git check-ignore -v -z --stdin [2ms]
2024-03-24 20:24:32.320 [info] > git show --textconv :grade.js [34ms]
2024-03-24 20:24:32.321 [info] > git ls-files --stage -- /root/codechallenge/grade.js [6ms]
2024-03-24 20:24:32.353 [info] > git cat-file -s 3c463fa4234f7d341ae67714d7b3027f99b695cc [3ms]
2024-03-24 20:24:38.191 [info] > git show --textconv :grade.js [6ms]
2024-03-24 20:24:38.192 [info] > git ls-files --stage -- /root/codechallenge/grade.js [2ms]
2024-03-24 20:24:38.199 [info] > git cat-file -s 3c463fa4234f7d341ae67714d7b3027f99b695cc [1ms]
2024-03-24 20:24:54.694 [info] > git show --textconv :speed.js [10ms]
2024-03-24 20:24:54.696 [info] > git ls-files --stage -- /root/codechallenge/speed.js [3ms]
2024-03-24 20:24:54.705 [info] > git cat-file -s ab435e7117e8dc8a63f2bca13dbb783e9f2e5e63 [2ms]
2024-03-24 20:25:05.207 [info] > git show --textconv :net.js [34ms]
2024-03-24 20:25:05.225 [info] > git ls-files --stage -- /root/codechallenge/net.js [28ms]
2024-03-24 20:25:05.251 [info] > git cat-file -s 746770ccbf454b53fea8801267e88d3aa28fcfac [8ms]
2024-03-24 20:25:06.672 [info] > git show --textconv :grade.js [11ms]
2024-03-24 20:25:06.676 [info] > git ls-files --stage -- /root/codechallenge/grade.js [6ms]
2024-03-24 20:25:06.685 [info] > git cat-file -s 3c463fa4234f7d341ae67714d7b3027f99b695cc [2ms]
