2024-03-24 21:57:57.500 [info] Log level: Info
2024-03-24 21:57:57.500 [info] Validating found git in: "git"
2024-03-24 21:57:57.500 [info] Using git "2.43.2" from "git"
2024-03-24 21:57:57.500 [info] > git rev-parse --show-toplevel [134ms]
2024-03-24 21:57:57.500 [info] > git rev-parse --git-dir --git-common-dir [58ms]
2024-03-24 21:57:57.500 [info] Open repository: /root
2024-03-24 21:57:57.500 [info] > git show --textconv HEAD:codechallenge/speed.js [46ms]
2024-03-24 21:57:57.500 [info] > git ls-tree -l HEAD -- /root/codechallenge/speed.js [19ms]
2024-03-24 21:57:57.504 [info] > git config --get commit.template [16ms]
2024-03-24 21:57:57.525 [info] > git for-each-ref --format=%(refname)%00%(upstream:short)%00%(objectname)%00%(upstream:track)%00%(upstream:remotename)%00%(upstream:remoteref) refs/heads/master refs/remotes/master [9ms]
2024-03-24 21:57:57.591 [info] > git ls-tree -l HEAD -- /root/codechallenge/speed.js [18ms]
2024-03-24 21:57:57.976 [info] > git status -z -uall [426ms]
2024-03-24 21:57:58.087 [info] > git config --get commit.template [62ms]
2024-03-24 21:57:58.182 [info] > git check-ignore -v -z --stdin [98ms]
2024-03-24 21:57:58.196 [info] > git for-each-ref --format=%(refname)%00%(upstream:short)%00%(objectname)%00%(upstream:track)%00%(upstream:remotename)%00%(upstream:remoteref) refs/heads/master refs/remotes/master [2ms]
2024-03-24 21:57:58.498 [info] > git status -z -uall [293ms]
2024-03-24 21:58:05.099 [info] > git for-each-ref --format=%(refname)%00%(upstream:short)%00%(objectname)%00%(upstream:track)%00%(upstream:remotename)%00%(upstream:remoteref) refs/heads/master [14ms]
2024-03-24 21:58:05.122 [info] > git for-each-ref --format=%(refname)%00%(upstream:short)%00%(objectname)%00%(upstream:track)%00%(upstream:remotename)%00%(upstream:remoteref) refs/heads/master [3ms]
2024-03-24 21:58:05.136 [info] > git config --local branch.master.vscode-merge-base [3ms]
2024-03-24 21:58:05.136 [warning] git config failed: Failed to execute git
2024-03-24 21:58:05.148 [info] > git reflog refs/heads/master --grep-reflog=branch: Created from *. [3ms]
2024-03-24 21:58:05.157 [info] > git symbolic-ref --short refs/remotes/origin/HEAD [1ms]
2024-03-24 21:58:05.157 [info] fatal: ref refs/remotes/origin/HEAD is not a symbolic ref
2024-03-24 21:58:05.157 [info] GitHistoryProvider:resolveHistoryItemGroupBase - Failed to resolve history item group base for 'refs/heads/master'
2024-03-24 21:58:05.157 [info] GitHistoryProvider:resolveHistoryItemGroupCommonAncestor - Failed to resolve history item group base for 'refs/heads/master'
2024-03-24 21:58:05.474 [info] > git config --get commit.template [125ms]
2024-03-24 21:58:05.491 [info] > git for-each-ref --format=%(refname)%00%(upstream:short)%00%(objectname)%00%(upstream:track)%00%(upstream:remotename)%00%(upstream:remoteref) refs/heads/master [81ms]
2024-03-24 21:58:05.515 [info] > git for-each-ref --format=%(refname)%00%(upstream:short)%00%(objectname)%00%(upstream:track)%00%(upstream:remotename)%00%(upstream:remoteref) refs/heads/master refs/remotes/master [149ms]
2024-03-24 21:58:05.543 [info] > git for-each-ref --format=%(refname)%00%(upstream:short)%00%(objectname)%00%(upstream:track)%00%(upstream:remotename)%00%(upstream:remoteref) refs/heads/master [29ms]
2024-03-24 21:58:05.582 [info] > git config --local branch.master.vscode-merge-base [6ms]
2024-03-24 21:58:05.583 [warning] git config failed: Failed to execute git
2024-03-24 21:58:05.614 [info] > git reflog refs/heads/master --grep-reflog=branch: Created from *. [9ms]
2024-03-24 21:58:05.634 [info] > git symbolic-ref --short refs/remotes/origin/HEAD [4ms]
2024-03-24 21:58:05.634 [info] fatal: ref refs/remotes/origin/HEAD is not a symbolic ref
2024-03-24 21:58:05.634 [info] GitHistoryProvider:resolveHistoryItemGroupBase - Failed to resolve history item group base for 'refs/heads/master'
2024-03-24 21:58:05.634 [info] GitHistoryProvider:resolveHistoryItemGroupCommonAncestor - Failed to resolve history item group base for 'refs/heads/master'
2024-03-24 21:58:05.947 [info] > git status -z -uall [413ms]
2024-03-24 21:58:05.985 [info] > git for-each-ref --format=%(refname)%00%(upstream:short)%00%(objectname)%00%(upstream:track)%00%(upstream:remotename)%00%(upstream:remoteref) refs/heads/master [5ms]
2024-03-24 21:58:06.009 [info] > git for-each-ref --format=%(refname)%00%(upstream:short)%00%(objectname)%00%(upstream:track)%00%(upstream:remotename)%00%(upstream:remoteref) refs/heads/master [13ms]
2024-03-24 21:58:06.023 [info] > git config --local branch.master.vscode-merge-base [2ms]
2024-03-24 21:58:06.024 [warning] git config failed: Failed to execute git
2024-03-24 21:58:06.036 [info] > git check-ignore -v -z --stdin [30ms]
2024-03-24 21:58:06.039 [info] > git reflog refs/heads/master --grep-reflog=branch: Created from *. [5ms]
2024-03-24 21:58:06.098 [info] > git symbolic-ref --short refs/remotes/origin/HEAD [49ms]
2024-03-24 21:58:06.099 [info] fatal: ref refs/remotes/origin/HEAD is not a symbolic ref
2024-03-24 21:58:06.099 [info] GitHistoryProvider:resolveHistoryItemGroupBase - Failed to resolve history item group base for 'refs/heads/master'
2024-03-24 21:58:06.099 [info] GitHistoryProvider:resolveHistoryItemGroupCommonAncestor - Failed to resolve history item group base for 'refs/heads/master'
2024-03-24 21:58:06.206 [info] > git for-each-ref --format=%(refname)%00%(upstream:short)%00%(objectname)%00%(upstream:track)%00%(upstream:remotename)%00%(upstream:remoteref) refs/heads/master [5ms]
2024-03-24 21:58:06.250 [info] > git for-each-ref --format=%(refname)%00%(upstream:short)%00%(objectname)%00%(upstream:track)%00%(upstream:remotename)%00%(upstream:remoteref) refs/heads/master [24ms]
2024-03-24 21:58:06.276 [info] > git config --local branch.master.vscode-merge-base [5ms]
2024-03-24 21:58:06.277 [warning] git config failed: Failed to execute git
2024-03-24 21:58:06.309 [info] > git reflog refs/heads/master --grep-reflog=branch: Created from *. [10ms]
2024-03-24 21:58:06.335 [info] > git symbolic-ref --short refs/remotes/origin/HEAD [5ms]
2024-03-24 21:58:06.335 [info] fatal: ref refs/remotes/origin/HEAD is not a symbolic ref
2024-03-24 21:58:06.335 [info] GitHistoryProvider:resolveHistoryItemGroupBase - Failed to resolve history item group base for 'refs/heads/master'
2024-03-24 21:58:06.335 [info] GitHistoryProvider:resolveHistoryItemGroupCommonAncestor - Failed to resolve history item group base for 'refs/heads/master'
2024-03-24 21:58:06.964 [info] > git for-each-ref --format=%(refname)%00%(upstream:short)%00%(objectname)%00%(upstream:track)%00%(upstream:remotename)%00%(upstream:remoteref) refs/heads/master [5ms]
2024-03-24 21:58:06.987 [info] > git for-each-ref --format=%(refname)%00%(upstream:short)%00%(objectname)%00%(upstream:track)%00%(upstream:remotename)%00%(upstream:remoteref) refs/heads/master [5ms]
2024-03-24 21:58:07.011 [info] > git config --local branch.master.vscode-merge-base [4ms]
2024-03-24 21:58:07.011 [warning] git config failed: Failed to execute git
2024-03-24 21:58:07.034 [info] > git reflog refs/heads/master --grep-reflog=branch: Created from *. [6ms]
2024-03-24 21:58:07.055 [info] > git symbolic-ref --short refs/remotes/origin/HEAD [4ms]
2024-03-24 21:58:07.055 [info] fatal: ref refs/remotes/origin/HEAD is not a symbolic ref
2024-03-24 21:58:07.055 [info] GitHistoryProvider:resolveHistoryItemGroupBase - Failed to resolve history item group base for 'refs/heads/master'
2024-03-24 21:58:07.055 [info] GitHistoryProvider:resolveHistoryItemGroupCommonAncestor - Failed to resolve history item group base for 'refs/heads/master'
2024-03-24 21:58:10.997 [info] > git config --get commit.template [20ms]
2024-03-24 21:58:11.000 [info] > git for-each-ref --format=%(refname)%00%(upstream:short)%00%(objectname)%00%(upstream:track)%00%(upstream:remotename)%00%(upstream:remoteref) refs/heads/master refs/remotes/master [5ms]
2024-03-24 21:58:11.535 [info] > git status -z -uall [517ms]
2024-03-24 21:58:16.596 [info] > git config --get commit.template [22ms]
2024-03-24 21:58:16.598 [info] > git for-each-ref --format=%(refname)%00%(upstream:short)%00%(objectname)%00%(upstream:track)%00%(upstream:remotename)%00%(upstream:remoteref) refs/heads/master refs/remotes/master [5ms]
2024-03-24 21:58:16.998 [info] > git status -z -uall [382ms]
2024-03-24 21:58:22.054 [info] > git config --get commit.template [21ms]
2024-03-24 21:58:22.056 [info] > git for-each-ref --format=%(refname)%00%(upstream:short)%00%(objectname)%00%(upstream:track)%00%(upstream:remotename)%00%(upstream:remoteref) refs/heads/master refs/remotes/master [5ms]
2024-03-24 21:58:22.573 [info] > git status -z -uall [501ms]
