2024-03-24 21:53:11.613 [info] Log level: Info
2024-03-24 21:53:11.613 [info] Validating found git in: "git"
2024-03-24 21:53:11.613 [info] Using git "2.43.2" from "git"
2024-03-24 21:53:11.613 [info] > git rev-parse --show-toplevel [83ms]
2024-03-24 21:53:11.613 [info] > git rev-parse --git-dir --git-common-dir [9ms]
2024-03-24 21:53:11.613 [info] Open repository: /root/codechallenge
2024-03-24 21:53:11.648 [info] > git config --get commit.template [13ms]
2024-03-24 21:53:11.664 [info] > git for-each-ref --format=%(refname)%00%(upstream:short)%00%(objectname)%00%(upstream:track)%00%(upstream:remotename)%00%(upstream:remoteref) refs/heads/master refs/remotes/master [5ms]
2024-03-24 21:53:11.681 [info] > git status -z -uall [6ms]
2024-03-24 21:53:11.718 [info] > git config --get commit.template [6ms]
2024-03-24 21:53:11.735 [info] > git for-each-ref --format=%(refname)%00%(upstream:short)%00%(objectname)%00%(upstream:track)%00%(upstream:remotename)%00%(upstream:remoteref) refs/heads/master refs/remotes/master [4ms]
2024-03-24 21:53:11.754 [info] > git status -z -uall [10ms]
2024-03-24 21:53:11.951 [info] > git show --textconv :net.js [12ms]
2024-03-24 21:53:11.954 [info] > git ls-files --stage -- /root/codechallenge/net.js [7ms]
2024-03-24 21:53:11.967 [info] > git cat-file -s 746770ccbf454b53fea8801267e88d3aa28fcfac [3ms]
2024-03-24 21:53:12.192 [info] > git check-ignore -v -z --stdin [2ms]
2024-03-24 21:53:14.336 [info] > git for-each-ref --format=%(refname)%00%(upstream:short)%00%(objectname)%00%(upstream:track)%00%(upstream:remotename)%00%(upstream:remoteref) refs/heads/master [2ms]
2024-03-24 21:53:14.346 [info] > git for-each-ref --format=%(refname)%00%(upstream:short)%00%(objectname)%00%(upstream:track)%00%(upstream:remotename)%00%(upstream:remoteref) refs/heads/master [1ms]
2024-03-24 21:53:14.355 [info] > git config --local branch.master.vscode-merge-base [2ms]
2024-03-24 21:53:14.355 [warning] git config failed: Failed to execute git
2024-03-24 21:53:14.363 [info] > git reflog refs/heads/master --grep-reflog=branch: Created from *. [2ms]
2024-03-24 21:53:14.370 [info] > git symbolic-ref --short refs/remotes/origin/HEAD [2ms]
2024-03-24 21:53:14.370 [info] fatal: ref refs/remotes/origin/HEAD is not a symbolic ref
2024-03-24 21:53:14.370 [info] GitHistoryProvider:resolveHistoryItemGroupBase - Failed to resolve history item group base for 'refs/heads/master'
2024-03-24 21:53:14.370 [info] GitHistoryProvider:resolveHistoryItemGroupCommonAncestor - Failed to resolve history item group base for 'refs/heads/master'
2024-03-24 21:53:14.524 [info] > git for-each-ref --format=%(refname)%00%(upstream:short)%00%(objectname)%00%(upstream:track)%00%(upstream:remotename)%00%(upstream:remoteref) refs/heads/master [28ms]
2024-03-24 21:53:14.537 [info] > git for-each-ref --format=%(refname)%00%(upstream:short)%00%(objectname)%00%(upstream:track)%00%(upstream:remotename)%00%(upstream:remoteref) refs/heads/master [2ms]
2024-03-24 21:53:14.546 [info] > git config --local branch.master.vscode-merge-base [2ms]
2024-03-24 21:53:14.546 [warning] git config failed: Failed to execute git
2024-03-24 21:53:14.560 [info] > git reflog refs/heads/master --grep-reflog=branch: Created from *. [7ms]
2024-03-24 21:53:14.567 [info] > git symbolic-ref --short refs/remotes/origin/HEAD [2ms]
2024-03-24 21:53:14.567 [info] fatal: ref refs/remotes/origin/HEAD is not a symbolic ref
2024-03-24 21:53:14.567 [info] GitHistoryProvider:resolveHistoryItemGroupBase - Failed to resolve history item group base for 'refs/heads/master'
2024-03-24 21:53:14.567 [info] GitHistoryProvider:resolveHistoryItemGroupCommonAncestor - Failed to resolve history item group base for 'refs/heads/master'
2024-03-24 21:54:22.447 [info] > git rev-parse --show-toplevel [3ms]
2024-03-24 21:54:22.523 [info] > git rev-parse --git-dir --git-common-dir [67ms]
2024-03-24 21:54:22.540 [info] Open repository: /root
2024-03-24 21:54:22.554 [info] > git config --get commit.template [3ms]
2024-03-24 21:54:22.564 [info] > git for-each-ref --format=%(refname)%00%(upstream:short)%00%(objectname)%00%(upstream:track)%00%(upstream:remotename)%00%(upstream:remoteref) refs/heads/master refs/remotes/master [2ms]
2024-03-24 21:54:22.653 [info] > git for-each-ref --format=%(refname)%00%(upstream:short)%00%(objectname)%00%(upstream:track)%00%(upstream:remotename)%00%(upstream:remoteref) refs/heads/master [5ms]
2024-03-24 21:54:22.667 [info] > git for-each-ref --format=%(refname)%00%(upstream:short)%00%(objectname)%00%(upstream:track)%00%(upstream:remotename)%00%(upstream:remoteref) refs/heads/master [3ms]
2024-03-24 21:54:22.684 [info] > git config --local branch.master.vscode-merge-base [3ms]
2024-03-24 21:54:22.685 [warning] git config failed: Failed to execute git
2024-03-24 21:54:22.701 [info] > git reflog refs/heads/master --grep-reflog=branch: Created from *. [4ms]
2024-03-24 21:54:22.721 [info] > git symbolic-ref --short refs/remotes/origin/HEAD [5ms]
2024-03-24 21:54:22.722 [info] fatal: ref refs/remotes/origin/HEAD is not a symbolic ref
2024-03-24 21:54:22.722 [info] GitHistoryProvider:resolveHistoryItemGroupBase - Failed to resolve history item group base for 'refs/heads/master'
2024-03-24 21:54:22.722 [info] GitHistoryProvider:resolveHistoryItemGroupCommonAncestor - Failed to resolve history item group base for 'refs/heads/master'
2024-03-24 21:54:22.846 [info] > git status -z -uall [271ms]
2024-03-24 21:54:22.953 [info] > git config --get commit.template [67ms]
2024-03-24 21:54:23.235 [info] > git for-each-ref --format=%(refname)%00%(upstream:short)%00%(objectname)%00%(upstream:track)%00%(upstream:remotename)%00%(upstream:remoteref) refs/heads/master [175ms]
2024-03-24 21:54:23.359 [info] > git check-ignore -v -z --stdin [105ms]
2024-03-24 21:54:23.360 [info] > git check-ignore -v -z --stdin [98ms]
2024-03-24 21:54:23.360 [info] > git show --textconv :challenges/README.md [81ms]
2024-03-24 21:54:23.361 [info] > git for-each-ref --format=%(refname)%00%(upstream:short)%00%(objectname)%00%(upstream:track)%00%(upstream:remotename)%00%(upstream:remoteref) refs/heads/master [118ms]
2024-03-24 21:54:23.371 [info] > git for-each-ref --format=%(refname)%00%(upstream:short)%00%(objectname)%00%(upstream:track)%00%(upstream:remotename)%00%(upstream:remoteref) refs/heads/master refs/remotes/master [294ms]
2024-03-24 21:54:23.385 [info] > git config --local branch.master.vscode-merge-base [13ms]
2024-03-24 21:54:23.385 [warning] git config failed: Failed to execute git
2024-03-24 21:54:23.401 [info] > git ls-files --stage -- /root/challenges/README.md [112ms]
2024-03-24 21:54:23.417 [info] > git cat-file -s e69de29bb2d1d6434b8b29ae775ad8c2e48c5391 [7ms]
2024-03-24 21:54:23.418 [info] > git reflog refs/heads/master --grep-reflog=branch: Created from *. [18ms]
2024-03-24 21:54:23.431 [info] > git symbolic-ref --short refs/remotes/origin/HEAD [4ms]
2024-03-24 21:54:23.431 [info] fatal: ref refs/remotes/origin/HEAD is not a symbolic ref
2024-03-24 21:54:23.431 [info] GitHistoryProvider:resolveHistoryItemGroupBase - Failed to resolve history item group base for 'refs/heads/master'
2024-03-24 21:54:23.431 [info] GitHistoryProvider:resolveHistoryItemGroupCommonAncestor - Failed to resolve history item group base for 'refs/heads/master'
2024-03-24 21:54:23.463 [info] > git for-each-ref --format=%(refname)%00%(upstream:short)%00%(objectname)%00%(upstream:track)%00%(upstream:remotename)%00%(upstream:remoteref) refs/heads/master [3ms]
2024-03-24 21:54:23.484 [info] > git for-each-ref --format=%(refname)%00%(upstream:short)%00%(objectname)%00%(upstream:track)%00%(upstream:remotename)%00%(upstream:remoteref) refs/heads/master [6ms]
2024-03-24 21:54:23.496 [info] > git config --local branch.master.vscode-merge-base [3ms]
2024-03-24 21:54:23.496 [warning] git config failed: Failed to execute git
2024-03-24 21:54:23.510 [info] > git reflog refs/heads/master --grep-reflog=branch: Created from *. [3ms]
2024-03-24 21:54:23.521 [info] > git symbolic-ref --short refs/remotes/origin/HEAD [3ms]
2024-03-24 21:54:23.521 [info] fatal: ref refs/remotes/origin/HEAD is not a symbolic ref
2024-03-24 21:54:23.522 [info] GitHistoryProvider:resolveHistoryItemGroupBase - Failed to resolve history item group base for 'refs/heads/master'
2024-03-24 21:54:23.522 [info] GitHistoryProvider:resolveHistoryItemGroupCommonAncestor - Failed to resolve history item group base for 'refs/heads/master'
2024-03-24 21:54:23.616 [info] > git status -z -uall [237ms]
2024-03-24 21:54:23.829 [info] > git for-each-ref --format=%(refname)%00%(upstream:short)%00%(objectname)%00%(upstream:track)%00%(upstream:remotename)%00%(upstream:remoteref) refs/heads/master [3ms]
2024-03-24 21:54:23.848 [info] > git for-each-ref --format=%(refname)%00%(upstream:short)%00%(objectname)%00%(upstream:track)%00%(upstream:remotename)%00%(upstream:remoteref) refs/heads/master [4ms]
2024-03-24 21:54:23.865 [info] > git config --local branch.master.vscode-merge-base [3ms]
2024-03-24 21:54:23.865 [warning] git config failed: Failed to execute git
2024-03-24 21:54:23.884 [info] > git reflog refs/heads/master --grep-reflog=branch: Created from *. [6ms]
2024-03-24 21:54:23.899 [info] > git symbolic-ref --short refs/remotes/origin/HEAD [2ms]
2024-03-24 21:54:23.899 [info] fatal: ref refs/remotes/origin/HEAD is not a symbolic ref
2024-03-24 21:54:23.899 [info] GitHistoryProvider:resolveHistoryItemGroupBase - Failed to resolve history item group base for 'refs/heads/master'
2024-03-24 21:54:23.899 [info] GitHistoryProvider:resolveHistoryItemGroupCommonAncestor - Failed to resolve history item group base for 'refs/heads/master'
2024-03-24 21:54:24.011 [info] > git for-each-ref --format=%(refname)%00%(upstream:short)%00%(objectname)%00%(upstream:track)%00%(upstream:remotename)%00%(upstream:remoteref) refs/heads/master [12ms]
2024-03-24 21:54:24.027 [info] > git for-each-ref --format=%(refname)%00%(upstream:short)%00%(objectname)%00%(upstream:track)%00%(upstream:remotename)%00%(upstream:remoteref) refs/heads/master [4ms]
2024-03-24 21:54:24.043 [info] > git config --local branch.master.vscode-merge-base [3ms]
2024-03-24 21:54:24.043 [warning] git config failed: Failed to execute git
2024-03-24 21:54:24.060 [info] > git reflog refs/heads/master --grep-reflog=branch: Created from *. [4ms]
2024-03-24 21:54:24.075 [info] > git symbolic-ref --short refs/remotes/origin/HEAD [3ms]
2024-03-24 21:54:24.075 [info] fatal: ref refs/remotes/origin/HEAD is not a symbolic ref
2024-03-24 21:54:24.075 [info] GitHistoryProvider:resolveHistoryItemGroupBase - Failed to resolve history item group base for 'refs/heads/master'
2024-03-24 21:54:24.075 [info] GitHistoryProvider:resolveHistoryItemGroupCommonAncestor - Failed to resolve history item group base for 'refs/heads/master'
2024-03-24 21:54:24.151 [info] > git check-ignore -v -z --stdin [23ms]
2024-03-24 21:54:25.187 [info] > git for-each-ref --format=%(refname)%00%(upstream:short)%00%(objectname)%00%(upstream:track)%00%(upstream:remotename)%00%(upstream:remoteref) refs/heads/master [10ms]
2024-03-24 21:54:25.198 [info] > git for-each-ref --format=%(refname)%00%(upstream:short)%00%(objectname)%00%(upstream:track)%00%(upstream:remotename)%00%(upstream:remoteref) refs/heads/master [2ms]
2024-03-24 21:54:25.209 [info] > git config --local branch.master.vscode-merge-base [2ms]
2024-03-24 21:54:25.209 [warning] git config failed: Failed to execute git
2024-03-24 21:54:25.222 [info] > git reflog refs/heads/master --grep-reflog=branch: Created from *. [3ms]
2024-03-24 21:54:25.230 [info] > git symbolic-ref --short refs/remotes/origin/HEAD [2ms]
2024-03-24 21:54:25.230 [info] fatal: ref refs/remotes/origin/HEAD is not a symbolic ref
2024-03-24 21:54:25.230 [info] GitHistoryProvider:resolveHistoryItemGroupBase - Failed to resolve history item group base for 'refs/heads/master'
2024-03-24 21:54:25.230 [info] GitHistoryProvider:resolveHistoryItemGroupCommonAncestor - Failed to resolve history item group base for 'refs/heads/master'
2024-03-24 21:54:29.212 [info] > git config --get commit.template [22ms]
2024-03-24 21:54:29.215 [info] > git for-each-ref --format=%(refname)%00%(upstream:short)%00%(objectname)%00%(upstream:track)%00%(upstream:remotename)%00%(upstream:remoteref) refs/heads/master refs/remotes/master [6ms]
2024-03-24 21:54:29.777 [info] > git status -z -uall [541ms]
2024-03-24 21:54:30.035 [info] > git for-each-ref --format=%(refname)%00%(upstream:short)%00%(objectname)%00%(upstream:track)%00%(upstream:remotename)%00%(upstream:remoteref) refs/heads/master [4ms]
2024-03-24 21:54:30.065 [info] > git for-each-ref --format=%(refname)%00%(upstream:short)%00%(objectname)%00%(upstream:track)%00%(upstream:remotename)%00%(upstream:remoteref) refs/heads/master [9ms]
2024-03-24 21:54:30.105 [info] > git config --local branch.master.vscode-merge-base [9ms]
2024-03-24 21:54:30.105 [warning] git config failed: Failed to execute git
2024-03-24 21:54:30.142 [info] > git reflog refs/heads/master --grep-reflog=branch: Created from *. [13ms]
2024-03-24 21:54:30.169 [info] > git symbolic-ref --short refs/remotes/origin/HEAD [5ms]
2024-03-24 21:54:30.170 [info] fatal: ref refs/remotes/origin/HEAD is not a symbolic ref
2024-03-24 21:54:30.170 [info] GitHistoryProvider:resolveHistoryItemGroupBase - Failed to resolve history item group base for 'refs/heads/master'
2024-03-24 21:54:30.170 [info] GitHistoryProvider:resolveHistoryItemGroupCommonAncestor - Failed to resolve history item group base for 'refs/heads/master'
2024-03-24 21:54:30.283 [info] > git for-each-ref --format=%(refname)%00%(upstream:short)%00%(objectname)%00%(upstream:track)%00%(upstream:remotename)%00%(upstream:remoteref) refs/heads/master [2ms]
2024-03-24 21:54:30.293 [info] > git for-each-ref --format=%(refname)%00%(upstream:short)%00%(objectname)%00%(upstream:track)%00%(upstream:remotename)%00%(upstream:remoteref) refs/heads/master [2ms]
2024-03-24 21:54:30.307 [info] > git config --local branch.master.vscode-merge-base [4ms]
2024-03-24 21:54:30.307 [warning] git config failed: Failed to execute git
2024-03-24 21:54:30.319 [info] > git reflog refs/heads/master --grep-reflog=branch: Created from *. [4ms]
2024-03-24 21:54:30.329 [info] > git symbolic-ref --short refs/remotes/origin/HEAD [2ms]
2024-03-24 21:54:30.329 [info] fatal: ref refs/remotes/origin/HEAD is not a symbolic ref
2024-03-24 21:54:30.329 [info] GitHistoryProvider:resolveHistoryItemGroupBase - Failed to resolve history item group base for 'refs/heads/master'
2024-03-24 21:54:30.329 [info] GitHistoryProvider:resolveHistoryItemGroupCommonAncestor - Failed to resolve history item group base for 'refs/heads/master'
2024-03-24 21:54:34.842 [info] > git config --get commit.template [25ms]
2024-03-24 21:54:34.844 [info] > git for-each-ref --format=%(refname)%00%(upstream:short)%00%(objectname)%00%(upstream:track)%00%(upstream:remotename)%00%(upstream:remoteref) refs/heads/master refs/remotes/master [6ms]
2024-03-24 21:54:35.289 [info] > git status -z -uall [425ms]
2024-03-24 21:54:35.506 [info] > git for-each-ref --format=%(refname)%00%(upstream:short)%00%(objectname)%00%(upstream:track)%00%(upstream:remotename)%00%(upstream:remoteref) refs/heads/master [6ms]
2024-03-24 21:54:35.530 [info] > git for-each-ref --format=%(refname)%00%(upstream:short)%00%(objectname)%00%(upstream:track)%00%(upstream:remotename)%00%(upstream:remoteref) refs/heads/master [4ms]
2024-03-24 21:54:35.554 [info] > git config --local branch.master.vscode-merge-base [4ms]
2024-03-24 21:54:35.554 [warning] git config failed: Failed to execute git
2024-03-24 21:54:35.581 [info] > git reflog refs/heads/master --grep-reflog=branch: Created from *. [8ms]
2024-03-24 21:54:35.601 [info] > git symbolic-ref --short refs/remotes/origin/HEAD [4ms]
2024-03-24 21:54:35.601 [info] fatal: ref refs/remotes/origin/HEAD is not a symbolic ref
2024-03-24 21:54:35.601 [info] GitHistoryProvider:resolveHistoryItemGroupBase - Failed to resolve history item group base for 'refs/heads/master'
2024-03-24 21:54:35.601 [info] GitHistoryProvider:resolveHistoryItemGroupCommonAncestor - Failed to resolve history item group base for 'refs/heads/master'
2024-03-24 21:54:35.722 [info] > git for-each-ref --format=%(refname)%00%(upstream:short)%00%(objectname)%00%(upstream:track)%00%(upstream:remotename)%00%(upstream:remoteref) refs/heads/master [5ms]
2024-03-24 21:54:35.741 [info] > git for-each-ref --format=%(refname)%00%(upstream:short)%00%(objectname)%00%(upstream:track)%00%(upstream:remotename)%00%(upstream:remoteref) refs/heads/master [4ms]
2024-03-24 21:54:35.757 [info] > git config --local branch.master.vscode-merge-base [3ms]
2024-03-24 21:54:35.758 [warning] git config failed: Failed to execute git
2024-03-24 21:54:35.775 [info] > git reflog refs/heads/master --grep-reflog=branch: Created from *. [4ms]
2024-03-24 21:54:35.791 [info] > git symbolic-ref --short refs/remotes/origin/HEAD [3ms]
2024-03-24 21:54:35.792 [info] fatal: ref refs/remotes/origin/HEAD is not a symbolic ref
2024-03-24 21:54:35.792 [info] GitHistoryProvider:resolveHistoryItemGroupBase - Failed to resolve history item group base for 'refs/heads/master'
2024-03-24 21:54:35.792 [info] GitHistoryProvider:resolveHistoryItemGroupCommonAncestor - Failed to resolve history item group base for 'refs/heads/master'
2024-03-24 21:54:40.321 [info] > git config --get commit.template [4ms]
2024-03-24 21:54:40.344 [info] > git for-each-ref --format=%(refname)%00%(upstream:short)%00%(objectname)%00%(upstream:track)%00%(upstream:remotename)%00%(upstream:remoteref) refs/heads/master refs/remotes/master [4ms]
2024-03-24 21:54:40.852 [info] > git status -z -uall [489ms]
2024-03-24 21:54:41.052 [info] > git for-each-ref --format=%(refname)%00%(upstream:short)%00%(objectname)%00%(upstream:track)%00%(upstream:remotename)%00%(upstream:remoteref) refs/heads/master [3ms]
2024-03-24 21:54:41.064 [info] > git for-each-ref --format=%(refname)%00%(upstream:short)%00%(objectname)%00%(upstream:track)%00%(upstream:remotename)%00%(upstream:remoteref) refs/heads/master [2ms]
2024-03-24 21:54:41.076 [info] > git config --local branch.master.vscode-merge-base [1ms]
2024-03-24 21:54:41.076 [warning] git config failed: Failed to execute git
2024-03-24 21:54:41.094 [info] > git reflog refs/heads/master --grep-reflog=branch: Created from *. [7ms]
2024-03-24 21:54:41.105 [info] > git symbolic-ref --short refs/remotes/origin/HEAD [2ms]
2024-03-24 21:54:41.105 [info] fatal: ref refs/remotes/origin/HEAD is not a symbolic ref
2024-03-24 21:54:41.106 [info] GitHistoryProvider:resolveHistoryItemGroupBase - Failed to resolve history item group base for 'refs/heads/master'
2024-03-24 21:54:41.106 [info] GitHistoryProvider:resolveHistoryItemGroupCommonAncestor - Failed to resolve history item group base for 'refs/heads/master'
2024-03-24 21:54:41.199 [info] > git for-each-ref --format=%(refname)%00%(upstream:short)%00%(objectname)%00%(upstream:track)%00%(upstream:remotename)%00%(upstream:remoteref) refs/heads/master [7ms]
2024-03-24 21:54:41.218 [info] > git for-each-ref --format=%(refname)%00%(upstream:short)%00%(objectname)%00%(upstream:track)%00%(upstream:remotename)%00%(upstream:remoteref) refs/heads/master [2ms]
2024-03-24 21:54:41.239 [info] > git config --local branch.master.vscode-merge-base [7ms]
2024-03-24 21:54:41.239 [warning] git config failed: Failed to execute git
2024-03-24 21:54:41.258 [info] > git reflog refs/heads/master --grep-reflog=branch: Created from *. [4ms]
2024-03-24 21:54:41.271 [info] > git symbolic-ref --short refs/remotes/origin/HEAD [2ms]
2024-03-24 21:54:41.271 [info] fatal: ref refs/remotes/origin/HEAD is not a symbolic ref
2024-03-24 21:54:41.271 [info] GitHistoryProvider:resolveHistoryItemGroupBase - Failed to resolve history item group base for 'refs/heads/master'
2024-03-24 21:54:41.271 [info] GitHistoryProvider:resolveHistoryItemGroupCommonAncestor - Failed to resolve history item group base for 'refs/heads/master'
2024-03-24 21:54:45.896 [info] > git config --get commit.template [4ms]
2024-03-24 21:54:45.923 [info] > git for-each-ref --format=%(refname)%00%(upstream:short)%00%(objectname)%00%(upstream:track)%00%(upstream:remotename)%00%(upstream:remoteref) refs/heads/master refs/remotes/master [6ms]
2024-03-24 21:54:46.401 [info] > git status -z -uall [459ms]
2024-03-24 21:54:46.655 [info] > git for-each-ref --format=%(refname)%00%(upstream:short)%00%(objectname)%00%(upstream:track)%00%(upstream:remotename)%00%(upstream:remoteref) refs/heads/master [7ms]
2024-03-24 21:54:46.689 [info] > git for-each-ref --format=%(refname)%00%(upstream:short)%00%(objectname)%00%(upstream:track)%00%(upstream:remotename)%00%(upstream:remoteref) refs/heads/master [10ms]
2024-03-24 21:54:46.720 [info] > git config --local branch.master.vscode-merge-base [4ms]
2024-03-24 21:54:46.721 [warning] git config failed: Failed to execute git
2024-03-24 21:54:46.749 [info] > git reflog refs/heads/master --grep-reflog=branch: Created from *. [8ms]
2024-03-24 21:54:46.774 [info] > git symbolic-ref --short refs/remotes/origin/HEAD [6ms]
2024-03-24 21:54:46.774 [info] fatal: ref refs/remotes/origin/HEAD is not a symbolic ref
2024-03-24 21:54:46.774 [info] GitHistoryProvider:resolveHistoryItemGroupBase - Failed to resolve history item group base for 'refs/heads/master'
2024-03-24 21:54:46.774 [info] GitHistoryProvider:resolveHistoryItemGroupCommonAncestor - Failed to resolve history item group base for 'refs/heads/master'
2024-03-24 21:54:47.035 [info] > git for-each-ref --format=%(refname)%00%(upstream:short)%00%(objectname)%00%(upstream:track)%00%(upstream:remotename)%00%(upstream:remoteref) refs/heads/master [7ms]
2024-03-24 21:54:47.062 [info] > git for-each-ref --format=%(refname)%00%(upstream:short)%00%(objectname)%00%(upstream:track)%00%(upstream:remotename)%00%(upstream:remoteref) refs/heads/master [4ms]
2024-03-24 21:54:47.093 [info] > git config --local branch.master.vscode-merge-base [7ms]
2024-03-24 21:54:47.094 [warning] git config failed: Failed to execute git
2024-03-24 21:54:47.153 [info] > git reflog refs/heads/master --grep-reflog=branch: Created from *. [19ms]
2024-03-24 21:54:47.187 [info] > git symbolic-ref --short refs/remotes/origin/HEAD [4ms]
2024-03-24 21:54:47.187 [info] fatal: ref refs/remotes/origin/HEAD is not a symbolic ref
2024-03-24 21:54:47.188 [info] GitHistoryProvider:resolveHistoryItemGroupBase - Failed to resolve history item group base for 'refs/heads/master'
2024-03-24 21:54:47.188 [info] GitHistoryProvider:resolveHistoryItemGroupCommonAncestor - Failed to resolve history item group base for 'refs/heads/master'
2024-03-24 21:55:00.540 [info] > git config --get commit.template [5ms]
2024-03-24 21:55:00.564 [info] > git for-each-ref --format=%(refname)%00%(upstream:short)%00%(objectname)%00%(upstream:track)%00%(upstream:remotename)%00%(upstream:remoteref) refs/heads/master refs/remotes/master [4ms]
2024-03-24 21:55:01.027 [info] > git status -z -uall [442ms]
2024-03-24 21:55:01.303 [info] > git for-each-ref --format=%(refname)%00%(upstream:short)%00%(objectname)%00%(upstream:track)%00%(upstream:remotename)%00%(upstream:remoteref) refs/heads/master [5ms]
2024-03-24 21:55:01.326 [info] > git for-each-ref --format=%(refname)%00%(upstream:short)%00%(objectname)%00%(upstream:track)%00%(upstream:remotename)%00%(upstream:remoteref) refs/heads/master [4ms]
2024-03-24 21:55:01.348 [info] > git config --local branch.master.vscode-merge-base [3ms]
2024-03-24 21:55:01.349 [warning] git config failed: Failed to execute git
2024-03-24 21:55:01.373 [info] > git reflog refs/heads/master --grep-reflog=branch: Created from *. [6ms]
2024-03-24 21:55:01.393 [info] > git symbolic-ref --short refs/remotes/origin/HEAD [3ms]
2024-03-24 21:55:01.393 [info] fatal: ref refs/remotes/origin/HEAD is not a symbolic ref
2024-03-24 21:55:01.393 [info] GitHistoryProvider:resolveHistoryItemGroupBase - Failed to resolve history item group base for 'refs/heads/master'
2024-03-24 21:55:01.393 [info] GitHistoryProvider:resolveHistoryItemGroupCommonAncestor - Failed to resolve history item group base for 'refs/heads/master'
2024-03-24 21:55:01.527 [info] > git for-each-ref --format=%(refname)%00%(upstream:short)%00%(objectname)%00%(upstream:track)%00%(upstream:remotename)%00%(upstream:remoteref) refs/heads/master [6ms]
2024-03-24 21:55:01.555 [info] > git for-each-ref --format=%(refname)%00%(upstream:short)%00%(objectname)%00%(upstream:track)%00%(upstream:remotename)%00%(upstream:remoteref) refs/heads/master [6ms]
2024-03-24 21:55:01.576 [info] > git config --local branch.master.vscode-merge-base [3ms]
2024-03-24 21:55:01.576 [warning] git config failed: Failed to execute git
2024-03-24 21:55:01.601 [info] > git reflog refs/heads/master --grep-reflog=branch: Created from *. [8ms]
2024-03-24 21:55:01.625 [info] > git symbolic-ref --short refs/remotes/origin/HEAD [6ms]
2024-03-24 21:55:01.625 [info] fatal: ref refs/remotes/origin/HEAD is not a symbolic ref
2024-03-24 21:55:01.625 [info] GitHistoryProvider:resolveHistoryItemGroupBase - Failed to resolve history item group base for 'refs/heads/master'
2024-03-24 21:55:01.625 [info] GitHistoryProvider:resolveHistoryItemGroupCommonAncestor - Failed to resolve history item group base for 'refs/heads/master'
2024-03-24 21:55:06.082 [info] > git config --get commit.template [24ms]
2024-03-24 21:55:06.084 [info] > git for-each-ref --format=%(refname)%00%(upstream:short)%00%(objectname)%00%(upstream:track)%00%(upstream:remotename)%00%(upstream:remoteref) refs/heads/master refs/remotes/master [5ms]
2024-03-24 21:55:06.625 [info] > git status -z -uall [516ms]
2024-03-24 21:55:06.884 [info] > git for-each-ref --format=%(refname)%00%(upstream:short)%00%(objectname)%00%(upstream:track)%00%(upstream:remotename)%00%(upstream:remoteref) refs/heads/master [5ms]
2024-03-24 21:55:06.912 [info] > git for-each-ref --format=%(refname)%00%(upstream:short)%00%(objectname)%00%(upstream:track)%00%(upstream:remotename)%00%(upstream:remoteref) refs/heads/master [5ms]
2024-03-24 21:55:06.940 [info] > git config --local branch.master.vscode-merge-base [4ms]
2024-03-24 21:55:06.940 [warning] git config failed: Failed to execute git
2024-03-24 21:55:06.966 [info] > git reflog refs/heads/master --grep-reflog=branch: Created from *. [7ms]
2024-03-24 21:55:06.989 [info] > git symbolic-ref --short refs/remotes/origin/HEAD [5ms]
2024-03-24 21:55:06.989 [info] fatal: ref refs/remotes/origin/HEAD is not a symbolic ref
2024-03-24 21:55:06.989 [info] GitHistoryProvider:resolveHistoryItemGroupBase - Failed to resolve history item group base for 'refs/heads/master'
2024-03-24 21:55:06.989 [info] GitHistoryProvider:resolveHistoryItemGroupCommonAncestor - Failed to resolve history item group base for 'refs/heads/master'
2024-03-24 21:55:07.673 [info] > git for-each-ref --format=%(refname)%00%(upstream:short)%00%(objectname)%00%(upstream:track)%00%(upstream:remotename)%00%(upstream:remoteref) refs/heads/master [4ms]
2024-03-24 21:55:07.691 [info] > git for-each-ref --format=%(refname)%00%(upstream:short)%00%(objectname)%00%(upstream:track)%00%(upstream:remotename)%00%(upstream:remoteref) refs/heads/master [4ms]
2024-03-24 21:55:07.706 [info] > git config --local branch.master.vscode-merge-base [2ms]
2024-03-24 21:55:07.707 [warning] git config failed: Failed to execute git
2024-03-24 21:55:07.723 [info] > git reflog refs/heads/master --grep-reflog=branch: Created from *. [3ms]
2024-03-24 21:55:07.735 [info] > git symbolic-ref --short refs/remotes/origin/HEAD [2ms]
2024-03-24 21:55:07.735 [info] fatal: ref refs/remotes/origin/HEAD is not a symbolic ref
2024-03-24 21:55:07.735 [info] GitHistoryProvider:resolveHistoryItemGroupBase - Failed to resolve history item group base for 'refs/heads/master'
2024-03-24 21:55:07.735 [info] GitHistoryProvider:resolveHistoryItemGroupCommonAncestor - Failed to resolve history item group base for 'refs/heads/master'
2024-03-24 21:56:35.663 [info] > git config --get commit.template [2ms]
2024-03-24 21:56:35.677 [info] > git for-each-ref --format=%(refname)%00%(upstream:short)%00%(objectname)%00%(upstream:track)%00%(upstream:remotename)%00%(upstream:remoteref) refs/heads/master refs/remotes/master [3ms]
2024-03-24 21:56:36.099 [info] > git status -z -uall [413ms]
2024-03-24 21:56:36.399 [info] > git for-each-ref --format=%(refname)%00%(upstream:short)%00%(objectname)%00%(upstream:track)%00%(upstream:remotename)%00%(upstream:remoteref) refs/heads/master [6ms]
2024-03-24 21:56:36.413 [info] > git for-each-ref --format=%(refname)%00%(upstream:short)%00%(objectname)%00%(upstream:track)%00%(upstream:remotename)%00%(upstream:remoteref) refs/heads/master [2ms]
2024-03-24 21:56:36.430 [info] > git config --local branch.master.vscode-merge-base [5ms]
2024-03-24 21:56:36.430 [warning] git config failed: Failed to execute git
2024-03-24 21:56:36.445 [info] > git reflog refs/heads/master --grep-reflog=branch: Created from *. [3ms]
2024-03-24 21:56:36.457 [info] > git symbolic-ref --short refs/remotes/origin/HEAD [2ms]
2024-03-24 21:56:36.457 [info] fatal: ref refs/remotes/origin/HEAD is not a symbolic ref
2024-03-24 21:56:36.457 [info] GitHistoryProvider:resolveHistoryItemGroupBase - Failed to resolve history item group base for 'refs/heads/master'
2024-03-24 21:56:36.457 [info] GitHistoryProvider:resolveHistoryItemGroupCommonAncestor - Failed to resolve history item group base for 'refs/heads/master'
2024-03-24 21:56:36.590 [info] > git for-each-ref --format=%(refname)%00%(upstream:short)%00%(objectname)%00%(upstream:track)%00%(upstream:remotename)%00%(upstream:remoteref) refs/heads/master [6ms]
2024-03-24 21:56:36.611 [info] > git for-each-ref --format=%(refname)%00%(upstream:short)%00%(objectname)%00%(upstream:track)%00%(upstream:remotename)%00%(upstream:remoteref) refs/heads/master [4ms]
2024-03-24 21:56:36.632 [info] > git config --local branch.master.vscode-merge-base [6ms]
2024-03-24 21:56:36.632 [warning] git config failed: Failed to execute git
2024-03-24 21:56:36.651 [info] > git reflog refs/heads/master --grep-reflog=branch: Created from *. [5ms]
2024-03-24 21:56:36.667 [info] > git symbolic-ref --short refs/remotes/origin/HEAD [3ms]
2024-03-24 21:56:36.668 [info] fatal: ref refs/remotes/origin/HEAD is not a symbolic ref
2024-03-24 21:56:36.668 [info] GitHistoryProvider:resolveHistoryItemGroupBase - Failed to resolve history item group base for 'refs/heads/master'
2024-03-24 21:56:36.668 [info] GitHistoryProvider:resolveHistoryItemGroupCommonAncestor - Failed to resolve history item group base for 'refs/heads/master'
2024-03-24 21:56:41.161 [info] > git config --get commit.template [22ms]
2024-03-24 21:56:41.165 [info] > git for-each-ref --format=%(refname)%00%(upstream:short)%00%(objectname)%00%(upstream:track)%00%(upstream:remotename)%00%(upstream:remoteref) refs/heads/master refs/remotes/master [8ms]
2024-03-24 21:56:41.688 [info] > git status -z -uall [503ms]
2024-03-24 21:56:42.000 [info] > git for-each-ref --format=%(refname)%00%(upstream:short)%00%(objectname)%00%(upstream:track)%00%(upstream:remotename)%00%(upstream:remoteref) refs/heads/master [4ms]
2024-03-24 21:56:42.029 [info] > git for-each-ref --format=%(refname)%00%(upstream:short)%00%(objectname)%00%(upstream:track)%00%(upstream:remotename)%00%(upstream:remoteref) refs/heads/master [4ms]
2024-03-24 21:56:42.053 [info] > git config --local branch.master.vscode-merge-base [4ms]
2024-03-24 21:56:42.053 [warning] git config failed: Failed to execute git
2024-03-24 21:56:42.082 [info] > git reflog refs/heads/master --grep-reflog=branch: Created from *. [6ms]
2024-03-24 21:56:42.106 [info] > git symbolic-ref --short refs/remotes/origin/HEAD [5ms]
2024-03-24 21:56:42.106 [info] fatal: ref refs/remotes/origin/HEAD is not a symbolic ref
2024-03-24 21:56:42.107 [info] GitHistoryProvider:resolveHistoryItemGroupBase - Failed to resolve history item group base for 'refs/heads/master'
2024-03-24 21:56:42.107 [info] GitHistoryProvider:resolveHistoryItemGroupCommonAncestor - Failed to resolve history item group base for 'refs/heads/master'
2024-03-24 21:56:42.265 [info] > git for-each-ref --format=%(refname)%00%(upstream:short)%00%(objectname)%00%(upstream:track)%00%(upstream:remotename)%00%(upstream:remoteref) refs/heads/master [10ms]
2024-03-24 21:56:42.294 [info] > git for-each-ref --format=%(refname)%00%(upstream:short)%00%(objectname)%00%(upstream:track)%00%(upstream:remotename)%00%(upstream:remoteref) refs/heads/master [7ms]
2024-03-24 21:56:42.317 [info] > git config --local branch.master.vscode-merge-base [3ms]
2024-03-24 21:56:42.318 [warning] git config failed: Failed to execute git
2024-03-24 21:56:42.346 [info] > git reflog refs/heads/master --grep-reflog=branch: Created from *. [7ms]
2024-03-24 21:56:42.367 [info] > git symbolic-ref --short refs/remotes/origin/HEAD [3ms]
2024-03-24 21:56:42.367 [info] fatal: ref refs/remotes/origin/HEAD is not a symbolic ref
2024-03-24 21:56:42.368 [info] GitHistoryProvider:resolveHistoryItemGroupBase - Failed to resolve history item group base for 'refs/heads/master'
2024-03-24 21:56:42.368 [info] GitHistoryProvider:resolveHistoryItemGroupCommonAncestor - Failed to resolve history item group base for 'refs/heads/master'
2024-03-24 21:56:46.722 [info] > git config --get commit.template [3ms]
2024-03-24 21:56:46.738 [info] > git for-each-ref --format=%(refname)%00%(upstream:short)%00%(objectname)%00%(upstream:track)%00%(upstream:remotename)%00%(upstream:remoteref) refs/heads/master refs/remotes/master [3ms]
2024-03-24 21:56:47.034 [info] > git status -z -uall [283ms]
2024-03-24 21:56:47.238 [info] > git for-each-ref --format=%(refname)%00%(upstream:short)%00%(objectname)%00%(upstream:track)%00%(upstream:remotename)%00%(upstream:remoteref) refs/heads/master [3ms]
2024-03-24 21:56:47.258 [info] > git for-each-ref --format=%(refname)%00%(upstream:short)%00%(objectname)%00%(upstream:track)%00%(upstream:remotename)%00%(upstream:remoteref) refs/heads/master [5ms]
2024-03-24 21:56:47.275 [info] > git config --local branch.master.vscode-merge-base [4ms]
2024-03-24 21:56:47.276 [warning] git config failed: Failed to execute git
2024-03-24 21:56:47.296 [info] > git reflog refs/heads/master --grep-reflog=branch: Created from *. [4ms]
2024-03-24 21:56:47.312 [info] > git symbolic-ref --short refs/remotes/origin/HEAD [3ms]
2024-03-24 21:56:47.312 [info] fatal: ref refs/remotes/origin/HEAD is not a symbolic ref
2024-03-24 21:56:47.312 [info] GitHistoryProvider:resolveHistoryItemGroupBase - Failed to resolve history item group base for 'refs/heads/master'
2024-03-24 21:56:47.312 [info] GitHistoryProvider:resolveHistoryItemGroupCommonAncestor - Failed to resolve history item group base for 'refs/heads/master'
2024-03-24 21:56:47.456 [info] > git for-each-ref --format=%(refname)%00%(upstream:short)%00%(objectname)%00%(upstream:track)%00%(upstream:remotename)%00%(upstream:remoteref) refs/heads/master [9ms]
2024-03-24 21:56:47.479 [info] > git for-each-ref --format=%(refname)%00%(upstream:short)%00%(objectname)%00%(upstream:track)%00%(upstream:remotename)%00%(upstream:remoteref) refs/heads/master [4ms]
2024-03-24 21:56:47.506 [info] > git config --local branch.master.vscode-merge-base [5ms]
2024-03-24 21:56:47.506 [warning] git config failed: Failed to execute git
2024-03-24 21:56:47.532 [info] > git reflog refs/heads/master --grep-reflog=branch: Created from *. [7ms]
2024-03-24 21:56:47.556 [info] > git symbolic-ref --short refs/remotes/origin/HEAD [5ms]
2024-03-24 21:56:47.556 [info] fatal: ref refs/remotes/origin/HEAD is not a symbolic ref
2024-03-24 21:56:47.556 [info] GitHistoryProvider:resolveHistoryItemGroupBase - Failed to resolve history item group base for 'refs/heads/master'
2024-03-24 21:56:47.557 [info] GitHistoryProvider:resolveHistoryItemGroupCommonAncestor - Failed to resolve history item group base for 'refs/heads/master'
2024-03-24 21:56:52.102 [info] > git for-each-ref --format=%(refname)%00%(upstream:short)%00%(objectname)%00%(upstream:track)%00%(upstream:remotename)%00%(upstream:remoteref) refs/heads/master refs/remotes/master [3ms]
2024-03-24 21:56:52.103 [info] > git config --get commit.template [30ms]
2024-03-24 21:56:52.704 [info] > git status -z -uall [583ms]
2024-03-24 21:56:52.952 [info] > git for-each-ref --format=%(refname)%00%(upstream:short)%00%(objectname)%00%(upstream:track)%00%(upstream:remotename)%00%(upstream:remoteref) refs/heads/master [5ms]
2024-03-24 21:56:52.977 [info] > git for-each-ref --format=%(refname)%00%(upstream:short)%00%(objectname)%00%(upstream:track)%00%(upstream:remotename)%00%(upstream:remoteref) refs/heads/master [5ms]
2024-03-24 21:56:53.001 [info] > git config --local branch.master.vscode-merge-base [4ms]
2024-03-24 21:56:53.002 [warning] git config failed: Failed to execute git
2024-03-24 21:56:53.029 [info] > git reflog refs/heads/master --grep-reflog=branch: Created from *. [7ms]
2024-03-24 21:56:53.053 [info] > git symbolic-ref --short refs/remotes/origin/HEAD [7ms]
2024-03-24 21:56:53.054 [info] fatal: ref refs/remotes/origin/HEAD is not a symbolic ref
2024-03-24 21:56:53.054 [info] GitHistoryProvider:resolveHistoryItemGroupBase - Failed to resolve history item group base for 'refs/heads/master'
2024-03-24 21:56:53.054 [info] GitHistoryProvider:resolveHistoryItemGroupCommonAncestor - Failed to resolve history item group base for 'refs/heads/master'
2024-03-24 21:56:53.196 [info] > git for-each-ref --format=%(refname)%00%(upstream:short)%00%(objectname)%00%(upstream:track)%00%(upstream:remotename)%00%(upstream:remoteref) refs/heads/master [9ms]
2024-03-24 21:56:53.224 [info] > git for-each-ref --format=%(refname)%00%(upstream:short)%00%(objectname)%00%(upstream:track)%00%(upstream:remotename)%00%(upstream:remoteref) refs/heads/master [7ms]
2024-03-24 21:56:53.249 [info] > git config --local branch.master.vscode-merge-base [3ms]
2024-03-24 21:56:53.249 [warning] git config failed: Failed to execute git
2024-03-24 21:56:53.276 [info] > git reflog refs/heads/master --grep-reflog=branch: Created from *. [7ms]
2024-03-24 21:56:53.298 [info] > git symbolic-ref --short refs/remotes/origin/HEAD [3ms]
2024-03-24 21:56:53.298 [info] fatal: ref refs/remotes/origin/HEAD is not a symbolic ref
2024-03-24 21:56:53.298 [info] GitHistoryProvider:resolveHistoryItemGroupBase - Failed to resolve history item group base for 'refs/heads/master'
2024-03-24 21:56:53.298 [info] GitHistoryProvider:resolveHistoryItemGroupCommonAncestor - Failed to resolve history item group base for 'refs/heads/master'
2024-03-24 21:56:53.615 [info] > git for-each-ref --format=%(refname)%00%(upstream:short)%00%(objectname)%00%(upstream:track)%00%(upstream:remotename)%00%(upstream:remoteref) refs/heads/master [33ms]
2024-03-24 21:56:53.644 [info] > git for-each-ref --format=%(refname)%00%(upstream:short)%00%(objectname)%00%(upstream:track)%00%(upstream:remotename)%00%(upstream:remoteref) refs/heads/master [36ms]
2024-03-24 21:56:53.673 [info] > git for-each-ref --format=%(refname)%00%(upstream:short)%00%(objectname)%00%(upstream:track)%00%(upstream:remotename)%00%(upstream:remoteref) refs/heads/master [33ms]
2024-03-24 21:56:53.698 [info] > git for-each-ref --format=%(refname)%00%(upstream:short)%00%(objectname)%00%(upstream:track)%00%(upstream:remotename)%00%(upstream:remoteref) refs/heads/master [30ms]
2024-03-24 21:56:53.724 [info] > git config --local branch.master.vscode-merge-base [31ms]
2024-03-24 21:56:53.725 [warning] git config failed: Failed to execute git
2024-03-24 21:56:53.748 [info] > git config --local branch.master.vscode-merge-base [27ms]
2024-03-24 21:56:53.748 [warning] git config failed: Failed to execute git
2024-03-24 21:56:53.771 [info] > git reflog refs/heads/master --grep-reflog=branch: Created from *. [28ms]
2024-03-24 21:56:53.795 [info] > git reflog refs/heads/master --grep-reflog=branch: Created from *. [27ms]
2024-03-24 21:56:53.813 [info] > git symbolic-ref --short refs/remotes/origin/HEAD [24ms]
2024-03-24 21:56:53.814 [info] fatal: ref refs/remotes/origin/HEAD is not a symbolic ref
2024-03-24 21:56:53.814 [info] GitHistoryProvider:resolveHistoryItemGroupBase - Failed to resolve history item group base for 'refs/heads/master'
2024-03-24 21:56:53.814 [info] GitHistoryProvider:resolveHistoryItemGroupCommonAncestor - Failed to resolve history item group base for 'refs/heads/master'
2024-03-24 21:56:53.815 [info] > git symbolic-ref --short refs/remotes/origin/HEAD [4ms]
2024-03-24 21:56:53.815 [info] fatal: ref refs/remotes/origin/HEAD is not a symbolic ref
2024-03-24 21:56:53.816 [info] GitHistoryProvider:resolveHistoryItemGroupBase - Failed to resolve history item group base for 'refs/heads/master'
2024-03-24 21:56:53.816 [info] GitHistoryProvider:resolveHistoryItemGroupCommonAncestor - Failed to resolve history item group base for 'refs/heads/master'
2024-03-24 21:56:57.762 [info] > git config --get commit.template [21ms]
2024-03-24 21:56:57.764 [info] > git for-each-ref --format=%(refname)%00%(upstream:short)%00%(objectname)%00%(upstream:track)%00%(upstream:remotename)%00%(upstream:remoteref) refs/heads/master refs/remotes/master [4ms]
2024-03-24 21:56:58.235 [info] > git status -z -uall [454ms]
2024-03-24 21:57:03.325 [info] > git config --get commit.template [38ms]
2024-03-24 21:57:03.336 [info] > git for-each-ref --format=%(refname)%00%(upstream:short)%00%(objectname)%00%(upstream:track)%00%(upstream:remotename)%00%(upstream:remoteref) refs/heads/master refs/remotes/master [14ms]
2024-03-24 21:57:03.620 [info] > git status -z -uall [248ms]
2024-03-24 21:57:08.687 [info] > git config --get commit.template [25ms]
2024-03-24 21:57:08.692 [info] > git for-each-ref --format=%(refname)%00%(upstream:short)%00%(objectname)%00%(upstream:track)%00%(upstream:remotename)%00%(upstream:remoteref) refs/heads/master refs/remotes/master [9ms]
2024-03-24 21:57:09.230 [info] > git status -z -uall [518ms]
2024-03-24 21:57:14.279 [info] > git config --get commit.template [20ms]
2024-03-24 21:57:14.281 [info] > git for-each-ref --format=%(refname)%00%(upstream:short)%00%(objectname)%00%(upstream:track)%00%(upstream:remotename)%00%(upstream:remoteref) refs/heads/master refs/remotes/master [5ms]
2024-03-24 21:57:14.818 [info] > git status -z -uall [519ms]
2024-03-24 21:57:19.258 [info] > git log --format=%H%n%aN%n%aE%n%at%n%ct%n%P%n%D%n%B -z -n426 --follow -- /root/challenges/README.md [10ms]
2024-03-24 21:57:19.870 [info] > git config --get commit.template [22ms]
2024-03-24 21:57:19.871 [info] > git for-each-ref --format=%(refname)%00%(upstream:short)%00%(objectname)%00%(upstream:track)%00%(upstream:remotename)%00%(upstream:remoteref) refs/heads/master refs/remotes/master [5ms]
2024-03-24 21:57:20.301 [info] > git status -z -uall [414ms]
2024-03-24 21:57:25.357 [info] > git config --get commit.template [23ms]
2024-03-24 21:57:25.363 [info] > git for-each-ref --format=%(refname)%00%(upstream:short)%00%(objectname)%00%(upstream:track)%00%(upstream:remotename)%00%(upstream:remoteref) refs/heads/master refs/remotes/master [9ms]
2024-03-24 21:57:25.912 [info] > git status -z -uall [532ms]
2024-03-24 21:57:30.948 [info] > git config --get commit.template [6ms]
2024-03-24 21:57:30.962 [info] > git for-each-ref --format=%(refname)%00%(upstream:short)%00%(objectname)%00%(upstream:track)%00%(upstream:remotename)%00%(upstream:remoteref) refs/heads/master refs/remotes/master [2ms]
2024-03-24 21:57:31.345 [info] > git status -z -uall [370ms]
2024-03-24 21:57:36.405 [info] > git config --get commit.template [22ms]
2024-03-24 21:57:36.407 [info] > git for-each-ref --format=%(refname)%00%(upstream:short)%00%(objectname)%00%(upstream:track)%00%(upstream:remotename)%00%(upstream:remoteref) refs/heads/master refs/remotes/master [4ms]
2024-03-24 21:57:36.758 [info] > git status -z -uall [334ms]
2024-03-24 21:57:41.810 [info] > git config --get commit.template [22ms]
2024-03-24 21:57:41.811 [info] > git for-each-ref --format=%(refname)%00%(upstream:short)%00%(objectname)%00%(upstream:track)%00%(upstream:remotename)%00%(upstream:remoteref) refs/heads/master refs/remotes/master [5ms]
2024-03-24 21:57:42.287 [info] > git status -z -uall [453ms]
2024-03-24 21:57:47.353 [info] > git config --get commit.template [31ms]
2024-03-24 21:57:47.355 [info] > git for-each-ref --format=%(refname)%00%(upstream:short)%00%(objectname)%00%(upstream:track)%00%(upstream:remotename)%00%(upstream:remoteref) refs/heads/master refs/remotes/master [11ms]
2024-03-24 21:57:47.825 [info] > git status -z -uall [450ms]
