0 verbose cli /root/.nvm/versions/node/v16.20.2/bin/node /root/.nvm/versions/node/v16.20.2/bin/npm
1 info using npm@8.19.4
2 info using node@v16.20.2
3 timing npm:load:whichnode Completed in 1ms
4 timing config:load:defaults Completed in 2ms
5 timing config:load:file:/root/.nvm/versions/node/v16.20.2/lib/node_modules/npm/npmrc Completed in 4ms
6 timing config:load:builtin Completed in 5ms
7 timing config:load:cli Completed in 6ms
8 timing config:load:env Completed in 1ms
9 timing config:load:file:/root/.cache/typescript/5.3/.npmrc Completed in 3ms
10 timing config:load:project Completed in 13ms
11 timing config:load:file:/root/.npmrc Completed in 7ms
12 timing config:load:user Completed in 7ms
13 timing config:load:file:/root/.nvm/versions/node/v16.20.2/etc/npmrc Completed in 0ms
14 timing config:load:global Completed in 0ms
15 timing config:load:validate Completed in 0ms
16 timing config:load:credentials Completed in 12ms
17 timing config:load:setEnvs Completed in 2ms
18 timing config:load Completed in 50ms
19 timing npm:load:configload Completed in 51ms
20 timing npm:load:mkdirpcache Completed in 2ms
21 timing npm:load:mkdirplogs Completed in 12ms
22 verbose title npm install types-registry@latest
23 verbose argv "install" "--ignore-scripts" "types-registry@latest"
24 timing npm:load:setTitle Completed in 2ms
25 timing config:load:flatten Completed in 15ms
26 timing npm:load:display Completed in 16ms
27 verbose logfile logs-max:10 dir:/root/.npm/_logs
28 verbose logfile /root/.npm/_logs/2024-03-20T19_33_23_507Z-debug-0.log
29 timing npm:load:logFile Completed in 17ms
30 timing npm:load:timers Completed in 0ms
31 timing npm:load:configScope Completed in 0ms
32 timing npm:load Completed in 102ms
33 timing arborist:ctor Completed in 0ms
34 silly logfile start cleaning logs, removing 1 files
35 silly logfile done cleaning log files
36 timing idealTree:init Completed in 53ms
37 timing arborist:ctor Completed in 0ms
38 http fetch GET 200 https://registry.npmjs.org/types-registry 498ms (cache revalidated)
39 timing idealTree:userRequests Completed in 525ms
40 silly idealTree buildDeps
41 silly fetch manifest types-registry@0.1.684
42 silly placeDep ROOT types-registry@0.1.684 REPLACE for:  want: 0.1.684
43 timing idealTree:#root Completed in 18ms
44 timing idealTree:node_modules/types-registry Completed in 0ms
45 timing idealTree:buildDeps Completed in 21ms
46 timing idealTree:fixDepFlags Completed in 1ms
47 timing idealTree Completed in 602ms
48 timing reify:loadTrees Completed in 603ms
49 timing reify:diffTrees Completed in 1ms
50 silly reify moves {}
51 timing reify:retireShallow Completed in 1ms
52 timing reify:createSparse Completed in 0ms
53 timing reify:loadBundles Completed in 0ms
54 silly audit bulk request {
54 silly audit   '@types/babel-core': [ '6.25.10' ],
54 silly audit   '@types/babel-generator': [ '6.25.8' ],
54 silly audit   '@types/babel-template': [ '6.25.5' ],
54 silly audit   '@types/babel-traverse': [ '6.25.10' ],
54 silly audit   '@types/babel-types': [ '7.0.15' ],
54 silly audit   '@types/babylon': [ '6.16.9' ],
54 silly audit   '@types/chai': [ '4.3.12' ],
54 silly audit   '@types/jsdom': [ '21.1.6' ],
54 silly audit   '@types/mocha': [ '10.0.6' ],
54 silly audit   '@types/node': [ '20.11.25' ],
54 silly audit   '@types/sinon': [ '17.0.3' ],
54 silly audit   '@types/sinonjs__fake-timers': [ '8.1.5' ],
54 silly audit   '@types/tough-cookie': [ '4.0.5' ],
54 silly audit   entities: [ '4.5.0' ],
54 silly audit   parse5: [ '7.1.2' ],
54 silly audit   'undici-types': [ '5.26.5' ],
54 silly audit   'types-registry': [ '0.1.684' ]
54 silly audit }
55 timing reify:unpack Completed in 1ms
56 timing reify:unretire Completed in 0ms
57 timing build:queue Completed in 0ms
58 timing build:deps Completed in 0ms
59 timing build Completed in 0ms
60 timing reify:build Completed in 0ms
61 timing reify:trash Completed in 0ms
62 timing reify:save Completed in 12ms
63 http fetch POST 200 https://registry.npmjs.org/-/npm/v1/security/advisories/bulk 418ms
64 timing auditReport:getReport Completed in 420ms
65 silly audit report {}
66 timing auditReport:init Completed in 0ms
67 timing reify:audit Completed in 421ms
68 timing reify Completed in 1037ms
69 timing command:install Completed in 1046ms
70 verbose exit 0
71 timing npm Completed in 1398ms
72 info ok
