2024-03-24 20:09:01.122 [info] Log level: Info
2024-03-24 20:09:01.122 [info] Validating found git in: "git"
2024-03-24 20:09:01.122 [info] Using git "2.43.2" from "git"
2024-03-24 20:09:01.122 [info] > git rev-parse --show-toplevel [7ms]
2024-03-24 20:16:04.791 [info] > git rev-parse --show-toplevel [6ms]
2024-03-24 20:16:04.803 [info] > git rev-parse --git-dir --git-common-dir [5ms]
2024-03-24 20:16:04.827 [info] Open repository: /root
2024-03-24 20:16:04.852 [info] > git config --get commit.template [10ms]
2024-03-24 20:16:04.864 [info] > git for-each-ref --format=%(refname)%00%(upstream:short)%00%(objectname)%00%(upstream:track)%00%(upstream:remotename)%00%(upstream:remoteref) refs/heads/master refs/remotes/master [4ms]
2024-03-24 20:16:05.003 [info] > git status -z -uall [132ms]
2024-03-24 20:16:05.026 [info] > git config --get commit.template [4ms]
2024-03-24 20:16:05.040 [info] > git for-each-ref --format=%(refname)%00%(upstream:short)%00%(objectname)%00%(upstream:track)%00%(upstream:remotename)%00%(upstream:remoteref) refs/heads/master refs/remotes/master [8ms]
2024-03-24 20:16:05.179 [info] > git status -z -uall [133ms]
2024-03-24 20:16:05.390 [info] > git check-ignore -v -z --stdin [6ms]
2024-03-24 20:16:05.514 [info] > git show --textconv :codechallenges/README.md [7ms]
2024-03-24 20:16:05.517 [info] > git ls-files --stage -- /root/codechallenges/README.md [5ms]
2024-03-24 20:16:14.345 [info] > git show --textconv :codechallenge/README.md [20ms]
2024-03-24 20:16:14.350 [info] > git ls-files --stage -- /root/codechallenge/README.md [9ms]
2024-03-24 20:16:14.358 [info] > git cat-file -s e2c1875d114b5db864dbd17f1a74ee00a4f3eff1 [2ms]
2024-03-24 20:16:14.658 [info] > git check-ignore -v -z --stdin [12ms]
2024-03-24 20:16:30.288 [info] > git show --textconv :codechallenges/README.md [21ms]
2024-03-24 20:16:30.293 [info] > git ls-files --stage -- /root/codechallenges/README.md [9ms]
2024-03-24 20:16:36.531 [info] > git config --get commit.template [26ms]
2024-03-24 20:16:36.533 [info] > git for-each-ref --format=%(refname)%00%(upstream:short)%00%(objectname)%00%(upstream:track)%00%(upstream:remotename)%00%(upstream:remoteref) refs/heads/master refs/remotes/master [8ms]
2024-03-24 20:16:36.682 [info] > git status -z -uall [140ms]
2024-03-24 20:16:42.206 [info] > git show --textconv :codechallenge/README.md [21ms]
2024-03-24 20:16:42.209 [info] > git ls-files --stage -- /root/codechallenge/README.md [9ms]
2024-03-24 20:16:42.220 [info] > git cat-file -s e2c1875d114b5db864dbd17f1a74ee00a4f3eff1 [2ms]
2024-03-24 20:16:44.369 [info] > git show --textconv :codechallenges/README.md [24ms]
2024-03-24 20:16:44.380 [info] > git ls-files --stage -- /root/codechallenges/README.md [19ms]
2024-03-24 20:16:49.117 [info] > git show --textconv :codechallenges/net.js [9ms]
2024-03-24 20:16:49.120 [info] > git ls-files --stage -- /root/codechallenges/net.js [6ms]
2024-03-24 20:16:50.268 [info] > git config --get commit.template [7ms]
2024-03-24 20:16:50.269 [info] > git for-each-ref --format=%(refname)%00%(upstream:short)%00%(objectname)%00%(upstream:track)%00%(upstream:remotename)%00%(upstream:remoteref) refs/heads/master refs/remotes/master [2ms]
2024-03-24 20:16:50.396 [info] > git status -z -uall [122ms]
2024-03-24 20:16:52.565 [info] > git show --textconv :codechallenge/net.js [12ms]
2024-03-24 20:16:52.571 [info] > git ls-files --stage -- /root/codechallenge/net.js [8ms]
2024-03-24 20:16:52.583 [info] > git cat-file -s 746770ccbf454b53fea8801267e88d3aa28fcfac [2ms]
2024-03-24 20:16:55.424 [info] > git config --get commit.template [8ms]
2024-03-24 20:16:55.424 [info] > git for-each-ref --format=%(refname)%00%(upstream:short)%00%(objectname)%00%(upstream:track)%00%(upstream:remotename)%00%(upstream:remoteref) refs/heads/master refs/remotes/master [2ms]
2024-03-24 20:16:55.541 [info] > git status -z -uall [110ms]
2024-03-24 20:17:06.602 [info] > git show --textconv :codechallenges/net.js [13ms]
2024-03-24 20:17:06.610 [info] > git ls-files --stage -- /root/codechallenges/net.js [10ms]
2024-03-24 20:17:12.949 [info] > git config --get commit.template [27ms]
2024-03-24 20:17:12.954 [info] > git for-each-ref --format=%(refname)%00%(upstream:short)%00%(objectname)%00%(upstream:track)%00%(upstream:remotename)%00%(upstream:remoteref) refs/heads/master refs/remotes/master [12ms]
2024-03-24 20:17:13.135 [info] > git status -z -uall [158ms]
2024-03-24 20:17:15.027 [info] > git show --textconv :codechallenge/speed.js [23ms]
2024-03-24 20:17:15.039 [info] > git ls-files --stage -- /root/codechallenge/speed.js [16ms]
2024-03-24 20:17:15.061 [info] > git cat-file -s 3408f90a4df44ac37e32616969610a12c7392801 [5ms]
2024-03-24 20:17:23.524 [info] > git show --textconv :codechallenges/speed.js [18ms]
2024-03-24 20:17:23.529 [info] > git ls-files --stage -- /root/codechallenges/speed.js [7ms]
2024-03-24 20:17:28.941 [info] > git config --get commit.template [2ms]
2024-03-24 20:17:28.950 [info] > git for-each-ref --format=%(refname)%00%(upstream:short)%00%(objectname)%00%(upstream:track)%00%(upstream:remotename)%00%(upstream:remoteref) refs/heads/master refs/remotes/master [2ms]
2024-03-24 20:17:29.077 [info] > git status -z -uall [120ms]
2024-03-24 20:17:29.522 [info] > git show --textconv :codechallenge/grade.js [26ms]
2024-03-24 20:17:29.531 [info] > git ls-files --stage -- /root/codechallenge/grade.js [15ms]
2024-03-24 20:17:29.554 [info] > git cat-file -s 3c463fa4234f7d341ae67714d7b3027f99b695cc [5ms]
2024-03-24 20:17:37.445 [info] > git show --textconv :codechallenges/grade.js [19ms]
2024-03-24 20:17:37.452 [info] > git ls-files --stage -- /root/codechallenges/grade.js [9ms]
2024-03-24 20:17:42.780 [info] > git config --get commit.template [20ms]
2024-03-24 20:17:42.781 [info] > git for-each-ref --format=%(refname)%00%(upstream:short)%00%(objectname)%00%(upstream:track)%00%(upstream:remotename)%00%(upstream:remoteref) refs/heads/master refs/remotes/master [5ms]
2024-03-24 20:17:43.094 [info] > git status -z -uall [296ms]
2024-03-24 20:17:43.742 [info] > git show --textconv :codechallenge/net.js [11ms]
2024-03-24 20:17:43.746 [info] > git ls-files --stage -- /root/codechallenge/net.js [5ms]
2024-03-24 20:17:43.756 [info] > git cat-file -s 746770ccbf454b53fea8801267e88d3aa28fcfac [1ms]
2024-03-24 20:17:45.806 [info] > git show --textconv :codechallenges/grade.js [12ms]
2024-03-24 20:17:45.812 [info] > git ls-files --stage -- /root/codechallenges/grade.js [8ms]
2024-03-24 20:17:53.383 [info] > git show --textconv :codechallenge/speed.js [7ms]
2024-03-24 20:17:53.386 [info] > git ls-files --stage -- /root/codechallenge/speed.js [4ms]
2024-03-24 20:17:53.393 [info] > git cat-file -s 3408f90a4df44ac37e32616969610a12c7392801 [1ms]
2024-03-24 20:17:55.048 [info] > git show --textconv :codechallenges/grade.js [16ms]
2024-03-24 20:17:55.063 [info] > git ls-files --stage -- /root/codechallenges/grade.js [16ms]
2024-03-24 20:18:22.870 [info] > git config --get commit.template [4ms]
2024-03-24 20:18:22.891 [info] > git for-each-ref --format=%(refname)%00%(upstream:short)%00%(objectname)%00%(upstream:track)%00%(upstream:remotename)%00%(upstream:remoteref) refs/heads/master refs/remotes/master [4ms]
2024-03-24 20:18:23.060 [info] > git status -z -uall [152ms]
2024-03-24 20:18:46.947 [info] > git show --textconv :codechallenges/speed.js [7ms]
2024-03-24 20:18:46.949 [info] > git ls-files --stage -- /root/codechallenges/speed.js [3ms]
2024-03-24 20:59:54.089 [info] > git config --get commit.template [10ms]
2024-03-24 20:59:54.090 [info] > git for-each-ref --format=%(refname)%00%(upstream:short)%00%(objectname)%00%(upstream:track)%00%(upstream:remotename)%00%(upstream:remoteref) refs/heads/master refs/remotes/master [4ms]
2024-03-24 20:59:54.219 [info] > git status -z -uall [120ms]
2024-03-24 20:59:59.265 [info] > git config --get commit.template [16ms]
2024-03-24 20:59:59.265 [info] > git for-each-ref --format=%(refname)%00%(upstream:short)%00%(objectname)%00%(upstream:track)%00%(upstream:remotename)%00%(upstream:remoteref) refs/heads/master refs/remotes/master [3ms]
2024-03-24 20:59:59.400 [info] > git status -z -uall [126ms]
