2024-03-19 10:56:25.805 [info] Extension host with pid 2336 started
2024-03-19 10:56:25.893 [info] ExtensionService#_doActivateExtension vscode.html-language-features, startup: false, activationEvent: 'onLanguage:html'
2024-03-19 10:56:25.896 [info] ExtensionService#_doActivateExtension vscode.emmet, startup: false, activationEvent: 'onLanguage'
2024-03-19 10:56:26.088 [info] Lock '/root/.vscode-server/data/User/workspaceStorage/7acef663c27207417102dc36a2d36eb9/vscode.lock': Lock acquired.
2024-03-19 10:56:26.899 [info] ExtensionService#_doActivateExtension vscode.git-base, startup: true, activationEvent: '*', root cause: vscode.git
2024-03-19 10:56:26.935 [info] ExtensionService#_doActivateExtension vscode.git, startup: true, activationEvent: '*'
2024-03-19 10:56:26.935 [info] ExtensionService#_doActivateExtension vscode.github, startup: true, activationEvent: '*'
2024-03-19 10:56:27.301 [info] Eager extensions activated
2024-03-19 10:56:27.302 [info] ExtensionService#_doActivateExtension vscode.debug-auto-launch, startup: false, activationEvent: 'onStartupFinished'
2024-03-19 10:56:27.303 [info] ExtensionService#_doActivateExtension vscode.merge-conflict, startup: false, activationEvent: 'onStartupFinished'
2024-03-19 10:56:27.303 [info] ExtensionService#_doActivateExtension ritwickdey.LiveServer, startup: false, activationEvent: 'onStartupFinished'
2024-03-19 10:56:28.250 [info] ExtensionService#_doActivateExtension vscode.typescript-language-features, startup: false, activationEvent: 'onLanguage:javascript'
2024-03-19 10:56:29.801 [info] ExtensionService#_doActivateExtension vscode.extension-editing, startup: false, activationEvent: 'onLanguage:markdown'
2024-03-19 10:56:29.802 [info] ExtensionService#_doActivateExtension vscode.markdown-language-features, startup: false, activationEvent: 'onLanguage:markdown'
2024-03-19 10:56:30.583 [info] ExtensionService#_doActivateExtension vscode.markdown-math, startup: false, activationEvent: 'api', root cause: vscode.markdown-language-features
2024-03-19 10:58:43.660 [info] ExtensionService#_doActivateExtension vscode.npm, startup: false, activationEvent: 'onTerminalQuickFixRequest:ms-vscode.npm-command'
2024-03-19 11:21:11.337 [info] ExtensionService#_doActivateExtension vscode.css-language-features, startup: false, activationEvent: 'onLanguage:css'
2024-03-19 11:23:22.438 [info] ExtensionService#_doActivateExtension vscode.tunnel-forwarding, startup: false, activationEvent: 'onTunnel'
2024-03-19 11:41:24.810 [info] Extension host terminating: received terminate message from renderer
2024-03-19 11:41:24.811 [info] Lock '/root/.vscode-server/data/User/workspaceStorage/7acef663c27207417102dc36a2d36eb9/vscode.lock': Marking the lockfile as scheduled to be released in 6000 ms.
2024-03-19 11:41:25.046 [info] Extension host with pid 2336 exiting with code 0
