2024-03-19 14:25:55.186 [info] Log level: Info
2024-03-19 14:25:55.187 [info] Validating found git in: "git"
2024-03-19 14:25:55.187 [info] Using git "2.43.2" from "git"
2024-03-19 14:25:55.187 [info] > git rev-parse --show-toplevel [1047ms]
2024-03-19 14:25:55.188 [info] > git rev-parse --git-dir --git-common-dir [78ms]
2024-03-19 14:25:55.188 [info] Open repository: /root/phase-1-javascript-variables-lab
2024-03-19 14:25:55.227 [info] > git rev-parse --show-toplevel [9ms]
2024-03-19 14:25:55.234 [info] > git config --get commit.template [33ms]
2024-03-19 14:25:55.273 [info] > git rev-parse --show-toplevel [23ms]
2024-03-19 14:25:55.308 [info] > git show --textconv HEAD:index.js [18ms]
2024-03-19 14:25:55.311 [info] > git for-each-ref --format=%(refname)%00%(upstream:short)%00%(objectname)%00%(upstream:track)%00%(upstream:remotename)%00%(upstream:remoteref) refs/heads/master refs/remotes/master [43ms]
2024-03-19 14:25:55.324 [warning] ENOENT: no such file or directory, open '/root/phase-1-javascript-variables-lab/.git/refs/remotes/origin/master'
2024-03-19 14:25:55.326 [info] > git ls-tree -l HEAD -- /root/phase-1-javascript-variables-lab/index.js [24ms]
2024-03-19 14:25:55.330 [info] > git rev-parse refs/remotes/origin/master [6ms]
2024-03-19 14:25:55.364 [info] > git status -z -uall [20ms]
2024-03-19 14:25:55.396 [info] > git ls-tree -l HEAD -- /root/phase-1-javascript-variables-lab/index.js [34ms]
2024-03-19 14:25:55.464 [info] > git config --get commit.template [68ms]
2024-03-19 14:25:55.578 [info] > git for-each-ref --format=%(refname)%00%(upstream:short)%00%(objectname)%00%(upstream:track)%00%(upstream:remotename)%00%(upstream:remoteref) refs/heads/master refs/remotes/master [99ms]
2024-03-19 14:25:55.589 [warning] ENOENT: no such file or directory, open '/root/phase-1-javascript-variables-lab/.git/refs/remotes/origin/master'
2024-03-19 14:25:55.592 [info] > git rev-parse refs/remotes/origin/master [3ms]
2024-03-19 14:25:55.607 [info] > git status -z -uall [4ms]
2024-03-19 14:25:55.767 [info] > git check-ignore -v -z --stdin [3ms]
2024-03-19 14:26:10.065 [info] > git check-ignore -v -z --stdin [8ms]
2024-03-19 14:26:28.765 [info] > git show --textconv :index.js [24ms]
2024-03-19 14:26:28.770 [info] > git ls-files --stage -- /root/phase-1-javascript-variables-lab/index.js [13ms]
2024-03-19 14:26:28.790 [info] > git cat-file -s 0db69491688601b3c96bcf380bae84d315ad3f16 [5ms]
2024-03-19 14:26:48.842 [info] > git show --textconv :package.json [16ms]
2024-03-19 14:26:48.843 [info] > git ls-files --stage -- /root/phase-1-javascript-variables-lab/package.json [6ms]
2024-03-19 14:26:48.856 [info] > git cat-file -s ff51d7ee80780dd9b4daffed30860cc8cceefefc [4ms]
2024-03-19 14:27:15.337 [info] > git config --get commit.template [7ms]
2024-03-19 14:27:15.376 [info] > git for-each-ref --format=%(refname)%00%(upstream:short)%00%(objectname)%00%(upstream:track)%00%(upstream:remotename)%00%(upstream:remoteref) refs/heads/master refs/remotes/master [8ms]
2024-03-19 14:27:15.407 [warning] ENOENT: no such file or directory, open '/root/phase-1-javascript-variables-lab/.git/refs/remotes/origin/master'
2024-03-19 14:27:15.414 [info] > git rev-parse refs/remotes/origin/master [8ms]
2024-03-19 14:27:15.455 [info] > git status -z -uall [11ms]
2024-03-19 14:27:20.538 [info] > git config --get commit.template [28ms]
2024-03-19 14:27:20.542 [info] > git for-each-ref --format=%(refname)%00%(upstream:short)%00%(objectname)%00%(upstream:track)%00%(upstream:remotename)%00%(upstream:remoteref) refs/heads/master refs/remotes/master [10ms]
2024-03-19 14:27:20.571 [warning] ENOENT: no such file or directory, open '/root/phase-1-javascript-variables-lab/.git/refs/remotes/origin/master'
2024-03-19 14:27:20.594 [info] > git rev-parse refs/remotes/origin/master [24ms]
2024-03-19 14:27:20.643 [info] > git status -z -uall [17ms]
2024-03-19 14:27:25.733 [info] > git config --get commit.template [38ms]
2024-03-19 14:27:25.752 [info] > git for-each-ref --format=%(refname)%00%(upstream:short)%00%(objectname)%00%(upstream:track)%00%(upstream:remotename)%00%(upstream:remoteref) refs/heads/master refs/remotes/master [24ms]
2024-03-19 14:27:25.773 [warning] ENOENT: no such file or directory, open '/root/phase-1-javascript-variables-lab/.git/refs/remotes/origin/master'
2024-03-19 14:27:25.775 [info] > git rev-parse refs/remotes/origin/master [3ms]
2024-03-19 14:27:25.790 [info] > git status -z -uall [3ms]
2024-03-19 14:27:30.829 [info] > git config --get commit.template [4ms]
2024-03-19 14:27:30.856 [info] > git for-each-ref --format=%(refname)%00%(upstream:short)%00%(objectname)%00%(upstream:track)%00%(upstream:remotename)%00%(upstream:remoteref) refs/heads/master refs/remotes/master [6ms]
2024-03-19 14:27:30.879 [warning] ENOENT: no such file or directory, open '/root/phase-1-javascript-variables-lab/.git/refs/remotes/origin/master'
2024-03-19 14:27:30.883 [info] > git rev-parse refs/remotes/origin/master [4ms]
2024-03-19 14:27:30.925 [info] > git status -z -uall [18ms]
2024-03-19 14:27:36.004 [info] > git config --get commit.template [36ms]
2024-03-19 14:27:36.005 [info] > git for-each-ref --format=%(refname)%00%(upstream:short)%00%(objectname)%00%(upstream:track)%00%(upstream:remotename)%00%(upstream:remoteref) refs/heads/master refs/remotes/master [8ms]
2024-03-19 14:27:36.027 [warning] ENOENT: no such file or directory, open '/root/phase-1-javascript-variables-lab/.git/refs/remotes/origin/master'
2024-03-19 14:27:36.032 [info] > git rev-parse refs/remotes/origin/master [6ms]
2024-03-19 14:27:36.062 [info] > git status -z -uall [7ms]
2024-03-19 14:27:41.109 [info] > git config --get commit.template [8ms]
2024-03-19 14:27:41.145 [info] > git for-each-ref --format=%(refname)%00%(upstream:short)%00%(objectname)%00%(upstream:track)%00%(upstream:remotename)%00%(upstream:remoteref) refs/heads/master refs/remotes/master [9ms]
2024-03-19 14:27:41.168 [warning] ENOENT: no such file or directory, open '/root/phase-1-javascript-variables-lab/.git/refs/remotes/origin/master'
2024-03-19 14:27:41.173 [info] > git rev-parse refs/remotes/origin/master [4ms]
2024-03-19 14:27:41.205 [info] > git status -z -uall [10ms]
2024-03-19 14:27:46.258 [info] > git config --get commit.template [5ms]
2024-03-19 14:27:46.287 [info] > git for-each-ref --format=%(refname)%00%(upstream:short)%00%(objectname)%00%(upstream:track)%00%(upstream:remotename)%00%(upstream:remoteref) refs/heads/master refs/remotes/master [6ms]
2024-03-19 14:27:46.311 [warning] ENOENT: no such file or directory, open '/root/phase-1-javascript-variables-lab/.git/refs/remotes/origin/master'
2024-03-19 14:27:46.316 [info] > git rev-parse refs/remotes/origin/master [5ms]
2024-03-19 14:27:46.346 [info] > git status -z -uall [7ms]
2024-03-19 14:28:31.765 [info] > git config --get commit.template [17ms]
2024-03-19 14:28:31.798 [info] > git for-each-ref --format=%(refname)%00%(upstream:short)%00%(objectname)%00%(upstream:track)%00%(upstream:remotename)%00%(upstream:remoteref) refs/heads/master refs/remotes/master [7ms]
2024-03-19 14:28:31.831 [warning] ENOENT: no such file or directory, open '/root/phase-1-javascript-variables-lab/.git/refs/remotes/origin/master'
2024-03-19 14:28:31.835 [info] > git rev-parse refs/remotes/origin/master [5ms]
2024-03-19 14:28:31.884 [info] > git status -z -uall [26ms]
2024-03-19 14:28:36.942 [info] > git config --get commit.template [5ms]
2024-03-19 14:28:36.977 [info] > git for-each-ref --format=%(refname)%00%(upstream:short)%00%(objectname)%00%(upstream:track)%00%(upstream:remotename)%00%(upstream:remoteref) refs/heads/master refs/remotes/master [7ms]
2024-03-19 14:28:37.003 [warning] ENOENT: no such file or directory, open '/root/phase-1-javascript-variables-lab/.git/refs/remotes/origin/master'
2024-03-19 14:28:37.008 [info] > git rev-parse refs/remotes/origin/master [5ms]
2024-03-19 14:28:37.041 [info] > git status -z -uall [8ms]
2024-03-19 14:28:48.139 [info] > git config --get commit.template [3ms]
2024-03-19 14:28:48.155 [info] > git for-each-ref --format=%(refname)%00%(upstream:short)%00%(objectname)%00%(upstream:track)%00%(upstream:remotename)%00%(upstream:remoteref) refs/heads/master refs/remotes/master [3ms]
2024-03-19 14:28:48.168 [warning] ENOENT: no such file or directory, open '/root/phase-1-javascript-variables-lab/.git/refs/remotes/origin/master'
2024-03-19 14:28:48.171 [info] > git rev-parse refs/remotes/origin/master [2ms]
2024-03-19 14:28:48.188 [info] > git status -z -uall [5ms]
2024-03-19 14:28:53.223 [info] > git config --get commit.template [4ms]
2024-03-19 14:28:53.251 [info] > git for-each-ref --format=%(refname)%00%(upstream:short)%00%(objectname)%00%(upstream:track)%00%(upstream:remotename)%00%(upstream:remoteref) refs/heads/master refs/remotes/master [5ms]
2024-03-19 14:28:53.270 [warning] ENOENT: no such file or directory, open '/root/phase-1-javascript-variables-lab/.git/refs/remotes/origin/master'
2024-03-19 14:28:53.276 [info] > git rev-parse refs/remotes/origin/master [5ms]
2024-03-19 14:28:53.311 [info] > git status -z -uall [15ms]
2024-03-19 14:28:58.675 [info] > git config --get commit.template [33ms]
2024-03-19 14:28:58.676 [info] > git for-each-ref --format=%(refname)%00%(upstream:short)%00%(objectname)%00%(upstream:track)%00%(upstream:remotename)%00%(upstream:remoteref) refs/heads/master refs/remotes/master [5ms]
2024-03-19 14:28:58.698 [warning] ENOENT: no such file or directory, open '/root/phase-1-javascript-variables-lab/.git/refs/remotes/origin/master'
2024-03-19 14:28:58.703 [info] > git rev-parse refs/remotes/origin/master [4ms]
2024-03-19 14:28:58.731 [info] > git status -z -uall [6ms]
2024-03-19 14:29:56.336 [info] > git show --textconv :index.js [21ms]
2024-03-19 14:29:56.341 [info] > git ls-files --stage -- /root/phase-1-javascript-variables-lab/index.js [11ms]
2024-03-19 14:29:56.359 [info] > git cat-file -s 0db69491688601b3c96bcf380bae84d315ad3f16 [6ms]
2024-03-19 14:30:06.393 [info] > git config --get commit.template [28ms]
2024-03-19 14:30:06.395 [info] > git for-each-ref --format=%(refname)%00%(upstream:short)%00%(objectname)%00%(upstream:track)%00%(upstream:remotename)%00%(upstream:remoteref) refs/heads/master refs/remotes/master [5ms]
2024-03-19 14:30:06.417 [warning] ENOENT: no such file or directory, open '/root/phase-1-javascript-variables-lab/.git/refs/remotes/origin/master'
2024-03-19 14:30:06.421 [info] > git rev-parse refs/remotes/origin/master [5ms]
2024-03-19 14:30:06.451 [info] > git status -z -uall [7ms]
2024-03-19 14:30:11.521 [info] > git config --get commit.template [31ms]
2024-03-19 14:30:11.525 [info] > git for-each-ref --format=%(refname)%00%(upstream:short)%00%(objectname)%00%(upstream:track)%00%(upstream:remotename)%00%(upstream:remoteref) refs/heads/master refs/remotes/master [6ms]
2024-03-19 14:30:11.554 [warning] ENOENT: no such file or directory, open '/root/phase-1-javascript-variables-lab/.git/refs/remotes/origin/master'
2024-03-19 14:30:11.558 [info] > git rev-parse refs/remotes/origin/master [4ms]
2024-03-19 14:30:11.591 [info] > git status -z -uall [8ms]
2024-03-19 14:30:18.272 [info] > git config --get commit.template [35ms]
2024-03-19 14:30:18.274 [info] > git for-each-ref --format=%(refname)%00%(upstream:short)%00%(objectname)%00%(upstream:track)%00%(upstream:remotename)%00%(upstream:remoteref) refs/heads/master refs/remotes/master [7ms]
2024-03-19 14:30:18.305 [warning] ENOENT: no such file or directory, open '/root/phase-1-javascript-variables-lab/.git/refs/remotes/origin/master'
2024-03-19 14:30:18.312 [info] > git rev-parse refs/remotes/origin/master [7ms]
2024-03-19 14:30:18.361 [info] > git status -z -uall [9ms]
2024-03-19 14:30:29.655 [info] > git config --get commit.template [32ms]
2024-03-19 14:30:29.657 [info] > git for-each-ref --format=%(refname)%00%(upstream:short)%00%(objectname)%00%(upstream:track)%00%(upstream:remotename)%00%(upstream:remoteref) refs/heads/master refs/remotes/master [5ms]
2024-03-19 14:30:29.686 [warning] ENOENT: no such file or directory, open '/root/phase-1-javascript-variables-lab/.git/refs/remotes/origin/master'
2024-03-19 14:30:29.691 [info] > git rev-parse refs/remotes/origin/master [6ms]
2024-03-19 14:30:29.732 [info] > git status -z -uall [11ms]
2024-03-19 14:30:49.439 [info] > git config --get commit.template [29ms]
2024-03-19 14:30:49.441 [info] > git for-each-ref --format=%(refname)%00%(upstream:short)%00%(objectname)%00%(upstream:track)%00%(upstream:remotename)%00%(upstream:remoteref) refs/heads/master refs/remotes/master [5ms]
2024-03-19 14:30:49.463 [warning] ENOENT: no such file or directory, open '/root/phase-1-javascript-variables-lab/.git/refs/remotes/origin/master'
2024-03-19 14:30:49.467 [info] > git rev-parse refs/remotes/origin/master [4ms]
2024-03-19 14:30:49.500 [info] > git status -z -uall [10ms]
2024-03-19 14:31:33.176 [info] > git config --get commit.template [39ms]
2024-03-19 14:31:33.181 [info] > git for-each-ref --format=%(refname)%00%(upstream:short)%00%(objectname)%00%(upstream:track)%00%(upstream:remotename)%00%(upstream:remoteref) refs/heads/master refs/remotes/master [7ms]
2024-03-19 14:31:33.209 [warning] ENOENT: no such file or directory, open '/root/phase-1-javascript-variables-lab/.git/refs/remotes/origin/master'
2024-03-19 14:31:33.215 [info] > git rev-parse refs/remotes/origin/master [6ms]
2024-03-19 14:31:33.251 [info] > git status -z -uall [9ms]
2024-03-19 14:31:42.247 [info] > git config --get commit.template [39ms]
2024-03-19 14:31:42.249 [info] > git for-each-ref --format=%(refname)%00%(upstream:short)%00%(objectname)%00%(upstream:track)%00%(upstream:remotename)%00%(upstream:remoteref) refs/heads/master refs/remotes/master [10ms]
2024-03-19 14:31:42.264 [warning] ENOENT: no such file or directory, open '/root/phase-1-javascript-variables-lab/.git/refs/remotes/origin/master'
2024-03-19 14:31:42.265 [info] > git rev-parse refs/remotes/origin/master [2ms]
2024-03-19 14:31:42.283 [info] > git status -z -uall [2ms]
2024-03-19 14:31:57.548 [info] > git config --get commit.template [4ms]
2024-03-19 14:31:57.578 [info] > git for-each-ref --format=%(refname)%00%(upstream:short)%00%(objectname)%00%(upstream:track)%00%(upstream:remotename)%00%(upstream:remoteref) refs/heads/master refs/remotes/master [6ms]
2024-03-19 14:31:57.607 [warning] ENOENT: no such file or directory, open '/root/phase-1-javascript-variables-lab/.git/refs/remotes/origin/master'
2024-03-19 14:31:57.615 [info] > git rev-parse refs/remotes/origin/master [9ms]
2024-03-19 14:31:57.650 [info] > git status -z -uall [11ms]
2024-03-19 14:32:02.718 [info] > git config --get commit.template [28ms]
2024-03-19 14:32:02.719 [info] > git for-each-ref --format=%(refname)%00%(upstream:short)%00%(objectname)%00%(upstream:track)%00%(upstream:remotename)%00%(upstream:remoteref) refs/heads/master refs/remotes/master [8ms]
2024-03-19 14:32:02.743 [warning] ENOENT: no such file or directory, open '/root/phase-1-javascript-variables-lab/.git/refs/remotes/origin/master'
2024-03-19 14:32:02.747 [info] > git rev-parse refs/remotes/origin/master [3ms]
2024-03-19 14:32:02.774 [info] > git status -z -uall [6ms]
2024-03-19 14:32:10.344 [info] > git config --get commit.template [23ms]
2024-03-19 14:32:10.345 [info] > git for-each-ref --format=%(refname)%00%(upstream:short)%00%(objectname)%00%(upstream:track)%00%(upstream:remotename)%00%(upstream:remoteref) refs/heads/master refs/remotes/master [5ms]
2024-03-19 14:32:10.370 [warning] ENOENT: no such file or directory, open '/root/phase-1-javascript-variables-lab/.git/refs/remotes/origin/master'
2024-03-19 14:32:10.374 [info] > git rev-parse refs/remotes/origin/master [4ms]
2024-03-19 14:32:10.399 [info] > git status -z -uall [6ms]
2024-03-19 14:33:29.499 [info] > git check-ignore -v -z --stdin [5ms]
2024-03-19 14:33:36.814 [info] > git show --textconv :README.md [19ms]
2024-03-19 14:33:36.815 [info] > git ls-files --stage -- /root/phase-1-javascript-variables-lab/README.md [4ms]
2024-03-19 14:33:36.844 [info] > git cat-file -s 81af740edabac753e2fc34fcf9d478e2b388fcc8 [12ms]
2024-03-19 14:35:35.673 [info] > git show --textconv :index.js [56ms]
2024-03-19 14:35:35.674 [info] > git ls-files --stage -- /root/phase-1-javascript-variables-lab/index.js [26ms]
2024-03-19 14:35:35.720 [info] > git cat-file -s 0db69491688601b3c96bcf380bae84d315ad3f16 [19ms]
2024-03-19 14:36:08.456 [info] > git config --get commit.template [28ms]
2024-03-19 14:36:08.459 [info] > git for-each-ref --format=%(refname)%00%(upstream:short)%00%(objectname)%00%(upstream:track)%00%(upstream:remotename)%00%(upstream:remoteref) refs/heads/master refs/remotes/master [6ms]
2024-03-19 14:36:08.483 [warning] ENOENT: no such file or directory, open '/root/phase-1-javascript-variables-lab/.git/refs/remotes/origin/master'
2024-03-19 14:36:08.487 [info] > git rev-parse refs/remotes/origin/master [4ms]
2024-03-19 14:36:08.526 [info] > git status -z -uall [9ms]
2024-03-19 14:36:18.231 [info] > git show --textconv :README.md [15ms]
2024-03-19 14:36:18.234 [info] > git ls-files --stage -- /root/phase-1-javascript-variables-lab/README.md [4ms]
2024-03-19 14:36:18.248 [info] > git cat-file -s 81af740edabac753e2fc34fcf9d478e2b388fcc8 [2ms]
2024-03-19 14:36:26.022 [info] > git show --textconv :index.js [39ms]
2024-03-19 14:36:26.023 [info] > git ls-files --stage -- /root/phase-1-javascript-variables-lab/index.js [10ms]
2024-03-19 14:36:26.052 [info] > git cat-file -s 0db69491688601b3c96bcf380bae84d315ad3f16 [5ms]
2024-03-19 14:39:34.865 [info] > git config --get commit.template [29ms]
2024-03-19 14:39:34.867 [info] > git for-each-ref --format=%(refname)%00%(upstream:short)%00%(objectname)%00%(upstream:track)%00%(upstream:remotename)%00%(upstream:remoteref) refs/heads/master refs/remotes/master [5ms]
2024-03-19 14:39:34.892 [warning] ENOENT: no such file or directory, open '/root/phase-1-javascript-variables-lab/.git/refs/remotes/origin/master'
2024-03-19 14:39:34.897 [info] > git rev-parse refs/remotes/origin/master [4ms]
2024-03-19 14:39:34.931 [info] > git status -z -uall [9ms]
2024-03-19 14:39:48.139 [info] > git config --get commit.template [11ms]
2024-03-19 14:39:48.163 [info] > git for-each-ref --format=%(refname)%00%(upstream:short)%00%(objectname)%00%(upstream:track)%00%(upstream:remotename)%00%(upstream:remoteref) refs/heads/master refs/remotes/master [4ms]
2024-03-19 14:39:48.184 [warning] ENOENT: no such file or directory, open '/root/phase-1-javascript-variables-lab/.git/refs/remotes/origin/master'
2024-03-19 14:39:48.187 [info] > git rev-parse refs/remotes/origin/master [3ms]
2024-03-19 14:39:48.220 [info] > git status -z -uall [5ms]
2024-03-19 14:40:03.094 [info] > git config --get commit.template [37ms]
2024-03-19 14:40:03.098 [info] > git for-each-ref --format=%(refname)%00%(upstream:short)%00%(objectname)%00%(upstream:track)%00%(upstream:remotename)%00%(upstream:remoteref) refs/heads/master refs/remotes/master [7ms]
2024-03-19 14:40:03.128 [warning] ENOENT: no such file or directory, open '/root/phase-1-javascript-variables-lab/.git/refs/remotes/origin/master'
2024-03-19 14:40:03.132 [info] > git rev-parse refs/remotes/origin/master [4ms]
2024-03-19 14:40:03.167 [info] > git status -z -uall [8ms]
2024-03-19 14:40:08.255 [info] > git config --get commit.template [34ms]
2024-03-19 14:40:08.257 [info] > git for-each-ref --format=%(refname)%00%(upstream:short)%00%(objectname)%00%(upstream:track)%00%(upstream:remotename)%00%(upstream:remoteref) refs/heads/master refs/remotes/master [5ms]
2024-03-19 14:40:08.288 [warning] ENOENT: no such file or directory, open '/root/phase-1-javascript-variables-lab/.git/refs/remotes/origin/master'
2024-03-19 14:40:08.293 [info] > git rev-parse refs/remotes/origin/master [4ms]
2024-03-19 14:40:08.333 [info] > git status -z -uall [10ms]
2024-03-19 14:40:19.524 [info] > git config --get commit.template [24ms]
2024-03-19 14:40:19.525 [info] > git for-each-ref --format=%(refname)%00%(upstream:short)%00%(objectname)%00%(upstream:track)%00%(upstream:remotename)%00%(upstream:remoteref) refs/heads/master refs/remotes/master [4ms]
2024-03-19 14:40:19.546 [warning] ENOENT: no such file or directory, open '/root/phase-1-javascript-variables-lab/.git/refs/remotes/origin/master'
2024-03-19 14:40:19.549 [info] > git rev-parse refs/remotes/origin/master [3ms]
2024-03-19 14:40:19.576 [info] > git status -z -uall [5ms]
2024-03-19 14:42:21.929 [info] > git config --get commit.template [32ms]
2024-03-19 14:42:21.931 [info] > git for-each-ref --format=%(refname)%00%(upstream:short)%00%(objectname)%00%(upstream:track)%00%(upstream:remotename)%00%(upstream:remoteref) refs/heads/master refs/remotes/master [6ms]
2024-03-19 14:42:21.955 [warning] ENOENT: no such file or directory, open '/root/phase-1-javascript-variables-lab/.git/refs/remotes/origin/master'
2024-03-19 14:42:21.959 [info] > git rev-parse refs/remotes/origin/master [4ms]
2024-03-19 14:42:21.994 [info] > git status -z -uall [7ms]
2024-03-19 14:42:27.066 [info] > git config --get commit.template [29ms]
2024-03-19 14:42:27.068 [info] > git for-each-ref --format=%(refname)%00%(upstream:short)%00%(objectname)%00%(upstream:track)%00%(upstream:remotename)%00%(upstream:remoteref) refs/heads/master refs/remotes/master [6ms]
2024-03-19 14:42:27.095 [warning] ENOENT: no such file or directory, open '/root/phase-1-javascript-variables-lab/.git/refs/remotes/origin/master'
2024-03-19 14:42:27.100 [info] > git rev-parse refs/remotes/origin/master [5ms]
2024-03-19 14:42:27.133 [info] > git status -z -uall [7ms]
2024-03-19 14:42:39.971 [info] > git config --get commit.template [26ms]
2024-03-19 14:42:39.973 [info] > git for-each-ref --format=%(refname)%00%(upstream:short)%00%(objectname)%00%(upstream:track)%00%(upstream:remotename)%00%(upstream:remoteref) refs/heads/master refs/remotes/master [5ms]
2024-03-19 14:42:39.996 [warning] ENOENT: no such file or directory, open '/root/phase-1-javascript-variables-lab/.git/refs/remotes/origin/master'
2024-03-19 14:42:39.999 [info] > git rev-parse refs/remotes/origin/master [4ms]
2024-03-19 14:42:40.027 [info] > git status -z -uall [7ms]
2024-03-19 14:43:12.957 [info] > git config --get commit.template [18ms]
2024-03-19 14:43:12.958 [info] > git for-each-ref --format=%(refname)%00%(upstream:short)%00%(objectname)%00%(upstream:track)%00%(upstream:remotename)%00%(upstream:remoteref) refs/heads/master refs/remotes/master [2ms]
2024-03-19 14:43:12.967 [warning] ENOENT: no such file or directory, open '/root/phase-1-javascript-variables-lab/.git/refs/remotes/origin/master'
2024-03-19 14:43:12.968 [info] > git rev-parse refs/remotes/origin/master [1ms]
2024-03-19 14:43:12.976 [info] > git status -z -uall [1ms]
2024-03-19 14:43:13.026 [info] > git ls-files --stage -- /root/phase-1-javascript-variables-lab/index.js [1ms]
2024-03-19 14:43:13.034 [info] > git cat-file -s a902c3b5f7f576a2b683df47e97d9bb08ae4a261 [1ms]
2024-03-19 14:43:13.048 [info] > git show --textconv :index.js [1ms]
2024-03-19 14:43:18.019 [info] > git config --get commit.template [14ms]
2024-03-19 14:43:18.020 [info] > git for-each-ref --format=%(refname)%00%(upstream:short)%00%(objectname)%00%(upstream:track)%00%(upstream:remotename)%00%(upstream:remoteref) refs/heads/master refs/remotes/master [2ms]
2024-03-19 14:43:18.029 [warning] ENOENT: no such file or directory, open '/root/phase-1-javascript-variables-lab/.git/refs/remotes/origin/master'
2024-03-19 14:43:18.030 [info] > git rev-parse refs/remotes/origin/master [1ms]
2024-03-19 14:43:18.038 [info] > git status -z -uall [2ms]
2024-03-19 14:44:08.886 [info] > git config --get commit.template [1ms]
2024-03-19 14:44:08.896 [info] > git for-each-ref --format=%(refname)%00%(upstream:short)%00%(objectname)%00%(upstream:track)%00%(upstream:remotename)%00%(upstream:remoteref) refs/heads/master refs/remotes/master [1ms]
2024-03-19 14:44:08.903 [warning] ENOENT: no such file or directory, open '/root/phase-1-javascript-variables-lab/.git/refs/remotes/origin/master'
2024-03-19 14:44:08.904 [info] > git rev-parse refs/remotes/origin/master [1ms]
2024-03-19 14:44:08.912 [info] > git status -z -uall [1ms]
2024-03-19 14:44:08.987 [info] > git ls-files --stage -- /root/phase-1-javascript-variables-lab/index.js [1ms]
2024-03-19 14:44:08.995 [info] > git cat-file -s a902c3b5f7f576a2b683df47e97d9bb08ae4a261 [2ms]
2024-03-19 14:44:09.007 [info] > git show --textconv :index.js [1ms]
2024-03-19 14:44:13.935 [info] > git config --get commit.template [7ms]
2024-03-19 14:44:13.935 [info] > git for-each-ref --format=%(refname)%00%(upstream:short)%00%(objectname)%00%(upstream:track)%00%(upstream:remotename)%00%(upstream:remoteref) refs/heads/master refs/remotes/master [1ms]
2024-03-19 14:44:13.942 [warning] ENOENT: no such file or directory, open '/root/phase-1-javascript-variables-lab/.git/refs/remotes/origin/master'
2024-03-19 14:44:13.942 [info] > git rev-parse refs/remotes/origin/master [1ms]
2024-03-19 14:44:13.950 [info] > git status -z -uall [2ms]
2024-03-19 14:44:34.705 [info] > git config --get commit.template [1ms]
2024-03-19 14:44:34.714 [info] > git for-each-ref --format=%(refname)%00%(upstream:short)%00%(objectname)%00%(upstream:track)%00%(upstream:remotename)%00%(upstream:remoteref) refs/heads/master refs/remotes/master [2ms]
2024-03-19 14:44:34.724 [info] > git status -z -uall [2ms]
2024-03-19 14:44:34.804 [info] > git ls-files --stage -- /root/phase-1-javascript-variables-lab/index.js [1ms]
2024-03-19 14:44:34.812 [info] > git cat-file -s a902c3b5f7f576a2b683df47e97d9bb08ae4a261 [1ms]
2024-03-19 14:44:34.825 [info] > git show --textconv :index.js [1ms]
2024-03-19 14:44:39.765 [info] > git config --get commit.template [11ms]
2024-03-19 14:44:39.766 [info] > git for-each-ref --format=%(refname)%00%(upstream:short)%00%(objectname)%00%(upstream:track)%00%(upstream:remotename)%00%(upstream:remoteref) refs/heads/master refs/remotes/master [2ms]
2024-03-19 14:44:39.776 [info] > git status -z -uall [2ms]
