2024-03-24 21:00:27.762 [info] Log level: Info
2024-03-24 21:00:27.762 [info] Validating found git in: "git"
2024-03-24 21:00:27.763 [info] Using git "2.43.2" from "git"
2024-03-24 21:00:27.763 [info] > git rev-parse --show-toplevel [4ms]
2024-03-24 21:00:27.763 [info] > git rev-parse --git-dir --git-common-dir [24ms]
2024-03-24 21:00:27.763 [info] Open repository: /root
2024-03-24 21:00:27.763 [info] > git config --get commit.template [4ms]
2024-03-24 21:00:27.775 [info] > git for-each-ref --format=%(refname)%00%(upstream:short)%00%(objectname)%00%(upstream:track)%00%(upstream:remotename)%00%(upstream:remoteref) refs/heads/master refs/remotes/master [3ms]
2024-03-24 21:00:27.991 [info] > git status -z -uall [210ms]
2024-03-24 21:00:28.021 [info] > git config --get commit.template [7ms]
2024-03-24 21:00:28.022 [info] > git for-each-ref --format=%(refname)%00%(upstream:short)%00%(objectname)%00%(upstream:track)%00%(upstream:remotename)%00%(upstream:remoteref) refs/heads/master refs/remotes/master [2ms]
2024-03-24 21:00:28.303 [info] > git status -z -uall [269ms]
2024-03-24 21:00:36.872 [info] > git for-each-ref --format=%(refname)%00%(upstream:short)%00%(objectname)%00%(upstream:track)%00%(upstream:remotename)%00%(upstream:remoteref) refs/heads/master [1ms]
2024-03-24 21:00:36.886 [info] > git for-each-ref --format=%(refname)%00%(upstream:short)%00%(objectname)%00%(upstream:track)%00%(upstream:remotename)%00%(upstream:remoteref) refs/heads/master [4ms]
2024-03-24 21:00:36.899 [info] > git config --local branch.master.vscode-merge-base [2ms]
2024-03-24 21:00:36.899 [warning] git config failed: Failed to execute git
2024-03-24 21:00:36.909 [info] > git reflog refs/heads/master --grep-reflog=branch: Created from *. [3ms]
2024-03-24 21:00:36.918 [info] > git symbolic-ref --short refs/remotes/origin/HEAD [2ms]
2024-03-24 21:00:36.919 [info] fatal: ref refs/remotes/origin/HEAD is not a symbolic ref
2024-03-24 21:00:36.919 [info] GitHistoryProvider:resolveHistoryItemGroupBase - Failed to resolve history item group base for 'refs/heads/master'
2024-03-24 21:00:36.919 [info] GitHistoryProvider:resolveHistoryItemGroupCommonAncestor - Failed to resolve history item group base for 'refs/heads/master'
2024-03-24 21:00:37.190 [info] > git for-each-ref --format=%(refname)%00%(upstream:short)%00%(objectname)%00%(upstream:track)%00%(upstream:remotename)%00%(upstream:remoteref) refs/heads/master [37ms]
2024-03-24 21:00:37.219 [info] > git for-each-ref --format=%(refname)%00%(upstream:short)%00%(objectname)%00%(upstream:track)%00%(upstream:remotename)%00%(upstream:remoteref) refs/heads/master [23ms]
2024-03-24 21:00:37.227 [info] > git config --local branch.master.vscode-merge-base [2ms]
2024-03-24 21:00:37.227 [warning] git config failed: Failed to execute git
2024-03-24 21:00:37.234 [info] > git reflog refs/heads/master --grep-reflog=branch: Created from *. [2ms]
2024-03-24 21:00:37.240 [info] > git symbolic-ref --short refs/remotes/origin/HEAD [1ms]
2024-03-24 21:00:37.240 [info] fatal: ref refs/remotes/origin/HEAD is not a symbolic ref
2024-03-24 21:00:37.240 [info] GitHistoryProvider:resolveHistoryItemGroupBase - Failed to resolve history item group base for 'refs/heads/master'
2024-03-24 21:00:37.240 [info] GitHistoryProvider:resolveHistoryItemGroupCommonAncestor - Failed to resolve history item group base for 'refs/heads/master'
2024-03-24 21:00:37.694 [info] > git check-ignore -v -z --stdin [14ms]
2024-03-24 21:00:41.820 [info] > git check-ignore -v -z --stdin [34ms]
2024-03-24 21:00:42.755 [info] > git check-ignore -v -z --stdin [10ms]
2024-03-24 21:00:43.676 [info] > git check-ignore -v -z --stdin [31ms]
2024-03-24 21:00:48.960 [info] > git show --textconv HEAD:challenges/speed.js [9ms]
2024-03-24 21:00:48.962 [info] > git ls-tree -l HEAD -- /root/challenges/speed.js [3ms]
2024-03-24 21:00:52.517 [info] > git show --textconv HEAD:codechallenge/speed.js [16ms]
2024-03-24 21:00:52.518 [info] > git ls-tree -l HEAD -- /root/codechallenge/speed.js [4ms]
2024-03-24 21:00:53.060 [info] > git check-ignore -v -z --stdin [25ms]
2024-03-24 21:00:57.892 [info] > git ls-tree -l HEAD -- /root/codechallenge/speed.js [3ms]
2024-03-24 21:00:57.981 [info] > git for-each-ref --format=%(refname)%00%(upstream:short)%00%(objectname)%00%(upstream:track)%00%(upstream:remotename)%00%(upstream:remoteref) refs/heads/master [1ms]
2024-03-24 21:00:57.993 [info] > git for-each-ref --format=%(refname)%00%(upstream:short)%00%(objectname)%00%(upstream:track)%00%(upstream:remotename)%00%(upstream:remoteref) refs/heads/master [1ms]
2024-03-24 21:00:58.006 [info] > git config --local branch.master.vscode-merge-base [3ms]
2024-03-24 21:00:58.006 [warning] git config failed: Failed to execute git
2024-03-24 21:00:58.018 [info] > git reflog refs/heads/master --grep-reflog=branch: Created from *. [3ms]
2024-03-24 21:00:58.030 [info] > git symbolic-ref --short refs/remotes/origin/HEAD [2ms]
2024-03-24 21:00:58.030 [info] fatal: ref refs/remotes/origin/HEAD is not a symbolic ref
2024-03-24 21:00:58.030 [info] GitHistoryProvider:resolveHistoryItemGroupBase - Failed to resolve history item group base for 'refs/heads/master'
2024-03-24 21:00:58.030 [info] GitHistoryProvider:resolveHistoryItemGroupCommonAncestor - Failed to resolve history item group base for 'refs/heads/master'
