2024-03-19 14:25:52.302 [info] Extension host with pid 16663 started
2024-03-19 14:25:52.333 [info] Lock '/root/.vscode-server/data/User/workspaceStorage/084e0ca9dcbece01d6a0e1970d160f3f/vscode.lock': Lock acquired.
2024-03-19 14:25:52.409 [info] ExtensionService#_doActivateExtension vscode.git-base, startup: false, activationEvent: 'onFileSystem:git', root cause: vscode.git
2024-03-19 14:25:52.415 [info] ExtensionService#_doActivateExtension vscode.typescript-language-features, startup: false, activationEvent: 'onLanguage:javascript'
2024-03-19 14:25:52.416 [info] ExtensionService#_doActivateExtension vscode.emmet, startup: false, activationEvent: 'onLanguage'
2024-03-19 14:25:53.191 [info] ExtensionService#_doActivateExtension vscode.git, startup: false, activationEvent: 'onFileSystem:git'
2024-03-19 14:25:53.430 [info] ExtensionService#_doActivateExtension vscode.github, startup: true, activationEvent: '*'
2024-03-19 14:25:53.495 [info] ExtensionService#_doActivateExtension vscode.npm, startup: true, activationEvent: 'workspaceContains:package.json'
2024-03-19 14:25:54.856 [info] Eager extensions activated
2024-03-19 14:25:54.857 [info] ExtensionService#_doActivateExtension vscode.debug-auto-launch, startup: false, activationEvent: 'onStartupFinished'
2024-03-19 14:25:54.859 [info] ExtensionService#_doActivateExtension vscode.merge-conflict, startup: false, activationEvent: 'onStartupFinished'
2024-03-19 14:25:54.859 [info] ExtensionService#_doActivateExtension ritwickdey.LiveServer, startup: false, activationEvent: 'onStartupFinished'
2024-03-19 14:26:48.631 [info] ExtensionService#_doActivateExtension vscode.extension-editing, startup: false, activationEvent: 'onLanguage:json'
2024-03-19 14:26:48.633 [info] ExtensionService#_doActivateExtension vscode.json-language-features, startup: false, activationEvent: 'onLanguage:json'
2024-03-19 14:33:36.138 [info] ExtensionService#_doActivateExtension vscode.markdown-language-features, startup: false, activationEvent: 'onLanguage:markdown'
2024-03-19 14:33:37.034 [info] ExtensionService#_doActivateExtension vscode.markdown-math, startup: false, activationEvent: 'api', root cause: vscode.markdown-language-features
2024-03-19 15:46:05.246 [info] Extension host terminating: received terminate message from renderer
2024-03-19 15:46:05.247 [info] Lock '/root/.vscode-server/data/User/workspaceStorage/084e0ca9dcbece01d6a0e1970d160f3f/vscode.lock': Marking the lockfile as scheduled to be released in 6000 ms.
2024-03-19 15:46:05.429 [error] Canceled: Canceled
	at new $ (/root/.vscode-server/bin/863d2581ecda6849923a2118d93a088b0745d9d6/out/vs/workbench/api/node/extensionHostProcess.js:140:45885)
	at s.U (/root/.vscode-server/bin/863d2581ecda6849923a2118d93a088b0745d9d6/out/vs/workbench/api/node/extensionHostProcess.js:147:5556)
	at z.<computed>.T.charCodeAt.z.<computed> (/root/.vscode-server/bin/863d2581ecda6849923a2118d93a088b0745d9d6/out/vs/workbench/api/node/extensionHostProcess.js:147:3007)
	at u.g (/root/.vscode-server/bin/863d2581ecda6849923a2118d93a088b0745d9d6/out/vs/workbench/api/node/extensionHostProcess.js:150:184300)
	at u.executeCommand (/root/.vscode-server/bin/863d2581ecda6849923a2118d93a088b0745d9d6/out/vs/workbench/api/node/extensionHostProcess.js:150:183738)
	at f.registerCommand.description (/root/.vscode-server/bin/863d2581ecda6849923a2118d93a088b0745d9d6/out/vs/workbench/api/node/extensionHostProcess.js:150:183062)
	at u.h (/root/.vscode-server/bin/863d2581ecda6849923a2118d93a088b0745d9d6/out/vs/workbench/api/node/extensionHostProcess.js:150:184839)
	at u.g (/root/.vscode-server/bin/863d2581ecda6849923a2118d93a088b0745d9d6/out/vs/workbench/api/node/extensionHostProcess.js:150:183831)
	at u.executeCommand (/root/.vscode-server/bin/863d2581ecda6849923a2118d93a088b0745d9d6/out/vs/workbench/api/node/extensionHostProcess.js:150:183738)
	at Object.executeCommand (/root/.vscode-server/bin/863d2581ecda6849923a2118d93a088b0745d9d6/out/vs/workbench/api/node/extensionHostProcess.js:160:21654)
	at p.O [as value] (/root/.vscode-server/bin/863d2581ecda6849923a2118d93a088b0745d9d6/extensions/git/dist/main.js:2:943479)
	at n.y (/root/.vscode-server/bin/863d2581ecda6849923a2118d93a088b0745d9d6/out/vs/workbench/api/node/extensionHostProcess.js:80:1902)
	at n.z (/root/.vscode-server/bin/863d2581ecda6849923a2118d93a088b0745d9d6/out/vs/workbench/api/node/extensionHostProcess.js:80:1972)
	at n.fire (/root/.vscode-server/bin/863d2581ecda6849923a2118d93a088b0745d9d6/out/vs/workbench/api/node/extensionHostProcess.js:80:2188)
	at Object.m [as dispose] (/root/.vscode-server/bin/863d2581ecda6849923a2118d93a088b0745d9d6/extensions/git/dist/main.js:2:962791)
	at /root/.vscode-server/bin/863d2581ecda6849923a2118d93a088b0745d9d6/extensions/git/dist/main.js:2:968825
	at Array.forEach (<anonymous>)
	at f.dispose (/root/.vscode-server/bin/863d2581ecda6849923a2118d93a088b0745d9d6/extensions/git/dist/main.js:2:968811)
	at l.<anonymous> (/root/.vscode-server/bin/863d2581ecda6849923a2118d93a088b0745d9d6/out/vs/workbench/api/node/extensionHostProcess.js:148:3704)
	at l.dispose (/root/.vscode-server/bin/863d2581ecda6849923a2118d93a088b0745d9d6/out/vs/workbench/api/node/extensionHostProcess.js:148:3801)
	at l.<anonymous> (/root/.vscode-server/bin/863d2581ecda6849923a2118d93a088b0745d9d6/extensions/git/dist/main.js:2:945736)
	at l.dispose (/root/.vscode-server/bin/863d2581ecda6849923a2118d93a088b0745d9d6/out/vs/workbench/api/node/extensionHostProcess.js:148:3801)
	at o (/root/.vscode-server/bin/863d2581ecda6849923a2118d93a088b0745d9d6/out/vs/workbench/api/node/extensionHostProcess.js:30:754)
	at p.cb (/root/.vscode-server/bin/863d2581ecda6849923a2118d93a088b0745d9d6/out/vs/workbench/api/node/extensionHostProcess.js:156:9882)
	at /root/.vscode-server/bin/863d2581ecda6849923a2118d93a088b0745d9d6/out/vs/workbench/api/node/extensionHostProcess.js:156:7816
	at Array.map (<anonymous>)
	at p.Y (/root/.vscode-server/bin/863d2581ecda6849923a2118d93a088b0745d9d6/out/vs/workbench/api/node/extensionHostProcess.js:156:7803)
	at p.terminate (/root/.vscode-server/bin/863d2581ecda6849923a2118d93a088b0745d9d6/out/vs/workbench/api/node/extensionHostProcess.js:156:8076)
	at o.terminate (/root/.vscode-server/bin/863d2581ecda6849923a2118d93a088b0745d9d6/out/vs/workbench/api/node/extensionHostProcess.js:160:1513)
	at t (/root/.vscode-server/bin/863d2581ecda6849923a2118d93a088b0745d9d6/out/vs/workbench/api/node/extensionHostProcess.js:173:9949)
	at p.value (/root/.vscode-server/bin/863d2581ecda6849923a2118d93a088b0745d9d6/out/vs/workbench/api/node/extensionHostProcess.js:173:7996)
	at n.y (/root/.vscode-server/bin/863d2581ecda6849923a2118d93a088b0745d9d6/out/vs/workbench/api/node/extensionHostProcess.js:80:1902)
	at n.fire (/root/.vscode-server/bin/863d2581ecda6849923a2118d93a088b0745d9d6/out/vs/workbench/api/node/extensionHostProcess.js:80:2119)
	at r.fire (/root/.vscode-server/bin/863d2581ecda6849923a2118d93a088b0745d9d6/out/vs/workbench/api/node/extensionHostProcess.js:105:14091)
	at u.z (/root/.vscode-server/bin/863d2581ecda6849923a2118d93a088b0745d9d6/out/vs/workbench/api/node/extensionHostProcess.js:105:17156)
	at p.value (/root/.vscode-server/bin/863d2581ecda6849923a2118d93a088b0745d9d6/out/vs/workbench/api/node/extensionHostProcess.js:105:16561)
	at n.y (/root/.vscode-server/bin/863d2581ecda6849923a2118d93a088b0745d9d6/out/vs/workbench/api/node/extensionHostProcess.js:80:1902)
	at n.fire (/root/.vscode-server/bin/863d2581ecda6849923a2118d93a088b0745d9d6/out/vs/workbench/api/node/extensionHostProcess.js:80:2119)
	at p.acceptChunk (/root/.vscode-server/bin/863d2581ecda6849923a2118d93a088b0745d9d6/out/vs/workbench/api/node/extensionHostProcess.js:105:11865)
	at p.value (/root/.vscode-server/bin/863d2581ecda6849923a2118d93a088b0745d9d6/out/vs/workbench/api/node/extensionHostProcess.js:105:11152)
	at n.y (/root/.vscode-server/bin/863d2581ecda6849923a2118d93a088b0745d9d6/out/vs/workbench/api/node/extensionHostProcess.js:80:1902)
	at n.fire (/root/.vscode-server/bin/863d2581ecda6849923a2118d93a088b0745d9d6/out/vs/workbench/api/node/extensionHostProcess.js:80:2119)
	at n.z (/root/.vscode-server/bin/863d2581ecda6849923a2118d93a088b0745d9d6/out/vs/workbench/api/node/extensionHostProcess.js:170:19768)
	at n.acceptFrame (/root/.vscode-server/bin/863d2581ecda6849923a2118d93a088b0745d9d6/out/vs/workbench/api/node/extensionHostProcess.js:170:19574)
	at i.n (/root/.vscode-server/bin/863d2581ecda6849923a2118d93a088b0745d9d6/out/vs/workbench/api/node/extensionHostProcess.js:170:18073)
	at /root/.vscode-server/bin/863d2581ecda6849923a2118d93a088b0745d9d6/out/vs/workbench/api/node/extensionHostProcess.js:170:15293
	at Socket.y (/root/.vscode-server/bin/863d2581ecda6849923a2118d93a088b0745d9d6/out/vs/workbench/api/node/extensionHostProcess.js:170:13198)
	at Socket.emit (node:events:514:28)
	at addChunk (node:internal/streams/readable:324:12)
	at readableAddChunk (node:internal/streams/readable:297:9)
	at Readable.push (node:internal/streams/readable:234:10)
	at TCP.onStreamRead (node:internal/stream_base_commons:190:23) setContext undefined
2024-03-19 15:46:05.432 [error] Canceled: Canceled
	at new $ (/root/.vscode-server/bin/863d2581ecda6849923a2118d93a088b0745d9d6/out/vs/workbench/api/node/extensionHostProcess.js:140:45885)
	at s.U (/root/.vscode-server/bin/863d2581ecda6849923a2118d93a088b0745d9d6/out/vs/workbench/api/node/extensionHostProcess.js:147:5556)
	at z.<computed>.T.charCodeAt.z.<computed> (/root/.vscode-server/bin/863d2581ecda6849923a2118d93a088b0745d9d6/out/vs/workbench/api/node/extensionHostProcess.js:147:3007)
	at u.g (/root/.vscode-server/bin/863d2581ecda6849923a2118d93a088b0745d9d6/out/vs/workbench/api/node/extensionHostProcess.js:150:184300)
	at u.executeCommand (/root/.vscode-server/bin/863d2581ecda6849923a2118d93a088b0745d9d6/out/vs/workbench/api/node/extensionHostProcess.js:150:183738)
	at f.registerCommand.description (/root/.vscode-server/bin/863d2581ecda6849923a2118d93a088b0745d9d6/out/vs/workbench/api/node/extensionHostProcess.js:150:183062)
	at u.h (/root/.vscode-server/bin/863d2581ecda6849923a2118d93a088b0745d9d6/out/vs/workbench/api/node/extensionHostProcess.js:150:184839)
	at u.g (/root/.vscode-server/bin/863d2581ecda6849923a2118d93a088b0745d9d6/out/vs/workbench/api/node/extensionHostProcess.js:150:183831)
	at u.executeCommand (/root/.vscode-server/bin/863d2581ecda6849923a2118d93a088b0745d9d6/out/vs/workbench/api/node/extensionHostProcess.js:150:183738)
	at Object.executeCommand (/root/.vscode-server/bin/863d2581ecda6849923a2118d93a088b0745d9d6/out/vs/workbench/api/node/extensionHostProcess.js:160:21654)
	at set hasGitHubRepositories [as hasGitHubRepositories] (/root/.vscode-server/bin/863d2581ecda6849923a2118d93a088b0745d9d6/extensions/github/dist/extension.js:2:325214)
	at /root/.vscode-server/bin/863d2581ecda6849923a2118d93a088b0745d9d6/extensions/github/dist/extension.js:2:326173
	at p.value (/root/.vscode-server/bin/863d2581ecda6849923a2118d93a088b0745d9d6/extensions/git/dist/main.js:2:1050811)
	at n.y (/root/.vscode-server/bin/863d2581ecda6849923a2118d93a088b0745d9d6/out/vs/workbench/api/node/extensionHostProcess.js:80:1902)
	at n.z (/root/.vscode-server/bin/863d2581ecda6849923a2118d93a088b0745d9d6/out/vs/workbench/api/node/extensionHostProcess.js:80:1972)
	at n.fire (/root/.vscode-server/bin/863d2581ecda6849923a2118d93a088b0745d9d6/out/vs/workbench/api/node/extensionHostProcess.js:80:2188)
	at Object.m [as dispose] (/root/.vscode-server/bin/863d2581ecda6849923a2118d93a088b0745d9d6/extensions/git/dist/main.js:2:962791)
	at /root/.vscode-server/bin/863d2581ecda6849923a2118d93a088b0745d9d6/extensions/git/dist/main.js:2:968825
	at Array.forEach (<anonymous>)
	at f.dispose (/root/.vscode-server/bin/863d2581ecda6849923a2118d93a088b0745d9d6/extensions/git/dist/main.js:2:968811)
	at l.<anonymous> (/root/.vscode-server/bin/863d2581ecda6849923a2118d93a088b0745d9d6/out/vs/workbench/api/node/extensionHostProcess.js:148:3704)
	at l.dispose (/root/.vscode-server/bin/863d2581ecda6849923a2118d93a088b0745d9d6/out/vs/workbench/api/node/extensionHostProcess.js:148:3801)
	at l.<anonymous> (/root/.vscode-server/bin/863d2581ecda6849923a2118d93a088b0745d9d6/extensions/git/dist/main.js:2:945736)
	at l.dispose (/root/.vscode-server/bin/863d2581ecda6849923a2118d93a088b0745d9d6/out/vs/workbench/api/node/extensionHostProcess.js:148:3801)
	at o (/root/.vscode-server/bin/863d2581ecda6849923a2118d93a088b0745d9d6/out/vs/workbench/api/node/extensionHostProcess.js:30:754)
	at p.cb (/root/.vscode-server/bin/863d2581ecda6849923a2118d93a088b0745d9d6/out/vs/workbench/api/node/extensionHostProcess.js:156:9882)
	at /root/.vscode-server/bin/863d2581ecda6849923a2118d93a088b0745d9d6/out/vs/workbench/api/node/extensionHostProcess.js:156:7816
	at Array.map (<anonymous>)
	at p.Y (/root/.vscode-server/bin/863d2581ecda6849923a2118d93a088b0745d9d6/out/vs/workbench/api/node/extensionHostProcess.js:156:7803)
	at p.terminate (/root/.vscode-server/bin/863d2581ecda6849923a2118d93a088b0745d9d6/out/vs/workbench/api/node/extensionHostProcess.js:156:8076)
	at o.terminate (/root/.vscode-server/bin/863d2581ecda6849923a2118d93a088b0745d9d6/out/vs/workbench/api/node/extensionHostProcess.js:160:1513)
	at t (/root/.vscode-server/bin/863d2581ecda6849923a2118d93a088b0745d9d6/out/vs/workbench/api/node/extensionHostProcess.js:173:9949)
	at p.value (/root/.vscode-server/bin/863d2581ecda6849923a2118d93a088b0745d9d6/out/vs/workbench/api/node/extensionHostProcess.js:173:7996)
	at n.y (/root/.vscode-server/bin/863d2581ecda6849923a2118d93a088b0745d9d6/out/vs/workbench/api/node/extensionHostProcess.js:80:1902)
	at n.fire (/root/.vscode-server/bin/863d2581ecda6849923a2118d93a088b0745d9d6/out/vs/workbench/api/node/extensionHostProcess.js:80:2119)
	at r.fire (/root/.vscode-server/bin/863d2581ecda6849923a2118d93a088b0745d9d6/out/vs/workbench/api/node/extensionHostProcess.js:105:14091)
	at u.z (/root/.vscode-server/bin/863d2581ecda6849923a2118d93a088b0745d9d6/out/vs/workbench/api/node/extensionHostProcess.js:105:17156)
	at p.value (/root/.vscode-server/bin/863d2581ecda6849923a2118d93a088b0745d9d6/out/vs/workbench/api/node/extensionHostProcess.js:105:16561)
	at n.y (/root/.vscode-server/bin/863d2581ecda6849923a2118d93a088b0745d9d6/out/vs/workbench/api/node/extensionHostProcess.js:80:1902)
	at n.fire (/root/.vscode-server/bin/863d2581ecda6849923a2118d93a088b0745d9d6/out/vs/workbench/api/node/extensionHostProcess.js:80:2119)
	at p.acceptChunk (/root/.vscode-server/bin/863d2581ecda6849923a2118d93a088b0745d9d6/out/vs/workbench/api/node/extensionHostProcess.js:105:11865)
	at p.value (/root/.vscode-server/bin/863d2581ecda6849923a2118d93a088b0745d9d6/out/vs/workbench/api/node/extensionHostProcess.js:105:11152)
	at n.y (/root/.vscode-server/bin/863d2581ecda6849923a2118d93a088b0745d9d6/out/vs/workbench/api/node/extensionHostProcess.js:80:1902)
	at n.fire (/root/.vscode-server/bin/863d2581ecda6849923a2118d93a088b0745d9d6/out/vs/workbench/api/node/extensionHostProcess.js:80:2119)
	at n.z (/root/.vscode-server/bin/863d2581ecda6849923a2118d93a088b0745d9d6/out/vs/workbench/api/node/extensionHostProcess.js:170:19768)
	at n.acceptFrame (/root/.vscode-server/bin/863d2581ecda6849923a2118d93a088b0745d9d6/out/vs/workbench/api/node/extensionHostProcess.js:170:19574)
	at i.n (/root/.vscode-server/bin/863d2581ecda6849923a2118d93a088b0745d9d6/out/vs/workbench/api/node/extensionHostProcess.js:170:18073)
	at /root/.vscode-server/bin/863d2581ecda6849923a2118d93a088b0745d9d6/out/vs/workbench/api/node/extensionHostProcess.js:170:15293
	at Socket.y (/root/.vscode-server/bin/863d2581ecda6849923a2118d93a088b0745d9d6/out/vs/workbench/api/node/extensionHostProcess.js:170:13198)
	at Socket.emit (node:events:514:28)
	at addChunk (node:internal/streams/readable:324:12)
	at readableAddChunk (node:internal/streams/readable:297:9)
	at Readable.push (node:internal/streams/readable:234:10)
	at TCP.onStreamRead (node:internal/stream_base_commons:190:23) setContext undefined
2024-03-19 15:46:05.460 [info] Extension host with pid 16663 exiting with code 0
