2024-03-24 20:23:03.881 [info] Log level: Info
2024-03-24 20:23:03.881 [info] Validating found git in: "git"
2024-03-24 20:23:03.881 [info] Using git "2.43.2" from "git"
2024-03-24 20:23:03.881 [info] > git rev-parse --show-toplevel [2ms]
2024-03-24 20:23:03.881 [info] > git rev-parse --git-dir --git-common-dir [3ms]
2024-03-24 20:23:03.881 [info] Open repository: /root
2024-03-24 20:23:03.881 [info] > git config --get commit.template [2ms]
2024-03-24 20:23:03.881 [info] > git for-each-ref --format=%(refname)%00%(upstream:short)%00%(objectname)%00%(upstream:track)%00%(upstream:remotename)%00%(upstream:remoteref) refs/heads/master refs/remotes/master [4ms]
2024-03-24 20:23:03.925 [info] > git status -z -uall [167ms]
2024-03-24 20:23:03.941 [info] > git config --get commit.template [1ms]
2024-03-24 20:23:03.947 [info] > git for-each-ref --format=%(refname)%00%(upstream:short)%00%(objectname)%00%(upstream:track)%00%(upstream:remotename)%00%(upstream:remoteref) refs/heads/master refs/remotes/master [1ms]
2024-03-24 20:23:04.140 [info] > git status -z -uall [189ms]
2024-03-24 20:23:07.236 [info] > git config --get commit.template [23ms]
2024-03-24 20:23:07.237 [info] > git for-each-ref --format=%(refname)%00%(upstream:short)%00%(objectname)%00%(upstream:track)%00%(upstream:remotename)%00%(upstream:remoteref) refs/heads/master refs/remotes/master [6ms]
2024-03-24 20:23:07.366 [info] > git status -z -uall [119ms]
2024-03-24 20:23:13.217 [info] > git config --get commit.template [6ms]
2024-03-24 20:23:13.226 [info] > git for-each-ref --format=%(refname)%00%(upstream:short)%00%(objectname)%00%(upstream:track)%00%(upstream:remotename)%00%(upstream:remoteref) refs/heads/master refs/remotes/master [2ms]
2024-03-24 20:23:13.343 [info] > git status -z -uall [111ms]
2024-03-24 20:23:18.367 [info] > git config --get commit.template [7ms]
2024-03-24 20:23:18.368 [info] > git for-each-ref --format=%(refname)%00%(upstream:short)%00%(objectname)%00%(upstream:track)%00%(upstream:remotename)%00%(upstream:remoteref) refs/heads/master refs/remotes/master [2ms]
2024-03-24 20:23:18.534 [info] > git status -z -uall [161ms]
2024-03-24 20:23:23.582 [info] > git config --get commit.template [20ms]
2024-03-24 20:23:23.585 [info] > git for-each-ref --format=%(refname)%00%(upstream:short)%00%(objectname)%00%(upstream:track)%00%(upstream:remotename)%00%(upstream:remoteref) refs/heads/master refs/remotes/master [6ms]
2024-03-24 20:23:23.731 [info] > git status -z -uall [130ms]
2024-03-24 20:23:28.766 [info] > git config --get commit.template [15ms]
2024-03-24 20:23:28.768 [info] > git for-each-ref --format=%(refname)%00%(upstream:short)%00%(objectname)%00%(upstream:track)%00%(upstream:remotename)%00%(upstream:remoteref) refs/heads/master refs/remotes/master [4ms]
2024-03-24 20:23:28.925 [info] > git status -z -uall [145ms]
2024-03-24 20:23:33.952 [info] > git config --get commit.template [5ms]
2024-03-24 20:23:33.964 [info] > git for-each-ref --format=%(refname)%00%(upstream:short)%00%(objectname)%00%(upstream:track)%00%(upstream:remotename)%00%(upstream:remoteref) refs/heads/master refs/remotes/master [2ms]
2024-03-24 20:23:34.092 [info] > git status -z -uall [120ms]
2024-03-24 20:23:39.124 [info] > git config --get commit.template [5ms]
2024-03-24 20:23:39.143 [info] > git for-each-ref --format=%(refname)%00%(upstream:short)%00%(objectname)%00%(upstream:track)%00%(upstream:remotename)%00%(upstream:remoteref) refs/heads/master refs/remotes/master [3ms]
2024-03-24 20:23:39.293 [info] > git status -z -uall [141ms]
2024-03-24 20:23:44.343 [info] > git config --get commit.template [20ms]
2024-03-24 20:23:44.346 [info] > git for-each-ref --format=%(refname)%00%(upstream:short)%00%(objectname)%00%(upstream:track)%00%(upstream:remotename)%00%(upstream:remoteref) refs/heads/master refs/remotes/master [7ms]
2024-03-24 20:23:44.485 [info] > git status -z -uall [125ms]
2024-03-24 20:23:49.516 [info] > git config --get commit.template [4ms]
2024-03-24 20:23:49.536 [info] > git for-each-ref --format=%(refname)%00%(upstream:short)%00%(objectname)%00%(upstream:track)%00%(upstream:remotename)%00%(upstream:remoteref) refs/heads/master refs/remotes/master [5ms]
2024-03-24 20:23:49.689 [info] > git status -z -uall [139ms]
2024-03-24 20:23:54.737 [info] > git config --get commit.template [21ms]
2024-03-24 20:23:54.738 [info] > git for-each-ref --format=%(refname)%00%(upstream:short)%00%(objectname)%00%(upstream:track)%00%(upstream:remotename)%00%(upstream:remoteref) refs/heads/master refs/remotes/master [6ms]
2024-03-24 20:23:54.887 [info] > git status -z -uall [138ms]
2024-03-24 20:23:59.919 [info] > git config --get commit.template [5ms]
2024-03-24 20:23:59.930 [info] > git for-each-ref --format=%(refname)%00%(upstream:short)%00%(objectname)%00%(upstream:track)%00%(upstream:remotename)%00%(upstream:remoteref) refs/heads/master refs/remotes/master [2ms]
2024-03-24 20:24:00.058 [info] > git status -z -uall [120ms]
2024-03-24 20:24:05.097 [info] > git config --get commit.template [12ms]
2024-03-24 20:24:05.097 [info] > git for-each-ref --format=%(refname)%00%(upstream:short)%00%(objectname)%00%(upstream:track)%00%(upstream:remotename)%00%(upstream:remoteref) refs/heads/master refs/remotes/master [2ms]
2024-03-24 20:24:05.233 [info] > git status -z -uall [128ms]
2024-03-24 20:24:10.250 [info] > git config --get commit.template [2ms]
2024-03-24 20:24:10.262 [info] > git for-each-ref --format=%(refname)%00%(upstream:short)%00%(objectname)%00%(upstream:track)%00%(upstream:remotename)%00%(upstream:remoteref) refs/heads/master refs/remotes/master [2ms]
2024-03-24 20:24:10.396 [info] > git status -z -uall [125ms]
2024-03-24 20:24:15.419 [info] > git config --get commit.template [4ms]
2024-03-24 20:24:15.434 [info] > git for-each-ref --format=%(refname)%00%(upstream:short)%00%(objectname)%00%(upstream:track)%00%(upstream:remotename)%00%(upstream:remoteref) refs/heads/master refs/remotes/master [1ms]
2024-03-24 20:24:15.559 [info] > git status -z -uall [116ms]
2024-03-24 20:24:20.606 [info] > git config --get commit.template [21ms]
2024-03-24 20:24:20.607 [info] > git for-each-ref --format=%(refname)%00%(upstream:short)%00%(objectname)%00%(upstream:track)%00%(upstream:remotename)%00%(upstream:remoteref) refs/heads/master refs/remotes/master [5ms]
2024-03-24 20:24:20.754 [info] > git status -z -uall [129ms]
