2024-03-04 14:30:58.029 [info] Extension host with pid 1950 started
2024-03-04 14:30:58.059 [info] ExtensionService#_doActivateExtension vscode.git-base, startup: true, activationEvent: '*'
2024-03-04 14:30:58.071 [info] Lock '/root/.vscode-server/data/User/workspaceStorage/94852adcf816132a0bec261a452ebc31/vscode.lock': Lock acquired.
2024-03-04 14:30:58.126 [info] ExtensionService#_doActivateExtension vscode.github, startup: true, activationEvent: '*'
2024-03-04 14:30:58.188 [info] Eager extensions activated
2024-03-04 14:30:58.188 [info] ExtensionService#_doActivateExtension vscode.debug-auto-launch, startup: false, activationEvent: 'onStartupFinished'
2024-03-04 14:30:58.189 [info] ExtensionService#_doActivateExtension vscode.merge-conflict, startup: false, activationEvent: 'onStartupFinished'
2024-03-04 14:31:29.846 [info] ExtensionService#_doActivateExtension vscode.git, startup: false, activationEvent: 'api', root cause: vscode.github
2024-03-04 14:31:36.825 [info] ExtensionService#_doActivateExtension vscode.html-language-features, startup: false, activationEvent: 'onLanguage:html'
2024-03-04 14:31:36.825 [info] ExtensionService#_doActivateExtension vscode.emmet, startup: false, activationEvent: 'onLanguage'
2024-03-04 14:45:37.298 [info] ExtensionService#_doActivateExtension vscode.css-language-features, startup: false, activationEvent: 'onLanguage:css'
2024-03-04 14:54:41.685 [info] ExtensionService#_doActivateExtension vscode.debug-server-ready, startup: false, activationEvent: 'onDebugResolve'
2024-03-04 14:54:41.687 [info] ExtensionService#_doActivateExtension ms-vscode.js-debug, startup: false, activationEvent: 'onDebugResolve:pwa-chrome'
2024-03-04 14:54:42.005 [info] ExtensionService#_doActivateExtension vscode.tunnel-forwarding, startup: false, activationEvent: 'onTunnel'
2024-03-04 15:12:48.938 [info] ExtensionService#_doActivateExtension ritwickdey.LiveServer, startup: false, activationEvent: 'onStartupFinished'
2024-03-04 15:39:34.049 [info] ExtensionService#_doActivateExtension vscode.json-language-features, startup: false, activationEvent: 'onLanguage:jsonc'
2024-03-04 15:39:34.050 [info] ExtensionService#_doActivateExtension vscode.typescript-language-features, startup: false, activationEvent: 'onLanguage:jsonc'
2024-03-04 16:04:33.786 [info] Extension host terminating: received terminate message from renderer
2024-03-04 16:04:33.787 [info] Lock '/root/.vscode-server/data/User/workspaceStorage/94852adcf816132a0bec261a452ebc31/vscode.lock': Marking the lockfile as scheduled to be released in 6000 ms.
2024-03-04 16:04:33.922 [info] Extension host with pid 1950 exiting with code 0
