2024-03-20 22:32:58.774 [info] Extension host with pid 1580 started
2024-03-20 22:32:58.802 [info] Lock '/root/.vscode-server/data/User/workspaceStorage/f803b224478bdb15a706362856984d88/vscode.lock': Lock acquired.
2024-03-20 22:32:58.855 [info] ExtensionService#_doActivateExtension vscode.html-language-features, startup: false, activationEvent: 'onLanguage:html'
2024-03-20 22:32:58.857 [info] ExtensionService#_doActivateExtension vscode.emmet, startup: false, activationEvent: 'onLanguage'
2024-03-20 22:32:59.801 [info] ExtensionService#_doActivateExtension vscode.git-base, startup: true, activationEvent: '*', root cause: vscode.git
2024-03-20 22:32:59.826 [info] ExtensionService#_doActivateExtension vscode.git, startup: true, activationEvent: '*'
2024-03-20 22:32:59.826 [info] ExtensionService#_doActivateExtension vscode.github, startup: true, activationEvent: '*'
2024-03-20 22:33:00.022 [info] Eager extensions activated
2024-03-20 22:33:00.023 [info] ExtensionService#_doActivateExtension vscode.debug-auto-launch, startup: false, activationEvent: 'onStartupFinished'
2024-03-20 22:33:00.024 [info] ExtensionService#_doActivateExtension vscode.merge-conflict, startup: false, activationEvent: 'onStartupFinished'
2024-03-20 22:33:00.024 [info] ExtensionService#_doActivateExtension ritwickdey.LiveServer, startup: false, activationEvent: 'onStartupFinished'
2024-03-20 22:33:20.524 [info] ExtensionService#_doActivateExtension vscode.typescript-language-features, startup: false, activationEvent: 'onLanguage:javascript'
2024-03-20 22:33:22.993 [info] ExtensionService#_doActivateExtension vscode.extension-editing, startup: false, activationEvent: 'onLanguage:json'
2024-03-20 22:33:22.994 [info] ExtensionService#_doActivateExtension vscode.json-language-features, startup: false, activationEvent: 'onLanguage:json'
2024-03-20 22:33:22.995 [info] ExtensionService#_doActivateExtension vscode.npm, startup: false, activationEvent: 'onLanguage:json'
2024-03-20 22:34:03.134 [info] ExtensionService#_doActivateExtension vscode.markdown-language-features, startup: false, activationEvent: 'onLanguage:markdown'
2024-03-20 22:34:03.927 [info] ExtensionService#_doActivateExtension vscode.markdown-math, startup: false, activationEvent: 'api', root cause: vscode.markdown-language-features
2024-03-21 13:05:23.460 [info] ExtensionService#_doActivateExtension ms-vscode.js-debug, startup: false, activationEvent: 'onTerminalProfile:extension.js-debug.debugTerminal'
2024-03-21 13:08:26.097 [info] ExtensionService#_doActivateExtension vscode.tunnel-forwarding, startup: false, activationEvent: 'onTunnel'
2024-03-21 16:03:15.772 [info] Extension host terminating: received terminate message from renderer
2024-03-21 16:03:15.773 [info] Lock '/root/.vscode-server/data/User/workspaceStorage/f803b224478bdb15a706362856984d88/vscode.lock': Marking the lockfile as scheduled to be released in 6000 ms.
2024-03-21 16:03:16.060 [info] Extension host with pid 1580 exiting with code 0
