2024-03-24 18:08:49.103 [info] Extension host with pid 14253 started
2024-03-24 18:08:49.192 [info] ExtensionService#_doActivateExtension vscode.extension-editing, startup: false, activationEvent: 'onLanguage:markdown'
2024-03-24 18:08:49.193 [info] ExtensionService#_doActivateExtension vscode.markdown-language-features, startup: false, activationEvent: 'onLanguage:markdown'
2024-03-24 18:08:49.194 [info] ExtensionService#_doActivateExtension vscode.emmet, startup: false, activationEvent: 'onLanguage'
2024-03-24 18:08:49.773 [info] ExtensionService#_doActivateExtension vscode.git-base, startup: true, activationEvent: '*', root cause: vscode.git
2024-03-24 18:08:49.798 [info] ExtensionService#_doActivateExtension vscode.git, startup: true, activationEvent: '*'
2024-03-24 18:08:49.798 [info] ExtensionService#_doActivateExtension vscode.github, startup: true, activationEvent: '*'
2024-03-24 18:08:50.064 [info] ExtensionService#_doActivateExtension vscode.markdown-math, startup: false, activationEvent: 'api', root cause: vscode.markdown-language-features
2024-03-24 18:08:50.185 [info] Eager extensions activated
2024-03-24 18:08:50.185 [info] ExtensionService#_doActivateExtension vscode.debug-auto-launch, startup: false, activationEvent: 'onStartupFinished'
2024-03-24 18:08:50.186 [info] ExtensionService#_doActivateExtension vscode.merge-conflict, startup: false, activationEvent: 'onStartupFinished'
2024-03-24 18:08:50.186 [info] ExtensionService#_doActivateExtension ritwickdey.LiveServer, startup: false, activationEvent: 'onStartupFinished'
2024-03-24 18:08:51.341 [warning] [Decorations] CAPPING events from decorations provider vscode.git 5700
2024-03-24 18:08:52.964 [warning] [Decorations] CAPPING events from decorations provider vscode.git 5700
2024-03-24 18:08:55.474 [warning] [Decorations] CAPPING events from decorations provider vscode.git 5700
2024-03-24 18:10:24.142 [warning] [Decorations] CAPPING events from decorations provider vscode.git 5708
2024-03-24 18:24:17.731 [warning] [Decorations] CAPPING events from decorations provider vscode.git 5708
2024-03-24 18:24:23.516 [warning] [Decorations] CAPPING events from decorations provider vscode.git 5709
2024-03-24 18:24:29.290 [warning] [Decorations] CAPPING events from decorations provider vscode.git 5709
2024-03-24 18:24:35.031 [warning] [Decorations] CAPPING events from decorations provider vscode.git 5709
