2024-03-24 20:21:49.275 [info] Log level: Info
2024-03-24 20:21:49.275 [info] Validating found git in: "git"
2024-03-24 20:21:49.275 [info] Using git "2.43.2" from "git"
2024-03-24 20:21:49.275 [info] > git rev-parse --show-toplevel [4ms]
2024-03-24 20:21:49.275 [info] > git rev-parse --git-dir --git-common-dir [12ms]
2024-03-24 20:21:49.275 [info] Open repository: /root
2024-03-24 20:21:49.277 [info] > git config --get commit.template [3ms]
2024-03-24 20:21:49.288 [info] > git for-each-ref --format=%(refname)%00%(upstream:short)%00%(objectname)%00%(upstream:track)%00%(upstream:remotename)%00%(upstream:remoteref) refs/heads/master refs/remotes/master [5ms]
2024-03-24 20:21:49.455 [info] > git status -z -uall [156ms]
2024-03-24 20:21:49.476 [info] > git config --get commit.template [6ms]
2024-03-24 20:21:49.477 [info] > git for-each-ref --format=%(refname)%00%(upstream:short)%00%(objectname)%00%(upstream:track)%00%(upstream:remotename)%00%(upstream:remoteref) refs/heads/master refs/remotes/master [3ms]
2024-03-24 20:21:49.676 [info] > git status -z -uall [192ms]
2024-03-24 20:21:53.954 [info] > git config --get commit.template [19ms]
2024-03-24 20:21:53.956 [info] > git for-each-ref --format=%(refname)%00%(upstream:short)%00%(objectname)%00%(upstream:track)%00%(upstream:remotename)%00%(upstream:remoteref) refs/heads/master refs/remotes/master [5ms]
2024-03-24 20:21:54.130 [info] > git status -z -uall [164ms]
2024-03-24 20:21:59.176 [info] > git config --get commit.template [18ms]
2024-03-24 20:21:59.177 [info] > git for-each-ref --format=%(refname)%00%(upstream:short)%00%(objectname)%00%(upstream:track)%00%(upstream:remotename)%00%(upstream:remoteref) refs/heads/master refs/remotes/master [4ms]
2024-03-24 20:21:59.322 [info] > git status -z -uall [135ms]
2024-03-24 20:22:04.353 [info] > git config --get commit.template [4ms]
2024-03-24 20:22:04.375 [info] > git for-each-ref --format=%(refname)%00%(upstream:short)%00%(objectname)%00%(upstream:track)%00%(upstream:remotename)%00%(upstream:remoteref) refs/heads/master refs/remotes/master [4ms]
2024-03-24 20:22:04.518 [info] > git status -z -uall [131ms]
2024-03-24 20:22:09.551 [info] > git config --get commit.template [6ms]
2024-03-24 20:22:09.567 [info] > git for-each-ref --format=%(refname)%00%(upstream:short)%00%(objectname)%00%(upstream:track)%00%(upstream:remotename)%00%(upstream:remoteref) refs/heads/master refs/remotes/master [3ms]
2024-03-24 20:22:09.740 [info] > git status -z -uall [162ms]
2024-03-24 20:22:14.763 [info] > git config --get commit.template [2ms]
2024-03-24 20:22:14.776 [info] > git for-each-ref --format=%(refname)%00%(upstream:short)%00%(objectname)%00%(upstream:track)%00%(upstream:remotename)%00%(upstream:remoteref) refs/heads/master refs/remotes/master [3ms]
2024-03-24 20:22:14.964 [info] > git status -z -uall [178ms]
2024-03-24 20:22:19.993 [info] > git config --get commit.template [11ms]
2024-03-24 20:22:19.994 [info] > git for-each-ref --format=%(refname)%00%(upstream:short)%00%(objectname)%00%(upstream:track)%00%(upstream:remotename)%00%(upstream:remoteref) refs/heads/master refs/remotes/master [4ms]
2024-03-24 20:22:20.132 [info] > git status -z -uall [129ms]
