2024-03-24 20:25:38.136 [info] Log level: Info
2024-03-24 20:25:38.136 [info] Validating found git in: "git"
2024-03-24 20:25:38.136 [info] Using git "2.43.2" from "git"
2024-03-24 20:25:38.136 [info] > git rev-parse --show-toplevel [6ms]
2024-03-24 20:25:38.136 [info] > git rev-parse --git-dir --git-common-dir [11ms]
2024-03-24 20:25:38.136 [info] Open repository: /root
2024-03-24 20:25:38.136 [info] > git config --get commit.template [3ms]
2024-03-24 20:25:38.153 [info] > git for-each-ref --format=%(refname)%00%(upstream:short)%00%(objectname)%00%(upstream:track)%00%(upstream:remotename)%00%(upstream:remoteref) refs/heads/master refs/remotes/master [5ms]
2024-03-24 20:25:38.388 [info] > git status -z -uall [222ms]
2024-03-24 20:25:38.414 [info] > git config --get commit.template [2ms]
2024-03-24 20:25:38.423 [info] > git for-each-ref --format=%(refname)%00%(upstream:short)%00%(objectname)%00%(upstream:track)%00%(upstream:remotename)%00%(upstream:remoteref) refs/heads/master refs/remotes/master [2ms]
2024-03-24 20:25:38.583 [info] > git status -z -uall [149ms]
2024-03-24 20:25:41.495 [info] > git config --get commit.template [3ms]
2024-03-24 20:25:41.505 [info] > git for-each-ref --format=%(refname)%00%(upstream:short)%00%(objectname)%00%(upstream:track)%00%(upstream:remotename)%00%(upstream:remoteref) refs/heads/master refs/remotes/master [2ms]
2024-03-24 20:25:41.627 [info] > git status -z -uall [115ms]
2024-03-24 20:25:46.656 [info] > git config --get commit.template [5ms]
2024-03-24 20:25:46.677 [info] > git for-each-ref --format=%(refname)%00%(upstream:short)%00%(objectname)%00%(upstream:track)%00%(upstream:remotename)%00%(upstream:remoteref) refs/heads/master refs/remotes/master [4ms]
2024-03-24 20:25:46.819 [info] > git status -z -uall [127ms]
2024-03-24 20:25:51.843 [info] > git config --get commit.template [2ms]
2024-03-24 20:25:51.854 [info] > git for-each-ref --format=%(refname)%00%(upstream:short)%00%(objectname)%00%(upstream:track)%00%(upstream:remotename)%00%(upstream:remoteref) refs/heads/master refs/remotes/master [2ms]
2024-03-24 20:25:51.997 [info] > git status -z -uall [135ms]
2024-03-24 20:25:57.027 [info] > git config --get commit.template [13ms]
2024-03-24 20:25:57.028 [info] > git for-each-ref --format=%(refname)%00%(upstream:short)%00%(objectname)%00%(upstream:track)%00%(upstream:remotename)%00%(upstream:remoteref) refs/heads/master refs/remotes/master [3ms]
2024-03-24 20:25:57.172 [info] > git status -z -uall [134ms]
2024-03-24 20:26:02.217 [info] > git config --get commit.template [18ms]
2024-03-24 20:26:02.225 [info] > git for-each-ref --format=%(refname)%00%(upstream:short)%00%(objectname)%00%(upstream:track)%00%(upstream:remotename)%00%(upstream:remoteref) refs/heads/master refs/remotes/master [12ms]
2024-03-24 20:26:02.364 [info] > git status -z -uall [125ms]
2024-03-24 20:26:07.407 [info] > git config --get commit.template [18ms]
2024-03-24 20:26:07.410 [info] > git for-each-ref --format=%(refname)%00%(upstream:short)%00%(objectname)%00%(upstream:track)%00%(upstream:remotename)%00%(upstream:remoteref) refs/heads/master refs/remotes/master [7ms]
2024-03-24 20:26:07.578 [info] > git status -z -uall [145ms]
2024-03-24 20:26:12.599 [info] > git config --get commit.template [2ms]
2024-03-24 20:26:12.611 [info] > git for-each-ref --format=%(refname)%00%(upstream:short)%00%(objectname)%00%(upstream:track)%00%(upstream:remotename)%00%(upstream:remoteref) refs/heads/master refs/remotes/master [3ms]
2024-03-24 20:26:12.739 [info] > git status -z -uall [122ms]
2024-03-24 20:26:17.788 [info] > git config --get commit.template [19ms]
2024-03-24 20:26:17.790 [info] > git for-each-ref --format=%(refname)%00%(upstream:short)%00%(objectname)%00%(upstream:track)%00%(upstream:remotename)%00%(upstream:remoteref) refs/heads/master refs/remotes/master [7ms]
2024-03-24 20:26:17.943 [info] > git status -z -uall [137ms]
2024-03-24 20:26:22.954 [info] > git config --get commit.template [1ms]
2024-03-24 20:26:22.962 [info] > git for-each-ref --format=%(refname)%00%(upstream:short)%00%(objectname)%00%(upstream:track)%00%(upstream:remotename)%00%(upstream:remoteref) refs/heads/master refs/remotes/master [3ms]
2024-03-24 20:26:23.083 [info] > git status -z -uall [116ms]
